<?xml version="1.0" encoding="UTF-8" ?>
<testsuites name="vitest tests" tests="427" failures="12" errors="0" time="7.36939525">
    <testsuite name="packages/shared/src/__tests__/types.test.ts" timestamp="2025-07-11T03:56:50.133Z" hostname="MacBookPro.attlocal.net" tests="24" failures="0" errors="0" skipped="0" time="0.023580167">
        <testcase classname="packages/shared/src/__tests__/types.test.ts" name="User Types &gt; UserSchema &gt; should validate a valid user object" time="0.001808875">
        </testcase>
        <testcase classname="packages/shared/src/__tests__/types.test.ts" name="User Types &gt; UserSchema &gt; should reject invalid user objects" time="0.000960917">
        </testcase>
        <testcase classname="packages/shared/src/__tests__/types.test.ts" name="User Types &gt; UserSchema &gt; should handle date parsing" time="0.000205541">
        </testcase>
        <testcase classname="packages/shared/src/__tests__/types.test.ts" name="User Types &gt; UserCredentialsSchema &gt; should validate valid login requests" time="0.000279958">
        </testcase>
        <testcase classname="packages/shared/src/__tests__/types.test.ts" name="User Types &gt; UserCredentialsSchema &gt; should reject invalid login requests" time="0.000352833">
        </testcase>
        <testcase classname="packages/shared/src/__tests__/types.test.ts" name="User Types &gt; UserRegistrationSchema &gt; should validate valid registration requests" time="0.000238541">
        </testcase>
        <testcase classname="packages/shared/src/__tests__/types.test.ts" name="User Types &gt; UserRegistrationSchema &gt; should reject invalid user registration" time="0.000203666">
        </testcase>
        <testcase classname="packages/shared/src/__tests__/types.test.ts" name="User Types &gt; UserRegistrationSchema &gt; should validate name length constraints" time="0.000176458">
        </testcase>
        <testcase classname="packages/shared/src/__tests__/types.test.ts" name="Recipe Types &gt; RecipeSchema &gt; should validate a valid recipe object" time="0.000720709">
        </testcase>
        <testcase classname="packages/shared/src/__tests__/types.test.ts" name="Recipe Types &gt; RecipeSchema &gt; should reject invalid recipe objects" time="0.000832375">
        </testcase>
        <testcase classname="packages/shared/src/__tests__/types.test.ts" name="Recipe Types &gt; RecipeSchema &gt; should handle optional fields" time="0.000175917">
        </testcase>
        <testcase classname="packages/shared/src/__tests__/types.test.ts" name="Recipe Types &gt; RecipeCreateSchema &gt; should validate valid create recipe requests" time="0.00068525">
        </testcase>
        <testcase classname="packages/shared/src/__tests__/types.test.ts" name="Recipe Types &gt; RecipeCreateSchema &gt; should reject invalid create recipe requests" time="0.00037">
        </testcase>
        <testcase classname="packages/shared/src/__tests__/types.test.ts" name="Recipe Types &gt; RecipeUpdateSchema &gt; should validate valid update recipe requests" time="0.007029375">
        </testcase>
        <testcase classname="packages/shared/src/__tests__/types.test.ts" name="Recipe Types &gt; RecipeUpdateSchema &gt; should allow partial updates" time="0.000771041">
        </testcase>
        <testcase classname="packages/shared/src/__tests__/types.test.ts" name="Recipe Types &gt; RecipeUpdateSchema &gt; should reject invalid update recipe requests" time="0.002106">
        </testcase>
        <testcase classname="packages/shared/src/__tests__/types.test.ts" name="API Types &gt; ApiResponseSchema &gt; should validate valid API responses" time="0.001223958">
        </testcase>
        <testcase classname="packages/shared/src/__tests__/types.test.ts" name="API Types &gt; ApiResponseSchema &gt; should reject invalid API responses" time="0.0001875">
        </testcase>
        <testcase classname="packages/shared/src/__tests__/types.test.ts" name="API Types &gt; ErrorResponseSchema &gt; should validate valid error responses" time="0.000357208">
        </testcase>
        <testcase classname="packages/shared/src/__tests__/types.test.ts" name="API Types &gt; ErrorResponseSchema &gt; should reject invalid error responses" time="0.000268958">
        </testcase>
        <testcase classname="packages/shared/src/__tests__/types.test.ts" name="Type Inference &gt; should infer correct types from schemas" time="0.000146916">
        </testcase>
        <testcase classname="packages/shared/src/__tests__/types.test.ts" name="Type Inference &gt; should handle complex nested types" time="0.000152084">
        </testcase>
        <testcase classname="packages/shared/src/__tests__/types.test.ts" name="Schema Composition &gt; should compose schemas correctly" time="0.000449375">
        </testcase>
        <testcase classname="packages/shared/src/__tests__/types.test.ts" name="Schema Composition &gt; should handle schema picking and omitting" time="0.000517334">
        </testcase>
    </testsuite>
    <testsuite name="packages/shared/src/__tests__/validation.test.ts" timestamp="2025-07-11T03:56:50.139Z" hostname="MacBookPro.attlocal.net" tests="25" failures="0" errors="0" skipped="0" time="0.014641084">
        <testcase classname="packages/shared/src/__tests__/validation.test.ts" name="Validation Functions &gt; validateEmail &gt; should return true for valid email addresses" time="0.001587458">
        </testcase>
        <testcase classname="packages/shared/src/__tests__/validation.test.ts" name="Validation Functions &gt; validateEmail &gt; should return false for invalid email addresses" time="0.00216825">
        </testcase>
        <testcase classname="packages/shared/src/__tests__/validation.test.ts" name="Validation Functions &gt; validateEmail &gt; should handle edge cases" time="0.000177833">
        </testcase>
        <testcase classname="packages/shared/src/__tests__/validation.test.ts" name="Validation Functions &gt; validatePassword &gt; should return valid result for strong passwords" time="0.000816709">
        </testcase>
        <testcase classname="packages/shared/src/__tests__/validation.test.ts" name="Validation Functions &gt; validatePassword &gt; should return invalid result for weak passwords" time="0.000714125">
        </testcase>
        <testcase classname="packages/shared/src/__tests__/validation.test.ts" name="Validation Functions &gt; validatePassword &gt; should handle edge cases" time="0.000312709">
        </testcase>
        <testcase classname="packages/shared/src/__tests__/validation.test.ts" name="Validation Functions &gt; validateRecipe &gt; should return valid result for complete recipe data" time="0.000315166">
        </testcase>
        <testcase classname="packages/shared/src/__tests__/validation.test.ts" name="Validation Functions &gt; validateRecipe &gt; should return invalid result for missing required fields" time="0.000301584">
        </testcase>
        <testcase classname="packages/shared/src/__tests__/validation.test.ts" name="Validation Functions &gt; validateRecipe &gt; should validate title constraints" time="0.0003175">
        </testcase>
        <testcase classname="packages/shared/src/__tests__/validation.test.ts" name="Validation Functions &gt; validateRecipe &gt; should validate ingredients format" time="0.0003215">
        </testcase>
        <testcase classname="packages/shared/src/__tests__/validation.test.ts" name="Validation Functions &gt; validateRecipe &gt; should validate cook_time constraints" time="0.000092625">
        </testcase>
        <testcase classname="packages/shared/src/__tests__/validation.test.ts" name="Validation Functions &gt; validateRecipe &gt; should validate servings constraints" time="0.00007475">
        </testcase>
        <testcase classname="packages/shared/src/__tests__/validation.test.ts" name="Validation Functions &gt; validateRecipe &gt; should validate difficulty values" time="0.00010075">
        </testcase>
        <testcase classname="packages/shared/src/__tests__/validation.test.ts" name="Validation Functions &gt; validateRecipe &gt; should validate tags format" time="0.000082584">
        </testcase>
        <testcase classname="packages/shared/src/__tests__/validation.test.ts" name="Validation Functions &gt; validateRecipe &gt; should handle optional fields" time="0.00005375">
        </testcase>
        <testcase classname="packages/shared/src/__tests__/validation.test.ts" name="Validation Functions &gt; validateUser &gt; should return valid result for complete user data" time="0.000203375">
        </testcase>
        <testcase classname="packages/shared/src/__tests__/validation.test.ts" name="Validation Functions &gt; validateUser &gt; should return invalid result for missing required fields" time="0.000141084">
        </testcase>
        <testcase classname="packages/shared/src/__tests__/validation.test.ts" name="Validation Functions &gt; validateUser &gt; should validate email format" time="0.000138333">
        </testcase>
        <testcase classname="packages/shared/src/__tests__/validation.test.ts" name="Validation Functions &gt; validateUser &gt; should validate name constraints" time="0.000094167">
        </testcase>
        <testcase classname="packages/shared/src/__tests__/validation.test.ts" name="Validation Functions &gt; validateUser &gt; should validate password strength" time="0.000088167">
        </testcase>
        <testcase classname="packages/shared/src/__tests__/validation.test.ts" name="ValidationError Class &gt; should create ValidationError with proper properties" time="0.000884959">
        </testcase>
        <testcase classname="packages/shared/src/__tests__/validation.test.ts" name="ValidationError Class &gt; should convert to API error format" time="0.00032675">
        </testcase>
        <testcase classname="packages/shared/src/__tests__/validation.test.ts" name="validate function &gt; should return parsed data when validation succeeds" time="0.000260417">
        </testcase>
        <testcase classname="packages/shared/src/__tests__/validation.test.ts" name="validate function &gt; should throw ValidationError when validation fails" time="0.000304041">
        </testcase>
        <testcase classname="packages/shared/src/__tests__/validation.test.ts" name="validate function &gt; should handle complex nested validation" time="0.000713083">
        </testcase>
    </testsuite>
    <testsuite name="packages/client/src/__tests__/components/LoginForm.test.tsx" timestamp="2025-07-11T03:56:50.142Z" hostname="MacBookPro.attlocal.net" tests="1" failures="1" errors="0" skipped="0" time="0">
        <testcase classname="packages/client/src/__tests__/components/LoginForm.test.tsx" name="packages/client/src/__tests__/components/LoginForm.test.tsx" time="0">
            <failure message="Failed to resolve import &quot;../../components/auth/LoginForm&quot; from &quot;packages/client/src/__tests__/components/LoginForm.test.tsx&quot;. Does the file exist?" type="Error">
Error: Failed to resolve import &quot;../../components/auth/LoginForm&quot; from &quot;packages/client/src/__tests__/components/LoginForm.test.tsx&quot;. Does the file exist?
  Plugin: vite:import-analysis
  File: /Users/benh/GitHub/Recipe-Manager-SPA/packages/client/src/__tests__/components/LoginForm.test.tsx:3:0
  16 |  const __vi_import_0__ = await import(&quot;react/jsx-dev-runtime&quot;);
  17 |  const __vi_import_1__ = await import(&quot;@testing-library/react&quot;);
  18 |  const __vi_import_2__ = await import(&quot;../../components/auth/LoginForm&quot;);
     |                                       ^
  19 |  const __vi_import_3__ = await import(&quot;../utils/test-utils&quot;);
  20 |  
 ❯ TransformPluginContext._formatLog node_modules/vite/dist/node/chunks/dep-DPTTEEJb.js:31432:43
 ❯ TransformPluginContext.error node_modules/vite/dist/node/chunks/dep-DPTTEEJb.js:31429:14
 ❯ normalizeUrl node_modules/vite/dist/node/chunks/dep-DPTTEEJb.js:29975:18
 ❯ node_modules/vite/dist/node/chunks/dep-DPTTEEJb.js:30033:32
 ❯ TransformPluginContext.transform node_modules/vite/dist/node/chunks/dep-DPTTEEJb.js:30001:4
 ❯ EnvironmentPluginContainer.transform node_modules/vite/dist/node/chunks/dep-DPTTEEJb.js:31246:14
 ❯ loadAndTransform node_modules/vite/dist/node/chunks/dep-DPTTEEJb.js:26416:26
            </failure>
        </testcase>
    </testsuite>
    <testsuite name="packages/client/src/__tests__/components/Navigation.test.tsx" timestamp="2025-07-11T03:56:50.143Z" hostname="MacBookPro.attlocal.net" tests="15" failures="0" errors="0" skipped="0" time="0.326212">
        <testcase classname="packages/client/src/__tests__/components/Navigation.test.tsx" name="Navigation Component &gt; Unauthenticated State &gt; should render navigation items even when user is not authenticated" time="0.044119083">
            <system-err>
⚠️ React Router Future Flag Warning: React Router will begin wrapping state updates in `React.startTransition` in v7. You can use the `v7_startTransition` future flag to opt-in early. For more information, see https://reactrouter.com/v6/upgrading/future#v7_starttransition.
⚠️ React Router Future Flag Warning: Relative route resolution within Splat routes is changing in v7. You can use the `v7_relativeSplatPath` future flag to opt-in early. For more information, see https://reactrouter.com/v6/upgrading/future#v7_relativesplatpath.

            </system-err>
        </testcase>
        <testcase classname="packages/client/src/__tests__/components/Navigation.test.tsx" name="Navigation Component &gt; Authenticated State &gt; should render navigation items when authenticated" time="0.004172875">
        </testcase>
        <testcase classname="packages/client/src/__tests__/components/Navigation.test.tsx" name="Navigation Component &gt; Authenticated State &gt; should render user menu button" time="0.021956583">
        </testcase>
        <testcase classname="packages/client/src/__tests__/components/Navigation.test.tsx" name="Navigation Component &gt; Authenticated State &gt; should render navigation links with correct hrefs" time="0.010848667">
        </testcase>
        <testcase classname="packages/client/src/__tests__/components/Navigation.test.tsx" name="Navigation Component &gt; Authenticated State &gt; should highlight active navigation item" time="0.013703292">
        </testcase>
        <testcase classname="packages/client/src/__tests__/components/Navigation.test.tsx" name="Navigation Component &gt; Authenticated State &gt; should render mobile menu button" time="0.006201834">
        </testcase>
        <testcase classname="packages/client/src/__tests__/components/Navigation.test.tsx" name="Navigation Component &gt; Authenticated State &gt; should render user menu button for interaction" time="0.00524375">
        </testcase>
        <testcase classname="packages/client/src/__tests__/components/Navigation.test.tsx" name="Navigation Component &gt; Loading State &gt; should handle loading state appropriately" time="0.033389083">
        </testcase>
        <testcase classname="packages/client/src/__tests__/components/Navigation.test.tsx" name="Navigation Component &gt; Accessibility &gt; should have proper ARIA labels for navigation" time="0.07042875">
        </testcase>
        <testcase classname="packages/client/src/__tests__/components/Navigation.test.tsx" name="Navigation Component &gt; Accessibility &gt; should have proper focus management" time="0.019748209">
        </testcase>
        <testcase classname="packages/client/src/__tests__/components/Navigation.test.tsx" name="Navigation Component &gt; Accessibility &gt; should support keyboard navigation" time="0.054494125">
        </testcase>
        <testcase classname="packages/client/src/__tests__/components/Navigation.test.tsx" name="Navigation Component &gt; Logo and Branding &gt; should display logo or brand name" time="0.0031345">
        </testcase>
        <testcase classname="packages/client/src/__tests__/components/Navigation.test.tsx" name="Navigation Component &gt; Logo and Branding &gt; should link logo to dashboard page" time="0.007375084">
        </testcase>
        <testcase classname="packages/client/src/__tests__/components/Navigation.test.tsx" name="Navigation Component &gt; Active Route Highlighting &gt; should highlight recipes page when on recipes route" time="0.015395041">
        </testcase>
        <testcase classname="packages/client/src/__tests__/components/Navigation.test.tsx" name="Navigation Component &gt; Active Route Highlighting &gt; should highlight add recipe page when on add recipe route" time="0.007514041">
        </testcase>
    </testsuite>
    <testsuite name="packages/client/src/__tests__/hooks/useAuth.test.tsx" timestamp="2025-07-11T03:56:50.146Z" hostname="MacBookPro.attlocal.net" tests="17" failures="0" errors="0" skipped="0" time="0.28625225">
        <testcase classname="packages/client/src/__tests__/hooks/useAuth.test.tsx" name="useAuth Hook &gt; Initial State &gt; should initialize with null user and loading state" time="0.015126625">
            <system-err>
⚠️ React Router Future Flag Warning: React Router will begin wrapping state updates in `React.startTransition` in v7. You can use the `v7_startTransition` future flag to opt-in early. For more information, see https://reactrouter.com/v6/upgrading/future#v7_starttransition.
⚠️ React Router Future Flag Warning: Relative route resolution within Splat routes is changing in v7. You can use the `v7_relativeSplatPath` future flag to opt-in early. For more information, see https://reactrouter.com/v6/upgrading/future#v7_relativesplatpath.

            </system-err>
        </testcase>
        <testcase classname="packages/client/src/__tests__/hooks/useAuth.test.tsx" name="useAuth Hook &gt; Initial State &gt; should restore user from storage if authenticated" time="0.056854791">
        </testcase>
        <testcase classname="packages/client/src/__tests__/hooks/useAuth.test.tsx" name="useAuth Hook &gt; Initial State &gt; should clear auth if token is invalid" time="0.060959209">
        </testcase>
        <testcase classname="packages/client/src/__tests__/hooks/useAuth.test.tsx" name="useAuth Hook &gt; Login &gt; should login successfully and navigate to dashboard" time="0.02504725">
        </testcase>
        <testcase classname="packages/client/src/__tests__/hooks/useAuth.test.tsx" name="useAuth Hook &gt; Login &gt; should handle login errors" time="0.005403083">
        </testcase>
        <testcase classname="packages/client/src/__tests__/hooks/useAuth.test.tsx" name="useAuth Hook &gt; Login &gt; should set loading state during login" time="0.059853583">
        </testcase>
        <testcase classname="packages/client/src/__tests__/hooks/useAuth.test.tsx" name="useAuth Hook &gt; Register &gt; should register successfully and navigate to dashboard" time="0.004048375">
        </testcase>
        <testcase classname="packages/client/src/__tests__/hooks/useAuth.test.tsx" name="useAuth Hook &gt; Register &gt; should handle registration errors" time="0.006355916">
        </testcase>
        <testcase classname="packages/client/src/__tests__/hooks/useAuth.test.tsx" name="useAuth Hook &gt; Logout &gt; should logout successfully and navigate to login" time="0.005988875">
        </testcase>
        <testcase classname="packages/client/src/__tests__/hooks/useAuth.test.tsx" name="useAuth Hook &gt; Logout &gt; should handle logout errors gracefully" time="0.009262208">
            <system-err>
Logout failed: Error: Logout failed
    at [90m/Users/benh/GitHub/Recipe-Manager-SPA/[39mpackages/client/src/__tests__/hooks/useAuth.test.tsx:330:52
    at [90mfile:///Users/benh/GitHub/Recipe-Manager-SPA/[39mnode_modules/[4m@vitest[24m/runner/dist/chunk-hooks.js:155:11
    at [90mfile:///Users/benh/GitHub/Recipe-Manager-SPA/[39mnode_modules/[4m@vitest[24m/runner/dist/chunk-hooks.js:752:26
    at [90mfile:///Users/benh/GitHub/Recipe-Manager-SPA/[39mnode_modules/[4m@vitest[24m/runner/dist/chunk-hooks.js:1897:20
    at new Promise (&lt;anonymous&gt;)
    at runWithTimeout [90m(file:///Users/benh/GitHub/Recipe-Manager-SPA/[39mnode_modules/[4m@vitest[24m/runner/dist/chunk-hooks.js:1863:10[90m)[39m
    at runTest [90m(file:///Users/benh/GitHub/Recipe-Manager-SPA/[39mnode_modules/[4m@vitest[24m/runner/dist/chunk-hooks.js:1574:12[90m)[39m
    at runSuite [90m(file:///Users/benh/GitHub/Recipe-Manager-SPA/[39mnode_modules/[4m@vitest[24m/runner/dist/chunk-hooks.js:1729:8[90m)[39m
    at runSuite [90m(file:///Users/benh/GitHub/Recipe-Manager-SPA/[39mnode_modules/[4m@vitest[24m/runner/dist/chunk-hooks.js:1729:8[90m)[39m
    at runSuite [90m(file:///Users/benh/GitHub/Recipe-Manager-SPA/[39mnode_modules/[4m@vitest[24m/runner/dist/chunk-hooks.js:1729:8[90m)[39m

            </system-err>
        </testcase>
        <testcase classname="packages/client/src/__tests__/hooks/useAuth.test.tsx" name="useAuth Hook &gt; Profile Update &gt; should update profile successfully" time="0.014013417">
        </testcase>
        <testcase classname="packages/client/src/__tests__/hooks/useAuth.test.tsx" name="useAuth Hook &gt; Profile Update &gt; should handle profile update errors" time="0.006609166">
        </testcase>
        <testcase classname="packages/client/src/__tests__/hooks/useAuth.test.tsx" name="useAuth Hook &gt; Password Change &gt; should change password successfully" time="0.001398917">
        </testcase>
        <testcase classname="packages/client/src/__tests__/hooks/useAuth.test.tsx" name="useAuth Hook &gt; Password Change &gt; should handle password change errors" time="0.002810208">
        </testcase>
        <testcase classname="packages/client/src/__tests__/hooks/useAuth.test.tsx" name="useAuth Hook &gt; Refresh User &gt; should refresh user data successfully" time="0.005371541">
        </testcase>
        <testcase classname="packages/client/src/__tests__/hooks/useAuth.test.tsx" name="useAuth Hook &gt; Refresh User &gt; should handle refresh user errors" time="0.001945958">
            <system-err>
Failed to refresh user: Error: Refresh failed
    at [90m/Users/benh/GitHub/Recipe-Manager-SPA/[39mpackages/client/src/__tests__/hooks/useAuth.test.tsx:489:31
    at [90mfile:///Users/benh/GitHub/Recipe-Manager-SPA/[39mnode_modules/[4m@vitest[24m/runner/dist/chunk-hooks.js:155:11
    at [90mfile:///Users/benh/GitHub/Recipe-Manager-SPA/[39mnode_modules/[4m@vitest[24m/runner/dist/chunk-hooks.js:752:26
    at [90mfile:///Users/benh/GitHub/Recipe-Manager-SPA/[39mnode_modules/[4m@vitest[24m/runner/dist/chunk-hooks.js:1897:20
    at new Promise (&lt;anonymous&gt;)
    at runWithTimeout [90m(file:///Users/benh/GitHub/Recipe-Manager-SPA/[39mnode_modules/[4m@vitest[24m/runner/dist/chunk-hooks.js:1863:10[90m)[39m
    at runTest [90m(file:///Users/benh/GitHub/Recipe-Manager-SPA/[39mnode_modules/[4m@vitest[24m/runner/dist/chunk-hooks.js:1574:12[90m)[39m
    at runSuite [90m(file:///Users/benh/GitHub/Recipe-Manager-SPA/[39mnode_modules/[4m@vitest[24m/runner/dist/chunk-hooks.js:1729:8[90m)[39m
    at runSuite [90m(file:///Users/benh/GitHub/Recipe-Manager-SPA/[39mnode_modules/[4m@vitest[24m/runner/dist/chunk-hooks.js:1729:8[90m)[39m
    at runSuite [90m(file:///Users/benh/GitHub/Recipe-Manager-SPA/[39mnode_modules/[4m@vitest[24m/runner/dist/chunk-hooks.js:1729:8[90m)[39m

            </system-err>
        </testcase>
        <testcase classname="packages/client/src/__tests__/hooks/useAuth.test.tsx" name="useAuth Hook &gt; Error Handling &gt; should throw error when used outside AuthProvider" time="0.002690584">
        </testcase>
    </testsuite>
    <testsuite name="packages/client/src/__tests__/hooks/useDebounce.test.tsx" timestamp="2025-07-11T03:56:50.149Z" hostname="MacBookPro.attlocal.net" tests="17" failures="0" errors="0" skipped="0" time="0.031925334">
        <testcase classname="packages/client/src/__tests__/hooks/useDebounce.test.tsx" name="useDebounce Hook &gt; Basic Functionality &gt; should return initial value immediately" time="0.007142792">
        </testcase>
        <testcase classname="packages/client/src/__tests__/hooks/useDebounce.test.tsx" name="useDebounce Hook &gt; Basic Functionality &gt; should debounce value changes" time="0.010974542">
        </testcase>
        <testcase classname="packages/client/src/__tests__/hooks/useDebounce.test.tsx" name="useDebounce Hook &gt; Basic Functionality &gt; should reset debounce timer on rapid changes" time="0.002367333">
        </testcase>
        <testcase classname="packages/client/src/__tests__/hooks/useDebounce.test.tsx" name="useDebounce Hook &gt; Different Data Types &gt; should work with strings" time="0.000944833">
        </testcase>
        <testcase classname="packages/client/src/__tests__/hooks/useDebounce.test.tsx" name="useDebounce Hook &gt; Different Data Types &gt; should work with numbers" time="0.000771333">
        </testcase>
        <testcase classname="packages/client/src/__tests__/hooks/useDebounce.test.tsx" name="useDebounce Hook &gt; Different Data Types &gt; should work with objects" time="0.001009959">
        </testcase>
        <testcase classname="packages/client/src/__tests__/hooks/useDebounce.test.tsx" name="useDebounce Hook &gt; Different Data Types &gt; should work with arrays" time="0.000613958">
        </testcase>
        <testcase classname="packages/client/src/__tests__/hooks/useDebounce.test.tsx" name="useDebounce Hook &gt; Different Data Types &gt; should work with boolean values" time="0.000457167">
        </testcase>
        <testcase classname="packages/client/src/__tests__/hooks/useDebounce.test.tsx" name="useDebounce Hook &gt; Different Data Types &gt; should work with null and undefined" time="0.001197458">
        </testcase>
        <testcase classname="packages/client/src/__tests__/hooks/useDebounce.test.tsx" name="useDebounce Hook &gt; Delay Variations &gt; should work with different delay values" time="0.00078675">
        </testcase>
        <testcase classname="packages/client/src/__tests__/hooks/useDebounce.test.tsx" name="useDebounce Hook &gt; Delay Variations &gt; should work with zero delay" time="0.000509833">
        </testcase>
        <testcase classname="packages/client/src/__tests__/hooks/useDebounce.test.tsx" name="useDebounce Hook &gt; Delay Variations &gt; should update delay dynamically" time="0.000427167">
        </testcase>
        <testcase classname="packages/client/src/__tests__/hooks/useDebounce.test.tsx" name="useDebounce Hook &gt; Cleanup &gt; should cleanup timer on unmount" time="0.000378458">
        </testcase>
        <testcase classname="packages/client/src/__tests__/hooks/useDebounce.test.tsx" name="useDebounce Hook &gt; Cleanup &gt; should handle multiple value changes before cleanup" time="0.000424334">
        </testcase>
        <testcase classname="packages/client/src/__tests__/hooks/useDebounce.test.tsx" name="useDebounce Hook &gt; Edge Cases &gt; should handle same value changes" time="0.000355833">
        </testcase>
        <testcase classname="packages/client/src/__tests__/hooks/useDebounce.test.tsx" name="useDebounce Hook &gt; Edge Cases &gt; should handle rapid same value changes" time="0.000424">
        </testcase>
        <testcase classname="packages/client/src/__tests__/hooks/useDebounce.test.tsx" name="useDebounce Hook &gt; Edge Cases &gt; should handle different types correctly" time="0.000596583">
        </testcase>
    </testsuite>
    <testsuite name="packages/client/src/__tests__/hooks/useLocalStorage.test.tsx" timestamp="2025-07-11T03:56:50.155Z" hostname="MacBookPro.attlocal.net" tests="20" failures="3" errors="0" skipped="0" time="0.05742025">
        <testcase classname="packages/client/src/__tests__/hooks/useLocalStorage.test.tsx" name="useLocalStorage Hook &gt; Basic Functionality &gt; should return initial value when no stored value exists" time="0.009896333">
        </testcase>
        <testcase classname="packages/client/src/__tests__/hooks/useLocalStorage.test.tsx" name="useLocalStorage Hook &gt; Basic Functionality &gt; should return stored value when it exists" time="0.000960875">
        </testcase>
        <testcase classname="packages/client/src/__tests__/hooks/useLocalStorage.test.tsx" name="useLocalStorage Hook &gt; Basic Functionality &gt; should store value in localStorage when setValue is called" time="0.001806458">
        </testcase>
        <testcase classname="packages/client/src/__tests__/hooks/useLocalStorage.test.tsx" name="useLocalStorage Hook &gt; Basic Functionality &gt; should update localStorage when value changes" time="0.002921333">
        </testcase>
        <testcase classname="packages/client/src/__tests__/hooks/useLocalStorage.test.tsx" name="useLocalStorage Hook &gt; Data Types &gt; should work with strings" time="0.000861">
        </testcase>
        <testcase classname="packages/client/src/__tests__/hooks/useLocalStorage.test.tsx" name="useLocalStorage Hook &gt; Data Types &gt; should work with numbers" time="0.00090825">
        </testcase>
        <testcase classname="packages/client/src/__tests__/hooks/useLocalStorage.test.tsx" name="useLocalStorage Hook &gt; Data Types &gt; should work with objects" time="0.000962167">
        </testcase>
        <testcase classname="packages/client/src/__tests__/hooks/useLocalStorage.test.tsx" name="useLocalStorage Hook &gt; Data Types &gt; should work with arrays" time="0.000520708">
        </testcase>
        <testcase classname="packages/client/src/__tests__/hooks/useLocalStorage.test.tsx" name="useLocalStorage Hook &gt; Data Types &gt; should work with boolean values" time="0.001376167">
        </testcase>
        <testcase classname="packages/client/src/__tests__/hooks/useLocalStorage.test.tsx" name="useLocalStorage Hook &gt; Data Types &gt; should work with null values" time="0.002164083">
        </testcase>
        <testcase classname="packages/client/src/__tests__/hooks/useLocalStorage.test.tsx" name="useLocalStorage Hook &gt; Function Updates &gt; should support function updates" time="0.000591666">
        </testcase>
        <testcase classname="packages/client/src/__tests__/hooks/useLocalStorage.test.tsx" name="useLocalStorage Hook &gt; Function Updates &gt; should handle complex function updates" time="0.000518167">
        </testcase>
        <testcase classname="packages/client/src/__tests__/hooks/useLocalStorage.test.tsx" name="useLocalStorage Hook &gt; Error Handling &gt; should handle localStorage.getItem errors" time="0.004649208">
            <system-err>
Error reading localStorage key &quot;key&quot;: Error: localStorage error
    at Object.&lt;anonymous&gt; [90m(/Users/benh/GitHub/Recipe-Manager-SPA/[39mpackages/client/src/__tests__/hooks/useLocalStorage.test.tsx:204:23[90m)[39m
    at Object.mockCall [90m(file:///Users/benh/GitHub/Recipe-Manager-SPA/[39mnode_modules/[4m@vitest[24m/spy/dist/index.js:96:15[90m)[39m
    at Object.spy [as getItem] [90m(file:///Users/benh/GitHub/Recipe-Manager-SPA/[39mnode_modules/[4mtinyspy[24m/dist/index.js:47:103[90m)[39m
    at [90m/Users/benh/GitHub/Recipe-Manager-SPA/[39mpackages/client/src/hooks/ui/useLocalStorage.ts:14:40
    at mountState [90m(/Users/benh/GitHub/Recipe-Manager-SPA/[39mnode_modules/[4mreact-dom[24m/cjs/react-dom.development.js:16167:20[90m)[39m
    at Object.useState [90m(/Users/benh/GitHub/Recipe-Manager-SPA/[39mnode_modules/[4mreact-dom[24m/cjs/react-dom.development.js:16880:16[90m)[39m
    at useState [90m(/Users/benh/GitHub/Recipe-Manager-SPA/[39mnode_modules/[4mreact[24m/cjs/react.development.js:1622:21[90m)[39m
    at useLocalStorage [90m(/Users/benh/GitHub/Recipe-Manager-SPA/[39mpackages/client/src/hooks/ui/useLocalStorage.ts:12:41[90m)[39m
    at [90m/Users/benh/GitHub/Recipe-Manager-SPA/[39mpackages/client/src/__tests__/hooks/useLocalStorage.test.tsx:207:49
    at TestComponent [90m(/Users/benh/GitHub/Recipe-Manager-SPA/[39mpackages/client/node_modules/[4m@testing-library[24m/react/dist/pure.js:331:27[90m)[39m

            </system-err>
        </testcase>
        <testcase classname="packages/client/src/__tests__/hooks/useLocalStorage.test.tsx" name="useLocalStorage Hook &gt; Error Handling &gt; should handle localStorage.setItem errors" time="0.001039167">
            <system-err>
Error setting localStorage key &quot;key&quot;: Error: localStorage error
    at Object.&lt;anonymous&gt; [90m(/Users/benh/GitHub/Recipe-Manager-SPA/[39mpackages/client/src/__tests__/hooks/useLocalStorage.test.tsx:215:23[90m)[39m
    at Object.mockCall [90m(file:///Users/benh/GitHub/Recipe-Manager-SPA/[39mnode_modules/[4m@vitest[24m/spy/dist/index.js:96:15[90m)[39m
    at Object.spy [as setItem] [90m(file:///Users/benh/GitHub/Recipe-Manager-SPA/[39mnode_modules/[4mtinyspy[24m/dist/index.js:47:103[90m)[39m
    at Array.setValue [90m(/Users/benh/GitHub/Recipe-Manager-SPA/[39mpackages/client/src/hooks/ui/useLocalStorage.ts:28:27[90m)[39m
    at [90m/Users/benh/GitHub/Recipe-Manager-SPA/[39mpackages/client/src/__tests__/hooks/useLocalStorage.test.tsx:221:33
    at [90m/Users/benh/GitHub/Recipe-Manager-SPA/[39mpackages/client/node_modules/[4m@testing-library[24m/react/dist/act-compat.js:48:24
    at act [90m(/Users/benh/GitHub/Recipe-Manager-SPA/[39mnode_modules/[4mreact[24m/cjs/react.development.js:2512:16[90m)[39m
    at [90m/Users/benh/GitHub/Recipe-Manager-SPA/[39mpackages/client/node_modules/[4m@testing-library[24m/react/dist/act-compat.js:47:25
    at [90m/Users/benh/GitHub/Recipe-Manager-SPA/[39mpackages/client/src/__tests__/hooks/useLocalStorage.test.tsx:220:13
    at [90mfile:///Users/benh/GitHub/Recipe-Manager-SPA/[39mnode_modules/[4m@vitest[24m/runner/dist/chunk-hooks.js:155:11

            </system-err>
        </testcase>
        <testcase classname="packages/client/src/__tests__/hooks/useLocalStorage.test.tsx" name="useLocalStorage Hook &gt; Error Handling &gt; should handle JSON parsing errors" time="0.0082945">
            <system-err>
Error reading localStorage key &quot;key&quot;: SyntaxError: Unexpected token &apos;i&apos;, &quot;invalid json&quot; is not valid JSON
    at JSON.parse (&lt;anonymous&gt;)
    at [90m/Users/benh/GitHub/Recipe-Manager-SPA/[39mpackages/client/src/hooks/ui/useLocalStorage.ts:15:26
    at mountState [90m(/Users/benh/GitHub/Recipe-Manager-SPA/[39mnode_modules/[4mreact-dom[24m/cjs/react-dom.development.js:16167:20[90m)[39m
    at Object.useState [90m(/Users/benh/GitHub/Recipe-Manager-SPA/[39mnode_modules/[4mreact-dom[24m/cjs/react-dom.development.js:16880:16[90m)[39m
    at useState [90m(/Users/benh/GitHub/Recipe-Manager-SPA/[39mnode_modules/[4mreact[24m/cjs/react.development.js:1622:21[90m)[39m
    at useLocalStorage [90m(/Users/benh/GitHub/Recipe-Manager-SPA/[39mpackages/client/src/hooks/ui/useLocalStorage.ts:12:41[90m)[39m
    at [90m/Users/benh/GitHub/Recipe-Manager-SPA/[39mpackages/client/src/__tests__/hooks/useLocalStorage.test.tsx:231:49
    at TestComponent [90m(/Users/benh/GitHub/Recipe-Manager-SPA/[39mpackages/client/node_modules/[4m@testing-library[24m/react/dist/pure.js:331:27[90m)[39m
    at renderWithHooks [90m(/Users/benh/GitHub/Recipe-Manager-SPA/[39mnode_modules/[4mreact-dom[24m/cjs/react-dom.development.js:15486:18[90m)[39m
    at mountIndeterminateComponent [90m(/Users/benh/GitHub/Recipe-Manager-SPA/[39mnode_modules/[4mreact-dom[24m/cjs/react-dom.development.js:20103:13[90m)[39m

            </system-err>
        </testcase>
        <testcase classname="packages/client/src/__tests__/hooks/useLocalStorage.test.tsx" name="useLocalStorage Hook &gt; Error Handling &gt; should handle localStorage being unavailable" time="0.000915458">
            <system-err>
Error reading localStorage key &quot;key&quot;: TypeError: Cannot read properties of undefined (reading &apos;getItem&apos;)
    at [90m/Users/benh/GitHub/Recipe-Manager-SPA/[39mpackages/client/src/hooks/ui/useLocalStorage.ts:14:40
    at mountState [90m(/Users/benh/GitHub/Recipe-Manager-SPA/[39mnode_modules/[4mreact-dom[24m/cjs/react-dom.development.js:16167:20[90m)[39m
    at Object.useState [90m(/Users/benh/GitHub/Recipe-Manager-SPA/[39mnode_modules/[4mreact-dom[24m/cjs/react-dom.development.js:16880:16[90m)[39m
    at useState [90m(/Users/benh/GitHub/Recipe-Manager-SPA/[39mnode_modules/[4mreact[24m/cjs/react.development.js:1622:21[90m)[39m
    at useLocalStorage [90m(/Users/benh/GitHub/Recipe-Manager-SPA/[39mpackages/client/src/hooks/ui/useLocalStorage.ts:12:41[90m)[39m
    at [90m/Users/benh/GitHub/Recipe-Manager-SPA/[39mpackages/client/src/__tests__/hooks/useLocalStorage.test.tsx:242:49
    at TestComponent [90m(/Users/benh/GitHub/Recipe-Manager-SPA/[39mpackages/client/node_modules/[4m@testing-library[24m/react/dist/pure.js:331:27[90m)[39m
    at renderWithHooks [90m(/Users/benh/GitHub/Recipe-Manager-SPA/[39mnode_modules/[4mreact-dom[24m/cjs/react-dom.development.js:15486:18[90m)[39m
    at mountIndeterminateComponent [90m(/Users/benh/GitHub/Recipe-Manager-SPA/[39mnode_modules/[4mreact-dom[24m/cjs/react-dom.development.js:20103:13[90m)[39m
    at beginWork [90m(/Users/benh/GitHub/Recipe-Manager-SPA/[39mnode_modules/[4mreact-dom[24m/cjs/react-dom.development.js:21626:16[90m)[39m
Error setting localStorage key &quot;key&quot;: TypeError: Cannot read properties of undefined (reading &apos;setItem&apos;)
    at Array.setValue [90m(/Users/benh/GitHub/Recipe-Manager-SPA/[39mpackages/client/src/hooks/ui/useLocalStorage.ts:28:27[90m)[39m
    at [90m/Users/benh/GitHub/Recipe-Manager-SPA/[39mpackages/client/src/__tests__/hooks/useLocalStorage.test.tsx:247:33
    at [90m/Users/benh/GitHub/Recipe-Manager-SPA/[39mpackages/client/node_modules/[4m@testing-library[24m/react/dist/act-compat.js:48:24
    at act [90m(/Users/benh/GitHub/Recipe-Manager-SPA/[39mnode_modules/[4mreact[24m/cjs/react.development.js:2512:16[90m)[39m
    at [90m/Users/benh/GitHub/Recipe-Manager-SPA/[39mpackages/client/node_modules/[4m@testing-library[24m/react/dist/act-compat.js:47:25
    at [90m/Users/benh/GitHub/Recipe-Manager-SPA/[39mpackages/client/src/__tests__/hooks/useLocalStorage.test.tsx:246:13
    at [90mfile:///Users/benh/GitHub/Recipe-Manager-SPA/[39mnode_modules/[4m@vitest[24m/runner/dist/chunk-hooks.js:155:11
    at [90mfile:///Users/benh/GitHub/Recipe-Manager-SPA/[39mnode_modules/[4m@vitest[24m/runner/dist/chunk-hooks.js:752:26
    at [90mfile:///Users/benh/GitHub/Recipe-Manager-SPA/[39mnode_modules/[4m@vitest[24m/runner/dist/chunk-hooks.js:1897:20
    at new Promise (&lt;anonymous&gt;)

            </system-err>
        </testcase>
        <testcase classname="packages/client/src/__tests__/hooks/useLocalStorage.test.tsx" name="useLocalStorage Hook &gt; Key Changes &gt; should handle key changes" time="0.014710125">
            <failure message="expected &apos;value1&apos; to be &apos;value2&apos; // Object.is equality" type="AssertionError">
AssertionError: expected &apos;value1&apos; to be &apos;value2&apos; // Object.is equality

Expected: &quot;value2&quot;
Received: &quot;value1&quot;

 ❯ packages/client/src/__tests__/hooks/useLocalStorage.test.tsx:270:39
            </failure>
        </testcase>
        <testcase classname="packages/client/src/__tests__/hooks/useLocalStorage.test.tsx" name="useLocalStorage Hook &gt; Key Changes &gt; should use default value when key changes to non-existent key" time="0.001072875">
            <failure message="expected &apos;value1&apos; to be &apos;default&apos; // Object.is equality" type="AssertionError">
AssertionError: expected &apos;value1&apos; to be &apos;default&apos; // Object.is equality

Expected: &quot;default&quot;
Received: &quot;value1&quot;

 ❯ packages/client/src/__tests__/hooks/useLocalStorage.test.tsx:287:39
            </failure>
        </testcase>
        <testcase classname="packages/client/src/__tests__/hooks/useLocalStorage.test.tsx" name="useLocalStorage Hook &gt; Initial Value Function &gt; should call initial value function when no stored value exists" time="0.00045975">
            <failure message="expected &quot;spy&quot; to be called once, but got 0 times" type="AssertionError">
AssertionError: expected &quot;spy&quot; to be called once, but got 0 times
 ❯ packages/client/src/__tests__/hooks/useLocalStorage.test.tsx:298:36
            </failure>
        </testcase>
        <testcase classname="packages/client/src/__tests__/hooks/useLocalStorage.test.tsx" name="useLocalStorage Hook &gt; Initial Value Function &gt; should not call initial value function when stored value exists" time="0.000353959">
        </testcase>
    </testsuite>
    <testsuite name="packages/client/src/__tests__/services/api.test.ts" timestamp="2025-07-11T03:56:50.160Z" hostname="MacBookPro.attlocal.net" tests="21" failures="0" errors="0" skipped="0" time="0.006002416">
        <testcase classname="packages/client/src/__tests__/services/api.test.ts" name="ApiClient &gt; Authentication &gt; should return true when authenticated" time="0.000845917">
        </testcase>
        <testcase classname="packages/client/src/__tests__/services/api.test.ts" name="ApiClient &gt; Authentication &gt; should return false when not authenticated" time="0.000110875">
        </testcase>
        <testcase classname="packages/client/src/__tests__/services/api.test.ts" name="ApiClient &gt; Authentication &gt; should get stored user from localStorage" time="0.000398042">
        </testcase>
        <testcase classname="packages/client/src/__tests__/services/api.test.ts" name="ApiClient &gt; Authentication &gt; should return null when no user is stored" time="0.000136417">
        </testcase>
        <testcase classname="packages/client/src/__tests__/services/api.test.ts" name="ApiClient &gt; Authentication &gt; should clear auth data" time="0.000582208">
        </testcase>
        <testcase classname="packages/client/src/__tests__/services/api.test.ts" name="ApiClient &gt; Recipe Methods &gt; should call getRecipes with correct parameters" time="0.000165875">
        </testcase>
        <testcase classname="packages/client/src/__tests__/services/api.test.ts" name="ApiClient &gt; Recipe Methods &gt; should call getRecipe with correct ID" time="0.000147666">
        </testcase>
        <testcase classname="packages/client/src/__tests__/services/api.test.ts" name="ApiClient &gt; Recipe Methods &gt; should call createRecipe with recipe data" time="0.000091417">
        </testcase>
        <testcase classname="packages/client/src/__tests__/services/api.test.ts" name="ApiClient &gt; Recipe Methods &gt; should call updateRecipe with ID and data" time="0.000276625">
        </testcase>
        <testcase classname="packages/client/src/__tests__/services/api.test.ts" name="ApiClient &gt; Recipe Methods &gt; should call deleteRecipe with ID" time="0.000150792">
        </testcase>
        <testcase classname="packages/client/src/__tests__/services/api.test.ts" name="ApiClient &gt; Auth Methods &gt; should call login with credentials" time="0.000095">
        </testcase>
        <testcase classname="packages/client/src/__tests__/services/api.test.ts" name="ApiClient &gt; Auth Methods &gt; should call register with user data" time="0.000120291">
        </testcase>
        <testcase classname="packages/client/src/__tests__/services/api.test.ts" name="ApiClient &gt; Auth Methods &gt; should call logout" time="0.00006875">
        </testcase>
        <testcase classname="packages/client/src/__tests__/services/api.test.ts" name="ApiClient &gt; Auth Methods &gt; should call getCurrentUser" time="0.000066791">
        </testcase>
        <testcase classname="packages/client/src/__tests__/services/api.test.ts" name="ApiClient &gt; Auth Methods &gt; should call getUserStats" time="0.000070709">
        </testcase>
        <testcase classname="packages/client/src/__tests__/services/api.test.ts" name="ApiClient &gt; Utility Methods &gt; should call searchRecipes with parameters" time="0.000081125">
        </testcase>
        <testcase classname="packages/client/src/__tests__/services/api.test.ts" name="ApiClient &gt; Utility Methods &gt; should call getRecipeCategories" time="0.000068708">
        </testcase>
        <testcase classname="packages/client/src/__tests__/services/api.test.ts" name="ApiClient &gt; Utility Methods &gt; should call uploadImage with file" time="0.000189583">
        </testcase>
        <testcase classname="packages/client/src/__tests__/services/api.test.ts" name="ApiClient &gt; Utility Methods &gt; should call getUserRecipes" time="0.0000705">
        </testcase>
        <testcase classname="packages/client/src/__tests__/services/api.test.ts" name="ApiClient &gt; Utility Methods &gt; should call updateProfile" time="0.0000695">
        </testcase>
        <testcase classname="packages/client/src/__tests__/services/api.test.ts" name="ApiClient &gt; Utility Methods &gt; should call changePassword" time="0.000073375">
        </testcase>
    </testsuite>
    <testsuite name="packages/shared/src/__tests__/utils/array.test.ts" timestamp="2025-07-11T03:56:50.162Z" hostname="MacBookPro.attlocal.net" tests="54" failures="1" errors="0" skipped="0" time="0.019340625">
        <testcase classname="packages/shared/src/__tests__/utils/array.test.ts" name="Array Utilities &gt; removeDuplicates &gt; should remove duplicate values" time="0.002217875">
        </testcase>
        <testcase classname="packages/shared/src/__tests__/utils/array.test.ts" name="Array Utilities &gt; removeDuplicates &gt; should handle empty array" time="0.001651625">
        </testcase>
        <testcase classname="packages/shared/src/__tests__/utils/array.test.ts" name="Array Utilities &gt; removeDuplicates &gt; should handle array with no duplicates" time="0.00100425">
        </testcase>
        <testcase classname="packages/shared/src/__tests__/utils/array.test.ts" name="Array Utilities &gt; removeDuplicates &gt; should handle array with all duplicates" time="0.000226542">
        </testcase>
        <testcase classname="packages/shared/src/__tests__/utils/array.test.ts" name="Array Utilities &gt; removeDuplicates &gt; should handle mixed data types" time="0.000088">
        </testcase>
        <testcase classname="packages/shared/src/__tests__/utils/array.test.ts" name="Array Utilities &gt; groupBy &gt; should group objects by key" time="0.000157833">
        </testcase>
        <testcase classname="packages/shared/src/__tests__/utils/array.test.ts" name="Array Utilities &gt; groupBy &gt; should handle empty array" time="0.000059792">
        </testcase>
        <testcase classname="packages/shared/src/__tests__/utils/array.test.ts" name="Array Utilities &gt; groupBy &gt; should handle single item" time="0.000123583">
        </testcase>
        <testcase classname="packages/shared/src/__tests__/utils/array.test.ts" name="Array Utilities &gt; groupBy &gt; should handle numeric keys" time="0.000200208">
        </testcase>
        <testcase classname="packages/shared/src/__tests__/utils/array.test.ts" name="Array Utilities &gt; sortBy &gt; should sort by key in ascending order" time="0.000119792">
        </testcase>
        <testcase classname="packages/shared/src/__tests__/utils/array.test.ts" name="Array Utilities &gt; sortBy &gt; should sort by key in descending order" time="0.000138334">
        </testcase>
        <testcase classname="packages/shared/src/__tests__/utils/array.test.ts" name="Array Utilities &gt; sortBy &gt; should handle empty array" time="0.000045584">
        </testcase>
        <testcase classname="packages/shared/src/__tests__/utils/array.test.ts" name="Array Utilities &gt; sortBy &gt; should not mutate original array" time="0.000869041">
        </testcase>
        <testcase classname="packages/shared/src/__tests__/utils/array.test.ts" name="Array Utilities &gt; shuffle &gt; should return array with same elements" time="0.000488417">
        </testcase>
        <testcase classname="packages/shared/src/__tests__/utils/array.test.ts" name="Array Utilities &gt; shuffle &gt; should not mutate original array" time="0.0005045">
        </testcase>
        <testcase classname="packages/shared/src/__tests__/utils/array.test.ts" name="Array Utilities &gt; shuffle &gt; should handle empty array" time="0.000136708">
        </testcase>
        <testcase classname="packages/shared/src/__tests__/utils/array.test.ts" name="Array Utilities &gt; shuffle &gt; should handle single item" time="0.0000565">
        </testcase>
        <testcase classname="packages/shared/src/__tests__/utils/array.test.ts" name="Array Utilities &gt; chunk &gt; should split array into chunks" time="0.000105959">
        </testcase>
        <testcase classname="packages/shared/src/__tests__/utils/array.test.ts" name="Array Utilities &gt; chunk &gt; should handle chunk size larger than array" time="0.000046542">
        </testcase>
        <testcase classname="packages/shared/src/__tests__/utils/array.test.ts" name="Array Utilities &gt; chunk &gt; should handle empty array" time="0.000038375">
        </testcase>
        <testcase classname="packages/shared/src/__tests__/utils/array.test.ts" name="Array Utilities &gt; chunk &gt; should handle chunk size of 1" time="0.00005125">
        </testcase>
        <testcase classname="packages/shared/src/__tests__/utils/array.test.ts" name="Array Utilities &gt; union &gt; should return unique values from multiple arrays" time="0.000055208">
        </testcase>
        <testcase classname="packages/shared/src/__tests__/utils/array.test.ts" name="Array Utilities &gt; union &gt; should handle empty arrays" time="0.00004025">
        </testcase>
        <testcase classname="packages/shared/src/__tests__/utils/array.test.ts" name="Array Utilities &gt; union &gt; should handle single array" time="0.000040208">
        </testcase>
        <testcase classname="packages/shared/src/__tests__/utils/array.test.ts" name="Array Utilities &gt; union &gt; should handle no arrays" time="0.000038708">
        </testcase>
        <testcase classname="packages/shared/src/__tests__/utils/array.test.ts" name="Array Utilities &gt; intersection &gt; should return common elements" time="0.000087791">
        </testcase>
        <testcase classname="packages/shared/src/__tests__/utils/array.test.ts" name="Array Utilities &gt; intersection &gt; should handle no common elements" time="0.000040709">
        </testcase>
        <testcase classname="packages/shared/src/__tests__/utils/array.test.ts" name="Array Utilities &gt; intersection &gt; should handle empty arrays" time="0.000050125">
        </testcase>
        <testcase classname="packages/shared/src/__tests__/utils/array.test.ts" name="Array Utilities &gt; intersection &gt; should handle single array" time="0.000037625">
        </testcase>
        <testcase classname="packages/shared/src/__tests__/utils/array.test.ts" name="Array Utilities &gt; difference &gt; should return elements in first array but not second" time="0.000051416">
        </testcase>
        <testcase classname="packages/shared/src/__tests__/utils/array.test.ts" name="Array Utilities &gt; difference &gt; should handle no differences" time="0.000039583">
        </testcase>
        <testcase classname="packages/shared/src/__tests__/utils/array.test.ts" name="Array Utilities &gt; difference &gt; should handle empty arrays" time="0.00004975">
        </testcase>
        <testcase classname="packages/shared/src/__tests__/utils/array.test.ts" name="Array Utilities &gt; findLast &gt; should find last matching element" time="0.000130167">
        </testcase>
        <testcase classname="packages/shared/src/__tests__/utils/array.test.ts" name="Array Utilities &gt; findLast &gt; should return undefined if no match" time="0.000055334">
        </testcase>
        <testcase classname="packages/shared/src/__tests__/utils/array.test.ts" name="Array Utilities &gt; findLast &gt; should handle empty array" time="0.000038083">
        </testcase>
        <testcase classname="packages/shared/src/__tests__/utils/array.test.ts" name="Array Utilities &gt; findLast &gt; should work with complex objects" time="0.000055583">
        </testcase>
        <testcase classname="packages/shared/src/__tests__/utils/array.test.ts" name="Array Utilities &gt; isEmpty &gt; should identify empty arrays" time="0.000067667">
        </testcase>
        <testcase classname="packages/shared/src/__tests__/utils/array.test.ts" name="Array Utilities &gt; isEmpty &gt; should identify non-empty arrays" time="0.000068084">
        </testcase>
        <testcase classname="packages/shared/src/__tests__/utils/array.test.ts" name="Array Utilities &gt; getRandomItem &gt; should return item from array" time="0.000217625">
        </testcase>
        <testcase classname="packages/shared/src/__tests__/utils/array.test.ts" name="Array Utilities &gt; getRandomItem &gt; should return undefined for empty array" time="0.000039583">
        </testcase>
        <testcase classname="packages/shared/src/__tests__/utils/array.test.ts" name="Array Utilities &gt; getRandomItem &gt; should return single item from single-item array" time="0.000042">
        </testcase>
        <testcase classname="packages/shared/src/__tests__/utils/array.test.ts" name="Array Utilities &gt; moveItem &gt; should move item to new position" time="0.000074125">
        </testcase>
        <testcase classname="packages/shared/src/__tests__/utils/array.test.ts" name="Array Utilities &gt; moveItem &gt; should handle invalid indices" time="0.000054">
        </testcase>
        <testcase classname="packages/shared/src/__tests__/utils/array.test.ts" name="Array Utilities &gt; moveItem &gt; should not mutate original array" time="0.000040042">
        </testcase>
        <testcase classname="packages/shared/src/__tests__/utils/array.test.ts" name="Array Utilities &gt; moveItem &gt; should handle empty array" time="0.000034917">
        </testcase>
        <testcase classname="packages/shared/src/__tests__/utils/array.test.ts" name="Array Utilities &gt; flatten &gt; should flatten nested arrays" time="0.000063375">
        </testcase>
        <testcase classname="packages/shared/src/__tests__/utils/array.test.ts" name="Array Utilities &gt; flatten &gt; should handle already flat arrays" time="0.000042166">
        </testcase>
        <testcase classname="packages/shared/src/__tests__/utils/array.test.ts" name="Array Utilities &gt; flatten &gt; should handle empty arrays" time="0.000055208">
        </testcase>
        <testcase classname="packages/shared/src/__tests__/utils/array.test.ts" name="Array Utilities &gt; flatten &gt; should handle deeply nested arrays" time="0.000045125">
        </testcase>
        <testcase classname="packages/shared/src/__tests__/utils/array.test.ts" name="Array Utilities &gt; countOccurrences &gt; should count occurrences of each item" time="0.000061292">
        </testcase>
        <testcase classname="packages/shared/src/__tests__/utils/array.test.ts" name="Array Utilities &gt; countOccurrences &gt; should handle strings" time="0.000051834">
        </testcase>
        <testcase classname="packages/shared/src/__tests__/utils/array.test.ts" name="Array Utilities &gt; countOccurrences &gt; should handle empty array" time="0.00003675">
        </testcase>
        <testcase classname="packages/shared/src/__tests__/utils/array.test.ts" name="Array Utilities &gt; countOccurrences &gt; should handle single item" time="0.000038875">
        </testcase>
        <testcase classname="packages/shared/src/__tests__/utils/array.test.ts" name="Array Utilities &gt; countOccurrences &gt; should handle mixed types" time="0.005848167">
            <failure message="expected { &apos;1&apos;: 3, &apos;2&apos;: 2 } to deeply equal { &apos;1&apos;: 2, &apos;2&apos;: 1 }" type="AssertionError">
AssertionError: expected { &apos;1&apos;: 3, &apos;2&apos;: 2 } to deeply equal { &apos;1&apos;: 2, &apos;2&apos;: 1 }

- Expected
+ Received

  {
-   &quot;1&quot;: 2,
-   &quot;2&quot;: 1,
+   &quot;1&quot;: 3,
+   &quot;2&quot;: 2,
  }

 ❯ packages/shared/src/__tests__/utils/array.test.ts:351:53
            </failure>
        </testcase>
    </testsuite>
    <testsuite name="packages/shared/src/__tests__/utils/date.test.ts" timestamp="2025-07-11T03:56:50.168Z" hostname="MacBookPro.attlocal.net" tests="24" failures="1" errors="0" skipped="0" time="0.029554042">
        <testcase classname="packages/shared/src/__tests__/utils/date.test.ts" name="Date Utilities &gt; formatDate &gt; should format date without time" time="0.021653292">
        </testcase>
        <testcase classname="packages/shared/src/__tests__/utils/date.test.ts" name="Date Utilities &gt; formatDate &gt; should format date with time" time="0.000218333">
        </testcase>
        <testcase classname="packages/shared/src/__tests__/utils/date.test.ts" name="Date Utilities &gt; formatDate &gt; should format date with different formats" time="0.000288917">
        </testcase>
        <testcase classname="packages/shared/src/__tests__/utils/date.test.ts" name="Date Utilities &gt; formatDate &gt; should handle invalid dates" time="0.000128">
        </testcase>
        <testcase classname="packages/shared/src/__tests__/utils/date.test.ts" name="Date Utilities &gt; formatDateShort &gt; should format date as MM/DD/YYYY" time="0.000110917">
        </testcase>
        <testcase classname="packages/shared/src/__tests__/utils/date.test.ts" name="Date Utilities &gt; formatDateShort &gt; should handle string dates" time="0.002480042">
            <failure message="expected &apos;01/14/2024&apos; to be &apos;01/15/2024&apos; // Object.is equality" type="AssertionError">
AssertionError: expected &apos;01/14/2024&apos; to be &apos;01/15/2024&apos; // Object.is equality

Expected: &quot;01/15/2024&quot;
Received: &quot;01/14/2024&quot;

 ❯ packages/shared/src/__tests__/utils/date.test.ts:43:45
            </failure>
        </testcase>
        <testcase classname="packages/shared/src/__tests__/utils/date.test.ts" name="Date Utilities &gt; formatDateShort &gt; should handle invalid dates" time="0.000081875">
        </testcase>
        <testcase classname="packages/shared/src/__tests__/utils/date.test.ts" name="Date Utilities &gt; formatDateRelative &gt; should format recent dates" time="0.000104667">
        </testcase>
        <testcase classname="packages/shared/src/__tests__/utils/date.test.ts" name="Date Utilities &gt; formatDateRelative &gt; should handle &quot;just now&quot; for very recent dates" time="0.00022125">
        </testcase>
        <testcase classname="packages/shared/src/__tests__/utils/date.test.ts" name="Date Utilities &gt; formatDateRelative &gt; should handle singular forms correctly" time="0.000076083">
        </testcase>
        <testcase classname="packages/shared/src/__tests__/utils/date.test.ts" name="Date Utilities &gt; formatDateRelative &gt; should handle hours correctly" time="0.000064333">
        </testcase>
        <testcase classname="packages/shared/src/__tests__/utils/date.test.ts" name="Date Utilities &gt; formatDateRelative &gt; should handle days correctly" time="0.000045916">
        </testcase>
        <testcase classname="packages/shared/src/__tests__/utils/date.test.ts" name="Date Utilities &gt; formatDateRelative &gt; should handle invalid dates" time="0.000037083">
        </testcase>
        <testcase classname="packages/shared/src/__tests__/utils/date.test.ts" name="Date Utilities &gt; formatDuration &gt; should format duration in minutes" time="0.000065">
        </testcase>
        <testcase classname="packages/shared/src/__tests__/utils/date.test.ts" name="Date Utilities &gt; formatDuration &gt; should format duration in hours" time="0.000045792">
        </testcase>
        <testcase classname="packages/shared/src/__tests__/utils/date.test.ts" name="Date Utilities &gt; formatDuration &gt; should format duration in hours and minutes" time="0.000045">
        </testcase>
        <testcase classname="packages/shared/src/__tests__/utils/date.test.ts" name="Date Utilities &gt; formatDuration &gt; should handle zero duration" time="0.000033708">
        </testcase>
        <testcase classname="packages/shared/src/__tests__/utils/date.test.ts" name="Date Utilities &gt; isToday &gt; should return true for today" time="0.000160458">
        </testcase>
        <testcase classname="packages/shared/src/__tests__/utils/date.test.ts" name="Date Utilities &gt; isToday &gt; should return false for yesterday" time="0.000043958">
        </testcase>
        <testcase classname="packages/shared/src/__tests__/utils/date.test.ts" name="Date Utilities &gt; isToday &gt; should return false for tomorrow" time="0.000038334">
        </testcase>
        <testcase classname="packages/shared/src/__tests__/utils/date.test.ts" name="Date Utilities &gt; isToday &gt; should handle string dates" time="0.000041625">
        </testcase>
        <testcase classname="packages/shared/src/__tests__/utils/date.test.ts" name="Date Utilities &gt; isThisWeek &gt; should return true for dates in current week" time="0.000053584">
        </testcase>
        <testcase classname="packages/shared/src/__tests__/utils/date.test.ts" name="Date Utilities &gt; isThisWeek &gt; should return false for dates outside current week" time="0.000039084">
        </testcase>
        <testcase classname="packages/shared/src/__tests__/utils/date.test.ts" name="Date Utilities &gt; isThisWeek &gt; should handle string dates" time="0.00009225">
        </testcase>
    </testsuite>
    <testsuite name="packages/shared/src/__tests__/utils/string.test.ts" timestamp="2025-07-11T03:56:50.170Z" hostname="MacBookPro.attlocal.net" tests="67" failures="3" errors="0" skipped="0" time="0.115987708">
        <testcase classname="packages/shared/src/__tests__/utils/string.test.ts" name="String Utilities &gt; capitalize &gt; should capitalize first letter" time="0.00144375">
        </testcase>
        <testcase classname="packages/shared/src/__tests__/utils/string.test.ts" name="String Utilities &gt; capitalize &gt; should handle empty string" time="0.000135417">
        </testcase>
        <testcase classname="packages/shared/src/__tests__/utils/string.test.ts" name="String Utilities &gt; capitalize &gt; should handle single character" time="0.000164">
        </testcase>
        <testcase classname="packages/shared/src/__tests__/utils/string.test.ts" name="String Utilities &gt; capitalize &gt; should only capitalize first letter" time="0.000129875">
        </testcase>
        <testcase classname="packages/shared/src/__tests__/utils/string.test.ts" name="String Utilities &gt; capitalize &gt; should handle special characters" time="0.000132375">
        </testcase>
        <testcase classname="packages/shared/src/__tests__/utils/string.test.ts" name="String Utilities &gt; toTitleCase &gt; should convert to title case" time="0.000158375">
        </testcase>
        <testcase classname="packages/shared/src/__tests__/utils/string.test.ts" name="String Utilities &gt; toTitleCase &gt; should handle single word" time="0.000050166">
        </testcase>
        <testcase classname="packages/shared/src/__tests__/utils/string.test.ts" name="String Utilities &gt; toTitleCase &gt; should handle empty string" time="0.000044">
        </testcase>
        <testcase classname="packages/shared/src/__tests__/utils/string.test.ts" name="String Utilities &gt; toTitleCase &gt; should handle mixed case" time="0.000147708">
        </testcase>
        <testcase classname="packages/shared/src/__tests__/utils/string.test.ts" name="String Utilities &gt; toTitleCase &gt; should handle special characters" time="0.002677291">
            <failure message="expected &apos;Hello-world&apos; to be &apos;Hello-World&apos; // Object.is equality" type="AssertionError">
AssertionError: expected &apos;Hello-world&apos; to be &apos;Hello-World&apos; // Object.is equality

Expected: &quot;Hello-World&quot;
Received: &quot;Hello-world&quot;

 ❯ packages/shared/src/__tests__/utils/string.test.ts:65:42
            </failure>
        </testcase>
        <testcase classname="packages/shared/src/__tests__/utils/string.test.ts" name="String Utilities &gt; toKebabCase &gt; should convert to kebab case" time="0.000213958">
        </testcase>
        <testcase classname="packages/shared/src/__tests__/utils/string.test.ts" name="String Utilities &gt; toKebabCase &gt; should handle camelCase" time="0.000058084">
        </testcase>
        <testcase classname="packages/shared/src/__tests__/utils/string.test.ts" name="String Utilities &gt; toKebabCase &gt; should handle underscores" time="0.000037041">
        </testcase>
        <testcase classname="packages/shared/src/__tests__/utils/string.test.ts" name="String Utilities &gt; toKebabCase &gt; should handle multiple spaces" time="0.000034083">
        </testcase>
        <testcase classname="packages/shared/src/__tests__/utils/string.test.ts" name="String Utilities &gt; toKebabCase &gt; should handle empty string" time="0.000031542">
        </testcase>
        <testcase classname="packages/shared/src/__tests__/utils/string.test.ts" name="String Utilities &gt; toCamelCase &gt; should convert to camel case" time="0.000101541">
        </testcase>
        <testcase classname="packages/shared/src/__tests__/utils/string.test.ts" name="String Utilities &gt; toCamelCase &gt; should handle kebab case" time="0.000045625">
        </testcase>
        <testcase classname="packages/shared/src/__tests__/utils/string.test.ts" name="String Utilities &gt; toCamelCase &gt; should handle underscores" time="0.000033125">
        </testcase>
        <testcase classname="packages/shared/src/__tests__/utils/string.test.ts" name="String Utilities &gt; toCamelCase &gt; should handle mixed separators" time="0.000035625">
        </testcase>
        <testcase classname="packages/shared/src/__tests__/utils/string.test.ts" name="String Utilities &gt; toCamelCase &gt; should handle empty string" time="0.000032708">
        </testcase>
        <testcase classname="packages/shared/src/__tests__/utils/string.test.ts" name="String Utilities &gt; truncate &gt; should truncate long strings" time="0.000484875">
            <failure message="expected &apos;This is...&apos; to be &apos;This is a...&apos; // Object.is equality" type="AssertionError">
AssertionError: expected &apos;This is...&apos; to be &apos;This is a...&apos; // Object.is equality

Expected: &quot;This is a...&quot;
Received: &quot;This is...&quot;

 ❯ packages/shared/src/__tests__/utils/string.test.ts:120:58
            </failure>
        </testcase>
        <testcase classname="packages/shared/src/__tests__/utils/string.test.ts" name="String Utilities &gt; truncate &gt; should handle custom suffix" time="0.000048792">
        </testcase>
        <testcase classname="packages/shared/src/__tests__/utils/string.test.ts" name="String Utilities &gt; truncate &gt; should handle empty string" time="0.000035083">
        </testcase>
        <testcase classname="packages/shared/src/__tests__/utils/string.test.ts" name="String Utilities &gt; truncate &gt; should handle zero length" time="0.00003375">
        </testcase>
        <testcase classname="packages/shared/src/__tests__/utils/string.test.ts" name="String Utilities &gt; truncate &gt; should handle negative length" time="0.000031333">
        </testcase>
        <testcase classname="packages/shared/src/__tests__/utils/string.test.ts" name="String Utilities &gt; stripHtml &gt; should remove HTML tags" time="0.000082">
        </testcase>
        <testcase classname="packages/shared/src/__tests__/utils/string.test.ts" name="String Utilities &gt; stripHtml &gt; should handle self-closing tags" time="0.000042542">
        </testcase>
        <testcase classname="packages/shared/src/__tests__/utils/string.test.ts" name="String Utilities &gt; stripHtml &gt; should handle nested tags" time="0.000032208">
        </testcase>
        <testcase classname="packages/shared/src/__tests__/utils/string.test.ts" name="String Utilities &gt; stripHtml &gt; should handle empty string" time="0.00003375">
        </testcase>
        <testcase classname="packages/shared/src/__tests__/utils/string.test.ts" name="String Utilities &gt; stripHtml &gt; should handle text without HTML" time="0.000031167">
        </testcase>
        <testcase classname="packages/shared/src/__tests__/utils/string.test.ts" name="String Utilities &gt; slugify &gt; should create valid slugs" time="0.000161208">
        </testcase>
        <testcase classname="packages/shared/src/__tests__/utils/string.test.ts" name="String Utilities &gt; slugify &gt; should handle special characters" time="0.000050208">
        </testcase>
        <testcase classname="packages/shared/src/__tests__/utils/string.test.ts" name="String Utilities &gt; slugify &gt; should handle accented characters" time="0.000053167">
        </testcase>
        <testcase classname="packages/shared/src/__tests__/utils/string.test.ts" name="String Utilities &gt; slugify &gt; should handle numbers" time="0.000439792">
            <failure message="expected &apos;version-123&apos; to be &apos;version-1-2-3&apos; // Object.is equality" type="AssertionError">
AssertionError: expected &apos;version-123&apos; to be &apos;version-1-2-3&apos; // Object.is equality

Expected: &quot;version-1-2-3&quot;
Received: &quot;version-123&quot;

 ❯ packages/shared/src/__tests__/utils/string.test.ts:181:40
            </failure>
        </testcase>
        <testcase classname="packages/shared/src/__tests__/utils/string.test.ts" name="String Utilities &gt; slugify &gt; should handle empty string" time="0.00004">
        </testcase>
        <testcase classname="packages/shared/src/__tests__/utils/string.test.ts" name="String Utilities &gt; slugify &gt; should handle multiple spaces and dashes" time="0.000036875">
        </testcase>
        <testcase classname="packages/shared/src/__tests__/utils/string.test.ts" name="String Utilities &gt; getInitials &gt; should get initials from name" time="0.000072167">
        </testcase>
        <testcase classname="packages/shared/src/__tests__/utils/string.test.ts" name="String Utilities &gt; getInitials &gt; should handle single name" time="0.000037583">
        </testcase>
        <testcase classname="packages/shared/src/__tests__/utils/string.test.ts" name="String Utilities &gt; getInitials &gt; should handle empty string" time="0.0000305">
        </testcase>
        <testcase classname="packages/shared/src/__tests__/utils/string.test.ts" name="String Utilities &gt; getInitials &gt; should handle extra spaces" time="0.000034917">
        </testcase>
        <testcase classname="packages/shared/src/__tests__/utils/string.test.ts" name="String Utilities &gt; getInitials &gt; should handle lowercase names" time="0.000035334">
        </testcase>
        <testcase classname="packages/shared/src/__tests__/utils/string.test.ts" name="String Utilities &gt; getInitials &gt; should limit to 3 initials maximum" time="0.000047709">
        </testcase>
        <testcase classname="packages/shared/src/__tests__/utils/string.test.ts" name="String Utilities &gt; isValidEmail &gt; should validate correct emails" time="0.000117834">
        </testcase>
        <testcase classname="packages/shared/src/__tests__/utils/string.test.ts" name="String Utilities &gt; isValidEmail &gt; should reject invalid emails" time="0.0000625">
        </testcase>
        <testcase classname="packages/shared/src/__tests__/utils/string.test.ts" name="String Utilities &gt; isValidEmail &gt; should handle empty string" time="0.000038333">
        </testcase>
        <testcase classname="packages/shared/src/__tests__/utils/string.test.ts" name="String Utilities &gt; isValidEmail &gt; should handle whitespace" time="0.000046834">
        </testcase>
        <testcase classname="packages/shared/src/__tests__/utils/string.test.ts" name="String Utilities &gt; formatNumber &gt; should format numbers with commas" time="0.035121542">
        </testcase>
        <testcase classname="packages/shared/src/__tests__/utils/string.test.ts" name="String Utilities &gt; formatNumber &gt; should handle decimal numbers" time="0.000117625">
        </testcase>
        <testcase classname="packages/shared/src/__tests__/utils/string.test.ts" name="String Utilities &gt; formatNumber &gt; should handle negative numbers" time="0.000066625">
        </testcase>
        <testcase classname="packages/shared/src/__tests__/utils/string.test.ts" name="String Utilities &gt; formatNumber &gt; should handle zero" time="0.000061791">
        </testcase>
        <testcase classname="packages/shared/src/__tests__/utils/string.test.ts" name="String Utilities &gt; formatNumber &gt; should handle small numbers" time="0.000062208">
        </testcase>
        <testcase classname="packages/shared/src/__tests__/utils/string.test.ts" name="String Utilities &gt; generateRandomString &gt; should generate string of specified length" time="0.000467209">
        </testcase>
        <testcase classname="packages/shared/src/__tests__/utils/string.test.ts" name="String Utilities &gt; generateRandomString &gt; should generate different strings" time="0.000074209">
        </testcase>
        <testcase classname="packages/shared/src/__tests__/utils/string.test.ts" name="String Utilities &gt; generateRandomString &gt; should handle zero length" time="0.000037042">
        </testcase>
        <testcase classname="packages/shared/src/__tests__/utils/string.test.ts" name="String Utilities &gt; generateRandomString &gt; should only contain valid characters" time="0.0602475">
        </testcase>
        <testcase classname="packages/shared/src/__tests__/utils/string.test.ts" name="String Utilities &gt; isWhitespace &gt; should identify whitespace strings" time="0.000215459">
        </testcase>
        <testcase classname="packages/shared/src/__tests__/utils/string.test.ts" name="String Utilities &gt; isWhitespace &gt; should identify non-whitespace strings" time="0.000070916">
        </testcase>
        <testcase classname="packages/shared/src/__tests__/utils/string.test.ts" name="String Utilities &gt; countWords &gt; should count words correctly" time="0.000075542">
        </testcase>
        <testcase classname="packages/shared/src/__tests__/utils/string.test.ts" name="String Utilities &gt; countWords &gt; should handle single word" time="0.000039875">
        </testcase>
        <testcase classname="packages/shared/src/__tests__/utils/string.test.ts" name="String Utilities &gt; countWords &gt; should handle empty string" time="0.000038542">
        </testcase>
        <testcase classname="packages/shared/src/__tests__/utils/string.test.ts" name="String Utilities &gt; countWords &gt; should handle multiple spaces" time="0.000037542">
        </testcase>
        <testcase classname="packages/shared/src/__tests__/utils/string.test.ts" name="String Utilities &gt; countWords &gt; should handle leading/trailing spaces" time="0.000037208">
        </testcase>
        <testcase classname="packages/shared/src/__tests__/utils/string.test.ts" name="String Utilities &gt; escapeHtml &gt; should escape HTML entities" time="0.000129208">
        </testcase>
        <testcase classname="packages/shared/src/__tests__/utils/string.test.ts" name="String Utilities &gt; escapeHtml &gt; should handle quotes" time="0.000055667">
        </testcase>
        <testcase classname="packages/shared/src/__tests__/utils/string.test.ts" name="String Utilities &gt; escapeHtml &gt; should handle empty string" time="0.000034">
        </testcase>
        <testcase classname="packages/shared/src/__tests__/utils/string.test.ts" name="String Utilities &gt; escapeHtml &gt; should handle text without HTML" time="0.000036125">
        </testcase>
        <testcase classname="packages/shared/src/__tests__/utils/string.test.ts" name="String Utilities &gt; escapeHtml &gt; should handle multiple entities" time="0.0000415">
        </testcase>
    </testsuite>
    <testsuite name="packages/client/src/__tests__/components/ui/Button.test.tsx" timestamp="2025-07-11T03:56:50.176Z" hostname="MacBookPro.attlocal.net" tests="23" failures="0" errors="0" skipped="0" time="0.164364541">
        <testcase classname="packages/client/src/__tests__/components/ui/Button.test.tsx" name="Button Component &gt; Basic Rendering &gt; should render button with text" time="0.01899625">
        </testcase>
        <testcase classname="packages/client/src/__tests__/components/ui/Button.test.tsx" name="Button Component &gt; Basic Rendering &gt; should render button with custom type" time="0.005670459">
        </testcase>
        <testcase classname="packages/client/src/__tests__/components/ui/Button.test.tsx" name="Button Component &gt; Basic Rendering &gt; should render disabled button" time="0.004889666">
        </testcase>
        <testcase classname="packages/client/src/__tests__/components/ui/Button.test.tsx" name="Button Component &gt; Variants &gt; should render primary variant" time="0.00162475">
        </testcase>
        <testcase classname="packages/client/src/__tests__/components/ui/Button.test.tsx" name="Button Component &gt; Variants &gt; should render secondary variant" time="0.002150709">
        </testcase>
        <testcase classname="packages/client/src/__tests__/components/ui/Button.test.tsx" name="Button Component &gt; Variants &gt; should render danger variant" time="0.00108425">
        </testcase>
        <testcase classname="packages/client/src/__tests__/components/ui/Button.test.tsx" name="Button Component &gt; Variants &gt; should render ghost variant" time="0.00537875">
        </testcase>
        <testcase classname="packages/client/src/__tests__/components/ui/Button.test.tsx" name="Button Component &gt; Sizes &gt; should render small size" time="0.015290833">
        </testcase>
        <testcase classname="packages/client/src/__tests__/components/ui/Button.test.tsx" name="Button Component &gt; Sizes &gt; should render medium size (default)" time="0.003174666">
        </testcase>
        <testcase classname="packages/client/src/__tests__/components/ui/Button.test.tsx" name="Button Component &gt; Sizes &gt; should render large size" time="0.000881833">
        </testcase>
        <testcase classname="packages/client/src/__tests__/components/ui/Button.test.tsx" name="Button Component &gt; States &gt; should render loading state" time="0.001946125">
        </testcase>
        <testcase classname="packages/client/src/__tests__/components/ui/Button.test.tsx" name="Button Component &gt; States &gt; should show loading spinner when loading" time="0.000969375">
        </testcase>
        <testcase classname="packages/client/src/__tests__/components/ui/Button.test.tsx" name="Button Component &gt; States &gt; should not be clickable when loading" time="0.001397625">
        </testcase>
        <testcase classname="packages/client/src/__tests__/components/ui/Button.test.tsx" name="Button Component &gt; Icons &gt; should render with left icon" time="0.000695584">
        </testcase>
        <testcase classname="packages/client/src/__tests__/components/ui/Button.test.tsx" name="Button Component &gt; Icons &gt; should render with right icon" time="0.000430875">
        </testcase>
        <testcase classname="packages/client/src/__tests__/components/ui/Button.test.tsx" name="Button Component &gt; Event Handling &gt; should handle click events" time="0.017001208">
        </testcase>
        <testcase classname="packages/client/src/__tests__/components/ui/Button.test.tsx" name="Button Component &gt; Event Handling &gt; should not handle click events when disabled" time="0.016175125">
        </testcase>
        <testcase classname="packages/client/src/__tests__/components/ui/Button.test.tsx" name="Button Component &gt; Custom Props &gt; should accept custom className" time="0.017256042">
        </testcase>
[...]
  option:

  Name &quot;Easy&quot;:
  [36m&lt;option[39m
    [33mvalue[39m=[32m&quot;Easy&quot;[39m
  [36m/&gt;[39m

  Name &quot;Medium&quot;:
  [36m&lt;option[39m
    [33mvalue[39m=[32m&quot;Medium&quot;[39m
  [36m/&gt;[39m

  Name &quot;Hard&quot;:
  [36m&lt;option[39m
    [33mvalue[39m=[32m&quot;Hard&quot;[39m
  [36m/&gt;[39m

  --------------------------------------------------

Ignored nodes: comments, script, style
[36m&lt;body&gt;[39m
  [36m&lt;div&gt;[39m
    [36m&lt;div[39m
      [33mclass[39m=[32m&quot;max-w-4xl mx-auto&quot;[39m
    [36m&gt;[39m
      [36m&lt;div[39m
        [33mclass[39m=[32m&quot;mb-6&quot;[39m
      [36m&gt;[39m
        [36m&lt;button[39m
          [33mclass[39m=[32m&quot;flex items-center text-gray-600 hover:text-gray-800 mb-4&quot;[39m
        [36m&gt;[39m
          [36m&lt;svg[39m
            [33mclass[39m=[32m&quot;lucide lucide-arrow-left h-5 w-5 mr-2&quot;[39m
            [33mfill[39m=[32m&quot;none&quot;[39m
            [33mheight[39m=[32m&quot;24&quot;[39m
            [33mstroke[39m=[32m&quot;currentColor&quot;[39m
            [33mstroke-linecap[39m=[32m&quot;round&quot;[39m
            [33mstroke-linejoin[39m=[32m&quot;round&quot;[39m
            [33mstroke-width[39m=[32m&quot;2&quot;[39m
            [33mviewBox[39m=[32m&quot;0 0 24 24&quot;[39m
            [33mwidth[39m=[32m&quot;24&quot;[39m
            [33mxmlns[39m=[32m&quot;http://www.w3.org/2000/svg&quot;[39m
          [36m&gt;[39m
            [36m&lt;path[39m
              [33md[39m=[32m&quot;m12 19-7-7 7-7&quot;[39m
            [36m/&gt;[39m
            [36m&lt;path[39m
              [33md[39m=[32m&quot;M19 12H5&quot;[39m
            [36m/&gt;[39m
          [36m&lt;/svg&gt;[39m
          [0mBack to Recipes[0m
        [36m&lt;/button&gt;[39m
        [36m&lt;h1[39m
          [33mclass[39m=[32m&quot;text-3xl font-bold text-gray-900&quot;[39m
        [36m&gt;[39m
          [0mCreate New Recipe[0m
        [36m&lt;/h1&gt;[39m
        [36m&lt;p[39m
          [33mclass[39m=[32m&quot;text-gray-600 mt-2&quot;[39m
        [36m&gt;[39m
          [0mShare your culinary creation with the world[0m
        [36m&lt;/p&gt;[39m
      [36m&lt;/div&gt;[39m
      [36m&lt;form[39m
        [33mclass[39m=[32m&quot;space-y-8&quot;[39m
      [36m&gt;[39m
        [36m&lt;div[39m
          [33mclass[39m=[32m&quot;rounded-lg bg-white shadow-md p-4&quot;[39m
        [36m&gt;[39m
          [36m&lt;div[39m
            [33mclass[39m=[32m&quot;border-b border-gray-200 pb-3 mb-4&quot;[39m
          [36m&gt;[39m
            [36m&lt;h2[39m
              [33mclass[39m=[32m&quot;text-xl font-semibold text-gray-900&quot;[39m
            [36m&gt;[39m
              [0mBasic Information[0m
            [36m&lt;/h2&gt;[39m
          [36m&lt;/div&gt;[39m
          [36m&lt;div[39m
            [33mclass[39m=[32m&quot;space-y-6&quot;[39m
          [36m&gt;[39m
            [36m&lt;div[39m
              [33mclass[39m=[32m&quot;grid grid-cols-1 md:grid-cols-2 gap-6&quot;[39m
            [36m&gt;[39m
              [36m&lt;div[39m
                [33mclass[39m=[32m&quot;space-y-2 md:col-span-2&quot;[39m
              [36m&gt;[39m
                [36m&lt;label[39m
                  [33mclass[39m=[32m&quot;block text-sm font-medium text-gray-700&quot;[39m
                [36m&gt;[39m
                  [0mRecipe Title[0m
                  [36m&lt;span[39m
                    [33mclass[39m=[32m&quot;text-red-500 ml-1&quot;[39m
                  [36m&gt;[39m
                    [0m*[0m
                  [36m&lt;/span&gt;[39m
                [36m&lt;/label&gt;[39m
                [36m&lt;input[39m
                  [33mclass[39m=[32m&quot;w-full px-3 py-2 border rounded-md focus:outline-none focus:ring-2 focus:ring-blue-500 transition-colors border-gray-300 focus:border-blue-500&quot;[39m
                  [33mplaceholder[39m=[32m&quot;Enter recipe title&quot;[39m
                  [33mrequired[39m=[32m&quot;&quot;[39m
                  [33mtype[39m=[32m&quot;text&quot;[39m
                  [33mvalue[39m=[32m&quot;&quot;[39m
                [36m/&gt;[39m
              [36m&lt;/div&gt;[39m
              [36m&lt;div[39m
                [33mclass[39m=[32m&quot;space-y-2&quot;[39m
              [36m&gt;[39m
                [36m&lt;label[39m
                  [33mclass[39m=[32m&quot;block text-sm font-medium text-gray-700&quot;[39m
                [36m&gt;[39m
                  [0mCook Time (minutes)[0m
                  [36m&lt;span[39m
                    [33mclass[39m=[32m&quot;text-red-500 ml-1&quot;[39m
                  [36m&gt;[39m
                    [0m*[0m
                  [36m&lt;/span&gt;[39m
                [36m&lt;/label&gt;[39m
                [36m&lt;div[39m
                  [33mclass[39m=[32m&quot;flex items-center space-x-2&quot;[39m
                [36m&gt;[39m
                  [36m&lt;svg[39m
                    [33mclass[39m=[32m&quot;lucide lucide-clock h-4 w-4 text-gray-400&quot;[39m
                    [33mfill[39m=[32m&quot;none&quot;[39m
                    [33mheight[39m=[32m&quot;24&quot;[39m
                    [33mstroke[39m=[32m&quot;currentColor&quot;[39m
                    [33mstroke-linecap[39m=[32m&quot;round&quot;[39m
                    [33mstroke-linejoin[39m=[32m&quot;round&quot;[39m
                    [33mstroke-width[39m=[32m&quot;2&quot;[39m
                    [33mviewBox[39m=[32m&quot;0 0 24 24&quot;[39m
                    [33mwidth[39m=[32m&quot;24&quot;[39m
                    [33mxmlns[39m=[32m&quot;http://www.w3.org/2000/svg&quot;[39m
                  [36m&gt;[39m
                    [36m&lt;circle[39m
                      [33mcx[39m=[32m&quot;12&quot;[39m
                      [33mcy[39m=[32m&quot;12&quot;[39m
                      [33mr[39m=[32m&quot;10&quot;[39m
                    [36m/&gt;[39m
                    [36m&lt;polyline[39m
                      [33mpoints[39m=[32m&quot;12 6 12 12 16 14&quot;[39m
                    [36m/&gt;[39m
                  [36m&lt;/svg&gt;[39m
                  [36m&lt;input[39m
                    [33mclass[39m=[32m&quot;w-full px-3 py-2 border rounded-md focus:outline-none focus:ring-2 focus:ring-blue-500 transition-colors border-gray-300 focus:border-blue-500&quot;[39m
                    [33mmax[39m=[32m&quot;600&quot;[39m
                    [33mmin[39m=[32m&quot;1&quot;[39m
                    [33mplaceholder[39m=[32m&quot;30&quot;[39m
                    [33mrequired[39m=[32m&quot;&quot;[39m
                    [33mtype[39m=[32m&quot;number&quot;[39m
                    [33mvalue[39m=[32m&quot;30&quot;[39m
                  [36m/&gt;[39m
                [36m&lt;/div&gt;[39m
              [36m&lt;/div&gt;[39m
              [36m&lt;div[39m
                [33mclass[39m=[32m&quot;space-y-2&quot;[39m
              [36m&gt;[39m
                [36m&lt;label[39m
                  [33mclass[39m=[32m&quot;block text-sm font-medium text-gray-700&quot;[39m
                [36m&gt;[39m
                  [0mServings[0m
                  [36m&lt;span[39m
                    [33mclass[39m=[32m&quot;text-red-500 ml-1&quot;[39m
                  [36m&gt;[39m
                    [0m*[0m
                  [36m&lt;/span&gt;[39m
                [36m&lt;/label&gt;[39m
                [36m&lt;div[39m
                  [33mclass[39m=[32m&quot;flex items-center space-x-2&quot;[39m
                [36m&gt;[39m
                  [36m&lt;svg[39m
                    [33mclass[39m=[32m&quot;lucide lucide-users h-4 w-4 text-gray-400&quot;[39m
                    [33mfill[39m=[32m&quot;none&quot;[39m
                    [33mheight[39m=[32m&quot;24&quot;[39m
                    [33mstroke[39m=[32m&quot;currentColor&quot;[39m
                    [33mstroke-linecap[39m=[32m&quot;round&quot;[39m
                    [33mstroke-linejoin[39m=[32m&quot;round&quot;[39m
                    [33mstroke-width[39m=[32m&quot;2&quot;[39m
                    [33mviewBox[39m=[32m&quot;0 0 24 24&quot;[39m
        ..." type="TestingLibraryElementError">
TestingLibraryElementError: Unable to find an accessible element with the role &quot;form&quot;

Here are the accessible roles:

  button:

  Name &quot;Back to Recipes&quot;:
  &lt;button
    class=&quot;flex items-center text-gray-600 hover:text-gray-800 mb-4&quot;
  /&gt;

  Name &quot;&quot;:
  &lt;button
    class=&quot;inline-flex items-center justify-center font-medium rounded-md transition-colors focus:outline-none focus:ring-2 focus:ring-offset-2 disabled:opacity-50 disabled:cursor-not-allowed bg-blue-600 text-white hover:bg-blue-700 focus:ring-blue-500 px-4 py-2 text-base pointer-events-none&quot;
    type=&quot;button&quot;
  /&gt;

  Name &quot;Cancel&quot;:
  &lt;button
    class=&quot;inline-flex items-center justify-center font-medium rounded-md transition-colors focus:outline-none focus:ring-2 focus:ring-offset-2 disabled:opacity-50 disabled:cursor-not-allowed border border-gray-300 text-gray-700 bg-white hover:bg-gray-50 focus:ring-blue-500 px-4 py-2 text-base&quot;
    type=&quot;button&quot;
  /&gt;

  Name &quot;Create Recipe&quot;:
  &lt;button
    class=&quot;inline-flex items-center justify-center font-medium rounded-md transition-colors focus:outline-none focus:ring-2 focus:ring-offset-2 disabled:opacity-50 disabled:cursor-not-allowed bg-blue-600 text-white hover:bg-blue-700 focus:ring-blue-500 px-4 py-2 text-base&quot;
    type=&quot;submit&quot;
  /&gt;

  --------------------------------------------------
  heading:

  Name &quot;Create New Recipe&quot;:
  &lt;h1
    class=&quot;text-3xl font-bold text-gray-900&quot;
  /&gt;

  Name &quot;Basic Information&quot;:
  &lt;h2
    class=&quot;text-xl font-semibold text-gray-900&quot;
  /&gt;

  Name &quot;Recipe Image&quot;:
  &lt;h2
    class=&quot;text-xl font-semibold text-gray-900&quot;
  /&gt;

  Name &quot;Ingredients&quot;:
  &lt;h2
    class=&quot;text-xl font-semibold text-gray-900&quot;
  /&gt;

  Name &quot;Instructions&quot;:
  &lt;h2
    class=&quot;text-xl font-semibold text-gray-900&quot;
  /&gt;

  --------------------------------------------------
  paragraph:

  Name &quot;&quot;:
  &lt;p
    class=&quot;text-gray-600 mt-2&quot;
  /&gt;

  Name &quot;&quot;:
  &lt;p
    class=&quot;text-gray-600 mb-4&quot;
  /&gt;

  --------------------------------------------------
  textbox:

  Name &quot;&quot;:
  &lt;input
    class=&quot;w-full px-3 py-2 border rounded-md focus:outline-none focus:ring-2 focus:ring-blue-500 transition-colors border-gray-300 focus:border-blue-500&quot;
    placeholder=&quot;Enter recipe title&quot;
    required=&quot;&quot;
    type=&quot;text&quot;
    value=&quot;&quot;
  /&gt;

  Name &quot;&quot;:
  &lt;input
    class=&quot;w-full px-3 py-2 border rounded-md focus:outline-none focus:ring-2 focus:ring-blue-500 transition-colors border-gray-300 focus:border-blue-500&quot;
    placeholder=&quot;e.g., Breakfast, Dinner, Dessert&quot;
    type=&quot;text&quot;
    value=&quot;&quot;
  /&gt;

  Name &quot;&quot;:
  &lt;input
    class=&quot;w-full px-3 py-2 border rounded-md focus:outline-none focus:ring-2 focus:ring-blue-500 transition-colors border-gray-300 focus:border-blue-500&quot;
    placeholder=&quot;e.g., healthy, quick, vegetarian&quot;
    type=&quot;text&quot;
    value=&quot;&quot;
  /&gt;

  Name &quot;&quot;:
  &lt;textarea
    class=&quot;w-full px-3 py-2 border rounded-md focus:outline-none focus:ring-2 focus:ring-blue-500 transition-colors resize-vertical border-gray-300 focus:border-blue-500&quot;
    placeholder=&quot;Enter each ingredient on a new line, e.g.:
  2 cups flour
  1 tsp salt
  1 cup milk&quot;
    required=&quot;&quot;
    rows=&quot;8&quot;
  /&gt;

  Name &quot;&quot;:
  &lt;textarea
    class=&quot;w-full px-3 py-2 border rounded-md focus:outline-none focus:ring-2 focus:ring-blue-500 transition-colors resize-vertical border-gray-300 focus:border-blue-500&quot;
    placeholder=&quot;Enter cooking instructions step by step, e.g.:
  1. Preheat oven to 350°F
  2. Mix dry ingredients in a bowl
  3. Add wet ingredients and stir until combined&quot;
    required=&quot;&quot;
    rows=&quot;10&quot;
  /&gt;

  --------------------------------------------------
  spinbutton:

  Name &quot;&quot;:
  &lt;input
    class=&quot;w-full px-3 py-2 border rounded-md focus:outline-none focus:ring-2 focus:ring-blue-500 transition-colors border-gray-300 focus:border-blue-500&quot;
    max=&quot;600&quot;
    min=&quot;1&quot;
    placeholder=&quot;30&quot;
    required=&quot;&quot;
    type=&quot;number&quot;
    value=&quot;30&quot;
  /&gt;

  Name &quot;&quot;:
  &lt;input
    class=&quot;w-full px-3 py-2 border rounded-md focus:outline-none focus:ring-2 focus:ring-blue-500 transition-colors border-gray-300 focus:border-blue-500&quot;
    max=&quot;50&quot;
    min=&quot;1&quot;
    placeholder=&quot;4&quot;
    required=&quot;&quot;
    type=&quot;number&quot;
    value=&quot;4&quot;
  /&gt;

  --------------------------------------------------
  combobox:

  Name &quot;&quot;:
  &lt;select
    class=&quot;w-full px-3 py-2 border rounded-md focus:outline-none focus:ring-2 focus:ring-blue-500 transition-colors bg-white border-gray-300 focus:border-blue-500&quot;
  /&gt;

  --------------------------------------------------
  option:

  Name &quot;Easy&quot;:
  &lt;option
    value=&quot;Easy&quot;
  /&gt;

  Name &quot;Medium&quot;:
  &lt;option
    value=&quot;Medium&quot;
  /&gt;

  Name &quot;Hard&quot;:
  &lt;option
    value=&quot;Hard&quot;
  /&gt;

  --------------------------------------------------

Ignored nodes: comments, script, style
&lt;body&gt;
  &lt;div&gt;
    &lt;div
      class=&quot;max-w-4xl mx-auto&quot;
    &gt;
      &lt;div
        class=&quot;mb-6&quot;
      &gt;
        &lt;button
          class=&quot;flex items-center text-gray-600 hover:text-gray-800 mb-4&quot;
        &gt;
          &lt;svg
            class=&quot;lucide lucide-arrow-left h-5 w-5 mr-2&quot;
            fill=&quot;none&quot;
            height=&quot;24&quot;
            stroke=&quot;currentColor&quot;
            stroke-linecap=&quot;round&quot;
            stroke-linejoin=&quot;round&quot;
            stroke-width=&quot;2&quot;
            viewBox=&quot;0 0 24 24&quot;
            width=&quot;24&quot;
            xmlns=&quot;http://www.w3.org/2000/svg&quot;
          &gt;
            &lt;path
              d=&quot;m12 19-7-7 7-7&quot;
            /&gt;
            &lt;path
              d=&quot;M19 12H5&quot;
            /&gt;
          &lt;/svg&gt;
          Back to Recipes
        &lt;/button&gt;
        &lt;h1
          class=&quot;text-3xl font-bold text-gray-900&quot;
        &gt;
          Create New Recipe
        &lt;/h1&gt;
        &lt;p
          class=&quot;text-gray-600 mt-2&quot;
        &gt;
          Share your culinary creation with the world
        &lt;/p&gt;
      &lt;/div&gt;
      &lt;form
        class=&quot;space-y-8&quot;
      &gt;
        &lt;div
          class=&quot;rounded-lg bg-white shadow-md p-4&quot;
        &gt;
          &lt;div
            class=&quot;border-b border-gray-200 pb-3 mb-4&quot;
          &gt;
            &lt;h2
              class=&quot;text-xl font-semibold text-gray-900&quot;
            &gt;
              Basic Information
            &lt;/h2&gt;
          &lt;/div&gt;
          &lt;div
            class=&quot;space-y-6&quot;
          &gt;
            &lt;div
              class=&quot;grid grid-cols-1 md:grid-cols-2 gap-6&quot;
            &gt;
              &lt;div
                class=&quot;space-y-2 md:col-span-2&quot;
              &gt;
                &lt;label
                  class=&quot;block text-sm font-medium text-gray-700&quot;
                &gt;
                  Recipe Title
                  &lt;span
                    class=&quot;text-red-500 ml-1&quot;
                  &gt;
                    *
                  &lt;/span&gt;
                &lt;/label&gt;
                &lt;input
                  class=&quot;w-full px-3 py-2 border rounded-md focus:outline-none focus:ring-2 focus:ring-blue-500 transition-colors border-gray-300 focus:border-blue-500&quot;
                  placeholder=&quot;Enter recipe title&quot;
                  required=&quot;&quot;
                  type=&quot;text&quot;
                  value=&quot;&quot;
                /&gt;
              &lt;/div&gt;
              &lt;div
                class=&quot;space-y-2&quot;
              &gt;
                &lt;label
                  class=&quot;block text-sm font-medium text-gray-700&quot;
                &gt;
                  Cook Time (minutes)
                  &lt;span
                    class=&quot;text-red-500 ml-1&quot;
                  &gt;
                    *
                  &lt;/span&gt;
                &lt;/label&gt;
                &lt;div
                  class=&quot;flex items-center space-x-2&quot;
                &gt;
                  &lt;svg
                    class=&quot;lucide lucide-clock h-4 w-4 text-gray-400&quot;
                    fill=&quot;none&quot;
                    height=&quot;24&quot;
                    stroke=&quot;currentColor&quot;
                    stroke-linecap=&quot;round&quot;
                    stroke-linejoin=&quot;round&quot;
                    stroke-width=&quot;2&quot;
                    viewBox=&quot;0 0 24 24&quot;
                    width=&quot;24&quot;
                    xmlns=&quot;http://www.w3.org/2000/svg&quot;
                  &gt;
                    &lt;circle
                      cx=&quot;12&quot;
                      cy=&quot;12&quot;
                      r=&quot;10&quot;
                    /&gt;
                    &lt;polyline
                      points=&quot;12 6 12 12 16 14&quot;
                    /&gt;
                  &lt;/svg&gt;
                  &lt;input
                    class=&quot;w-full px-3 py-2 border rounded-md focus:outline-none focus:ring-2 focus:ring-blue-500 transition-colors border-gray-300 focus:border-blue-500&quot;
                    max=&quot;600&quot;
                    min=&quot;1&quot;
                    placeholder=&quot;30&quot;
                    required=&quot;&quot;
                    type=&quot;number&quot;
                    value=&quot;30&quot;
                  /&gt;
                &lt;/div&gt;
              &lt;/div&gt;
              &lt;div
                class=&quot;space-y-2&quot;
              &gt;
                &lt;label
                  class=&quot;block text-sm font-medium text-gray-700&quot;
                &gt;
                  Servings
                  &lt;span
                    class=&quot;text-red-500 ml-1&quot;
                  &gt;
                    *
                  &lt;/span&gt;
                &lt;/label&gt;
                &lt;div
                  class=&quot;flex items-center space-x-2&quot;
                &gt;
                  &lt;svg
                    class=&quot;lucide lucide-users h-4 w-4 text-gray-400&quot;
                    fill=&quot;none&quot;
                    height=&quot;24&quot;
                    stroke=&quot;currentColor&quot;
                    stroke-linecap=&quot;round&quot;
                    stroke-linejoin=&quot;round&quot;
                    stroke-width=&quot;2&quot;
                    viewBox=&quot;0 0 24 24&quot;
        ...
 ❯ Object.getElementError node_modules/@testing-library/dom/dist/config.js:37:19
 ❯ node_modules/@testing-library/dom/dist/query-helpers.js:76:38
 ❯ node_modules/@testing-library/dom/dist/query-helpers.js:52:17
 ❯ node_modules/@testing-library/dom/dist/query-helpers.js:95:19
 ❯ packages/client/src/__tests__/components/features/recipes/RecipeForm.test.tsx:258:33
            </failure>
        </testcase>
        <testcase classname="packages/client/src/__tests__/components/features/recipes/RecipeForm.test.tsx" name="RecipeForm Component &gt; Accessibility &gt; should have proper button roles" time="0.006285583">
        </testcase>
    </testsuite>
</testsuites>
