<?xml version="1.0" encoding="UTF-8" ?>
<testsuites name="vitest tests" tests="21" failures="0" errors="0" time="0.006679916">
    <testsuite name="packages/client/src/__tests__/unit/services/api.test.ts" timestamp="2025-07-12T04:20:09.568Z" hostname="MacBookPro.attlocal.net" tests="21" failures="0" errors="0" skipped="0" time="0.006679916">
        <testcase classname="packages/client/src/__tests__/unit/services/api.test.ts" name="ApiClient &gt; Authentication &gt; should return true when authenticated" time="0.000761458">
        </testcase>
        <testcase classname="packages/client/src/__tests__/unit/services/api.test.ts" name="ApiClient &gt; Authentication &gt; should return false when not authenticated" time="0.000096958">
        </testcase>
        <testcase classname="packages/client/src/__tests__/unit/services/api.test.ts" name="ApiClient &gt; Authentication &gt; should get stored user from localStorage" time="0.000380166">
        </testcase>
        <testcase classname="packages/client/src/__tests__/unit/services/api.test.ts" name="ApiClient &gt; Authentication &gt; should return null when no user is stored" time="0.0001325">
        </testcase>
        <testcase classname="packages/client/src/__tests__/unit/services/api.test.ts" name="ApiClient &gt; Authentication &gt; should clear auth data" time="0.000543958">
        </testcase>
        <testcase classname="packages/client/src/__tests__/unit/services/api.test.ts" name="ApiClient &gt; Recipe Methods &gt; should call getRecipes with correct parameters" time="0.000146375">
        </testcase>
        <testcase classname="packages/client/src/__tests__/unit/services/api.test.ts" name="ApiClient &gt; Recipe Methods &gt; should call getRecipe with correct ID" time="0.000131083">
        </testcase>
        <testcase classname="packages/client/src/__tests__/unit/services/api.test.ts" name="ApiClient &gt; Recipe Methods &gt; should call createRecipe with recipe data" time="0.000082583">
        </testcase>
        <testcase classname="packages/client/src/__tests__/unit/services/api.test.ts" name="ApiClient &gt; Recipe Methods &gt; should call updateRecipe with ID and data" time="0.000263416">
        </testcase>
        <testcase classname="packages/client/src/__tests__/unit/services/api.test.ts" name="ApiClient &gt; Recipe Methods &gt; should call deleteRecipe with ID" time="0.000135042">
        </testcase>
        <testcase classname="packages/client/src/__tests__/unit/services/api.test.ts" name="ApiClient &gt; Auth Methods &gt; should call login with credentials" time="0.000083958">
        </testcase>
        <testcase classname="packages/client/src/__tests__/unit/services/api.test.ts" name="ApiClient &gt; Auth Methods &gt; should call register with user data" time="0.000104458">
        </testcase>
        <testcase classname="packages/client/src/__tests__/unit/services/api.test.ts" name="ApiClient &gt; Auth Methods &gt; should call logout" time="0.000060041">
        </testcase>
        <testcase classname="packages/client/src/__tests__/unit/services/api.test.ts" name="ApiClient &gt; Auth Methods &gt; should call getCurrentUser" time="0.000059">
        </testcase>
        <testcase classname="packages/client/src/__tests__/unit/services/api.test.ts" name="ApiClient &gt; Auth Methods &gt; should call getUserStats" time="0.000060334">
        </testcase>
        <testcase classname="packages/client/src/__tests__/unit/services/api.test.ts" name="ApiClient &gt; Utility Methods &gt; should call searchRecipes with parameters" time="0.000069125">
        </testcase>
        <testcase classname="packages/client/src/__tests__/unit/services/api.test.ts" name="ApiClient &gt; Utility Methods &gt; should call getRecipeCategories" time="0.000058834">
        </testcase>
        <testcase classname="packages/client/src/__tests__/unit/services/api.test.ts" name="ApiClient &gt; Utility Methods &gt; should call uploadImage with file" time="0.001335084">
            <system-out>
Image original: 0.00MB → 0.00MB

            </system-out>
            <system-err>
Upload error: TypeError: Cannot read properties of undefined (reading &apos;data&apos;)
    at UploadService.uploadImage [90m(/Users/benh/GitHub/Recipe-Manager-SPA/[39mpackages/client/src/services/upload/uploadService.ts:84:23[90m)[39m
[90m    at processTicksAndRejections (node:internal/process/task_queues:105:5)[39m

            </system-err>
        </testcase>
        <testcase classname="packages/client/src/__tests__/unit/services/api.test.ts" name="ApiClient &gt; Utility Methods &gt; should call getUserRecipes" time="0.000141917">
        </testcase>
        <testcase classname="packages/client/src/__tests__/unit/services/api.test.ts" name="ApiClient &gt; Utility Methods &gt; should call updateProfile" time="0.000086375">
        </testcase>
        <testcase classname="packages/client/src/__tests__/unit/services/api.test.ts" name="ApiClient &gt; Utility Methods &gt; should call changePassword" time="0.000075792">
        </testcase>
    </testsuite>
</testsuites>
