<?xml version="1.0" encoding="UTF-8" ?>
<testsuites name="vitest tests" tests="185" failures="6" errors="0" time="3.720986833">
    <testsuite name="packages/shared/src/__tests__/types.test.ts" timestamp="2025-07-11T00:47:21.420Z" hostname="MacBookPro.attlocal.net" tests="24" failures="0" errors="0" skipped="0" time="0.013911917">
        <testcase classname="packages/shared/src/__tests__/types.test.ts" name="User Types &gt; UserSchema &gt; should validate a valid user object" time="0.001946833">
        </testcase>
        <testcase classname="packages/shared/src/__tests__/types.test.ts" name="User Types &gt; UserSchema &gt; should reject invalid user objects" time="0.001518417">
        </testcase>
        <testcase classname="packages/shared/src/__tests__/types.test.ts" name="User Types &gt; UserSchema &gt; should handle date parsing" time="0.000229959">
        </testcase>
        <testcase classname="packages/shared/src/__tests__/types.test.ts" name="User Types &gt; UserCredentialsSchema &gt; should validate valid login requests" time="0.000329208">
        </testcase>
        <testcase classname="packages/shared/src/__tests__/types.test.ts" name="User Types &gt; UserCredentialsSchema &gt; should reject invalid login requests" time="0.000374834">
        </testcase>
        <testcase classname="packages/shared/src/__tests__/types.test.ts" name="User Types &gt; UserRegistrationSchema &gt; should validate valid registration requests" time="0.000265542">
        </testcase>
        <testcase classname="packages/shared/src/__tests__/types.test.ts" name="User Types &gt; UserRegistrationSchema &gt; should reject invalid registration requests" time="0.00028025">
        </testcase>
        <testcase classname="packages/shared/src/__tests__/types.test.ts" name="User Types &gt; UserRegistrationSchema &gt; should validate name length constraints" time="0.000177417">
        </testcase>
        <testcase classname="packages/shared/src/__tests__/types.test.ts" name="Recipe Types &gt; RecipeSchema &gt; should validate a valid recipe object" time="0.001061">
        </testcase>
        <testcase classname="packages/shared/src/__tests__/types.test.ts" name="Recipe Types &gt; RecipeSchema &gt; should reject invalid recipe objects" time="0.00083325">
        </testcase>
        <testcase classname="packages/shared/src/__tests__/types.test.ts" name="Recipe Types &gt; RecipeSchema &gt; should handle optional fields" time="0.000184458">
        </testcase>
        <testcase classname="packages/shared/src/__tests__/types.test.ts" name="Recipe Types &gt; RecipeCreateSchema &gt; should validate valid create recipe requests" time="0.000399083">
        </testcase>
        <testcase classname="packages/shared/src/__tests__/types.test.ts" name="Recipe Types &gt; RecipeCreateSchema &gt; should reject invalid create recipe requests" time="0.000258416">
        </testcase>
        <testcase classname="packages/shared/src/__tests__/types.test.ts" name="Recipe Types &gt; RecipeUpdateSchema &gt; should validate valid update recipe requests" time="0.000583">
        </testcase>
        <testcase classname="packages/shared/src/__tests__/types.test.ts" name="Recipe Types &gt; RecipeUpdateSchema &gt; should allow partial updates" time="0.000197">
        </testcase>
        <testcase classname="packages/shared/src/__tests__/types.test.ts" name="Recipe Types &gt; RecipeUpdateSchema &gt; should reject invalid update recipe requests" time="0.000430041">
        </testcase>
        <testcase classname="packages/shared/src/__tests__/types.test.ts" name="API Types &gt; ApiResponseSchema &gt; should validate valid API responses" time="0.000357833">
        </testcase>
        <testcase classname="packages/shared/src/__tests__/types.test.ts" name="API Types &gt; ApiResponseSchema &gt; should reject invalid API responses" time="0.000147">
        </testcase>
        <testcase classname="packages/shared/src/__tests__/types.test.ts" name="API Types &gt; ErrorResponseSchema &gt; should validate valid error responses" time="0.000411417">
        </testcase>
        <testcase classname="packages/shared/src/__tests__/types.test.ts" name="API Types &gt; ErrorResponseSchema &gt; should reject invalid error responses" time="0.000322292">
        </testcase>
        <testcase classname="packages/shared/src/__tests__/types.test.ts" name="Type Inference &gt; should infer correct types from schemas" time="0.000162083">
        </testcase>
        <testcase classname="packages/shared/src/__tests__/types.test.ts" name="Type Inference &gt; should handle complex nested types" time="0.000296959">
        </testcase>
        <testcase classname="packages/shared/src/__tests__/types.test.ts" name="Schema Composition &gt; should compose schemas correctly" time="0.000445208">
        </testcase>
        <testcase classname="packages/shared/src/__tests__/types.test.ts" name="Schema Composition &gt; should handle schema picking and omitting" time="0.000252166">
        </testcase>
    </testsuite>
    <testsuite name="packages/shared/src/__tests__/validation.test.ts" timestamp="2025-07-11T00:47:21.423Z" hostname="MacBookPro.attlocal.net" tests="25" failures="0" errors="0" skipped="0" time="0.012581958">
        <testcase classname="packages/shared/src/__tests__/validation.test.ts" name="Validation Functions &gt; validateEmail &gt; should return true for valid email addresses" time="0.001419417">
        </testcase>
        <testcase classname="packages/shared/src/__tests__/validation.test.ts" name="Validation Functions &gt; validateEmail &gt; should return false for invalid email addresses" time="0.001202833">
        </testcase>
        <testcase classname="packages/shared/src/__tests__/validation.test.ts" name="Validation Functions &gt; validateEmail &gt; should handle edge cases" time="0.000179041">
        </testcase>
        <testcase classname="packages/shared/src/__tests__/validation.test.ts" name="Validation Functions &gt; validatePassword &gt; should return valid result for strong passwords" time="0.000848875">
        </testcase>
        <testcase classname="packages/shared/src/__tests__/validation.test.ts" name="Validation Functions &gt; validatePassword &gt; should return invalid result for weak passwords" time="0.000684541">
        </testcase>
        <testcase classname="packages/shared/src/__tests__/validation.test.ts" name="Validation Functions &gt; validatePassword &gt; should handle edge cases" time="0.000193792">
        </testcase>
        <testcase classname="packages/shared/src/__tests__/validation.test.ts" name="Validation Functions &gt; validateRecipe &gt; should return valid result for complete recipe data" time="0.00031">
        </testcase>
        <testcase classname="packages/shared/src/__tests__/validation.test.ts" name="Validation Functions &gt; validateRecipe &gt; should return invalid result for missing required fields" time="0.00028625">
        </testcase>
        <testcase classname="packages/shared/src/__tests__/validation.test.ts" name="Validation Functions &gt; validateRecipe &gt; should validate title constraints" time="0.000387375">
        </testcase>
        <testcase classname="packages/shared/src/__tests__/validation.test.ts" name="Validation Functions &gt; validateRecipe &gt; should validate ingredients format" time="0.00032225">
        </testcase>
        <testcase classname="packages/shared/src/__tests__/validation.test.ts" name="Validation Functions &gt; validateRecipe &gt; should validate cook_time constraints" time="0.000091042">
        </testcase>
        <testcase classname="packages/shared/src/__tests__/validation.test.ts" name="Validation Functions &gt; validateRecipe &gt; should validate servings constraints" time="0.000078458">
        </testcase>
        <testcase classname="packages/shared/src/__tests__/validation.test.ts" name="Validation Functions &gt; validateRecipe &gt; should validate difficulty values" time="0.000099792">
        </testcase>
        <testcase classname="packages/shared/src/__tests__/validation.test.ts" name="Validation Functions &gt; validateRecipe &gt; should validate tags format" time="0.000087375">
        </testcase>
        <testcase classname="packages/shared/src/__tests__/validation.test.ts" name="Validation Functions &gt; validateRecipe &gt; should handle optional fields" time="0.000059083">
        </testcase>
        <testcase classname="packages/shared/src/__tests__/validation.test.ts" name="Validation Functions &gt; validateUser &gt; should return valid result for complete user data" time="0.0001975">
        </testcase>
        <testcase classname="packages/shared/src/__tests__/validation.test.ts" name="Validation Functions &gt; validateUser &gt; should return invalid result for missing required fields" time="0.0001495">
        </testcase>
        <testcase classname="packages/shared/src/__tests__/validation.test.ts" name="Validation Functions &gt; validateUser &gt; should validate email format" time="0.000139667">
        </testcase>
        <testcase classname="packages/shared/src/__tests__/validation.test.ts" name="Validation Functions &gt; validateUser &gt; should validate name constraints" time="0.000096667">
        </testcase>
        <testcase classname="packages/shared/src/__tests__/validation.test.ts" name="Validation Functions &gt; validateUser &gt; should validate password strength" time="0.000095791">
        </testcase>
        <testcase classname="packages/shared/src/__tests__/validation.test.ts" name="ValidationError Class &gt; should create ValidationError with proper properties" time="0.001102042">
        </testcase>
        <testcase classname="packages/shared/src/__tests__/validation.test.ts" name="ValidationError Class &gt; should convert to API error format" time="0.000874958">
        </testcase>
        <testcase classname="packages/shared/src/__tests__/validation.test.ts" name="validate function &gt; should return parsed data when validation succeeds" time="0.000282083">
        </testcase>
        <testcase classname="packages/shared/src/__tests__/validation.test.ts" name="validate function &gt; should throw ValidationError when validation fails" time="0.000375083">
        </testcase>
        <testcase classname="packages/shared/src/__tests__/validation.test.ts" name="validate function &gt; should handle complex nested validation" time="0.0007925">
        </testcase>
    </testsuite>
    <testsuite name="packages/client/src/__tests__/components/LoginForm.test.tsx" timestamp="2025-07-11T00:47:21.428Z" hostname="MacBookPro.attlocal.net" tests="4" failures="0" errors="0" skipped="0" time="0.02188075">
        <testcase classname="packages/client/src/__tests__/components/LoginForm.test.tsx" name="LoginForm Component &gt; Authentication State &gt; should redirect to dashboard if already authenticated" time="0.011350625">
            <system-err>
⚠️ React Router Future Flag Warning: React Router will begin wrapping state updates in `React.startTransition` in v7. You can use the `v7_startTransition` future flag to opt-in early. For more information, see https://reactrouter.com/v6/upgrading/future#v7_starttransition.
⚠️ React Router Future Flag Warning: Relative route resolution within Splat routes is changing in v7. You can use the `v7_relativeSplatPath` future flag to opt-in early. For more information, see https://reactrouter.com/v6/upgrading/future#v7_relativesplatpath.

            </system-err>
        </testcase>
        <testcase classname="packages/client/src/__tests__/components/LoginForm.test.tsx" name="LoginForm Component &gt; Authentication State &gt; should render form if not authenticated" time="0.008031375">
        </testcase>
        <testcase classname="packages/client/src/__tests__/components/LoginForm.test.tsx" name="LoginForm Component &gt; Mock Verification &gt; should have properly mocked auth functions" time="0.000194">
        </testcase>
        <testcase classname="packages/client/src/__tests__/components/LoginForm.test.tsx" name="LoginForm Component &gt; Mock Verification &gt; should call login when invoked" time="0.000596458">
        </testcase>
    </testsuite>
    <testsuite name="packages/client/src/__tests__/components/Navigation.test.tsx" timestamp="2025-07-11T00:47:21.429Z" hostname="MacBookPro.attlocal.net" tests="15" failures="0" errors="0" skipped="0" time="0.139492625">
        <testcase classname="packages/client/src/__tests__/components/Navigation.test.tsx" name="Navigation Component &gt; Unauthenticated State &gt; should render navigation items even when user is not authenticated" time="0.020640667">
            <system-err>
⚠️ React Router Future Flag Warning: React Router will begin wrapping state updates in `React.startTransition` in v7. You can use the `v7_startTransition` future flag to opt-in early. For more information, see https://reactrouter.com/v6/upgrading/future#v7_starttransition.
⚠️ React Router Future Flag Warning: Relative route resolution within Splat routes is changing in v7. You can use the `v7_relativeSplatPath` future flag to opt-in early. For more information, see https://reactrouter.com/v6/upgrading/future#v7_relativesplatpath.

            </system-err>
        </testcase>
        <testcase classname="packages/client/src/__tests__/components/Navigation.test.tsx" name="Navigation Component &gt; Authenticated State &gt; should render navigation items when authenticated" time="0.004664834">
        </testcase>
        <testcase classname="packages/client/src/__tests__/components/Navigation.test.tsx" name="Navigation Component &gt; Authenticated State &gt; should render user menu button" time="0.010259709">
        </testcase>
        <testcase classname="packages/client/src/__tests__/components/Navigation.test.tsx" name="Navigation Component &gt; Authenticated State &gt; should render navigation links with correct hrefs" time="0.006456541">
        </testcase>
        <testcase classname="packages/client/src/__tests__/components/Navigation.test.tsx" name="Navigation Component &gt; Authenticated State &gt; should highlight active navigation item" time="0.009486792">
        </testcase>
        <testcase classname="packages/client/src/__tests__/components/Navigation.test.tsx" name="Navigation Component &gt; Authenticated State &gt; should render mobile menu button" time="0.005495">
        </testcase>
        <testcase classname="packages/client/src/__tests__/components/Navigation.test.tsx" name="Navigation Component &gt; Authenticated State &gt; should render user menu button for interaction" time="0.003310083">
        </testcase>
        <testcase classname="packages/client/src/__tests__/components/Navigation.test.tsx" name="Navigation Component &gt; Loading State &gt; should handle loading state appropriately" time="0.00331625">
        </testcase>
        <testcase classname="packages/client/src/__tests__/components/Navigation.test.tsx" name="Navigation Component &gt; Accessibility &gt; should have proper ARIA labels for navigation" time="0.010672208">
        </testcase>
        <testcase classname="packages/client/src/__tests__/components/Navigation.test.tsx" name="Navigation Component &gt; Accessibility &gt; should have proper focus management" time="0.008582416">
        </testcase>
        <testcase classname="packages/client/src/__tests__/components/Navigation.test.tsx" name="Navigation Component &gt; Accessibility &gt; should support keyboard navigation" time="0.027646042">
        </testcase>
        <testcase classname="packages/client/src/__tests__/components/Navigation.test.tsx" name="Navigation Component &gt; Logo and Branding &gt; should display logo or brand name" time="0.007186583">
        </testcase>
        <testcase classname="packages/client/src/__tests__/components/Navigation.test.tsx" name="Navigation Component &gt; Logo and Branding &gt; should link logo to dashboard page" time="0.006830667">
        </testcase>
        <testcase classname="packages/client/src/__tests__/components/Navigation.test.tsx" name="Navigation Component &gt; Active Route Highlighting &gt; should highlight recipes page when on recipes route" time="0.008181167">
        </testcase>
        <testcase classname="packages/client/src/__tests__/components/Navigation.test.tsx" name="Navigation Component &gt; Active Route Highlighting &gt; should highlight add recipe page when on add recipe route" time="0.004240709">
        </testcase>
    </testsuite>
    <testsuite name="packages/client/src/__tests__/hooks/useAuth.test.tsx" timestamp="2025-07-11T00:47:21.434Z" hostname="MacBookPro.attlocal.net" tests="17" failures="0" errors="0" skipped="0" time="0.228232417">
        <testcase classname="packages/client/src/__tests__/hooks/useAuth.test.tsx" name="useAuth Hook &gt; Initial State &gt; should initialize with null user and loading state" time="0.014628125">
            <system-err>
⚠️ React Router Future Flag Warning: React Router will begin wrapping state updates in `React.startTransition` in v7. You can use the `v7_startTransition` future flag to opt-in early. For more information, see https://reactrouter.com/v6/upgrading/future#v7_starttransition.
⚠️ React Router Future Flag Warning: Relative route resolution within Splat routes is changing in v7. You can use the `v7_relativeSplatPath` future flag to opt-in early. For more information, see https://reactrouter.com/v6/upgrading/future#v7_relativesplatpath.

            </system-err>
        </testcase>
        <testcase classname="packages/client/src/__tests__/hooks/useAuth.test.tsx" name="useAuth Hook &gt; Initial State &gt; should restore user from storage if authenticated" time="0.055313667">
        </testcase>
        <testcase classname="packages/client/src/__tests__/hooks/useAuth.test.tsx" name="useAuth Hook &gt; Initial State &gt; should clear auth if token is invalid" time="0.054557333">
        </testcase>
        <testcase classname="packages/client/src/__tests__/hooks/useAuth.test.tsx" name="useAuth Hook &gt; Login &gt; should login successfully and navigate to dashboard" time="0.004426708">
        </testcase>
        <testcase classname="packages/client/src/__tests__/hooks/useAuth.test.tsx" name="useAuth Hook &gt; Login &gt; should handle login errors" time="0.003961584">
        </testcase>
        <testcase classname="packages/client/src/__tests__/hooks/useAuth.test.tsx" name="useAuth Hook &gt; Login &gt; should set loading state during login" time="0.055903959">
        </testcase>
        <testcase classname="packages/client/src/__tests__/hooks/useAuth.test.tsx" name="useAuth Hook &gt; Register &gt; should register successfully and navigate to dashboard" time="0.007130041">
        </testcase>
        <testcase classname="packages/client/src/__tests__/hooks/useAuth.test.tsx" name="useAuth Hook &gt; Register &gt; should handle registration errors" time="0.00413625">
        </testcase>
        <testcase classname="packages/client/src/__tests__/hooks/useAuth.test.tsx" name="useAuth Hook &gt; Logout &gt; should logout successfully and navigate to login" time="0.004574167">
        </testcase>
        <testcase classname="packages/client/src/__tests__/hooks/useAuth.test.tsx" name="useAuth Hook &gt; Logout &gt; should handle logout errors gracefully" time="0.006135958">
            <system-err>
Logout failed: Error: Logout failed
    at [90m/Users/benh/GitHub/Recipe-Manager-SPA/[39mpackages/client/src/__tests__/hooks/useAuth.test.tsx:330:52
    at [90mfile:///Users/benh/GitHub/Recipe-Manager-SPA/[39mnode_modules/[4m@vitest[24m/runner/dist/chunk-hooks.js:155:11
    at [90mfile:///Users/benh/GitHub/Recipe-Manager-SPA/[39mnode_modules/[4m@vitest[24m/runner/dist/chunk-hooks.js:752:26
    at [90mfile:///Users/benh/GitHub/Recipe-Manager-SPA/[39mnode_modules/[4m@vitest[24m/runner/dist/chunk-hooks.js:1897:20
    at new Promise (&lt;anonymous&gt;)
    at runWithTimeout [90m(file:///Users/benh/GitHub/Recipe-Manager-SPA/[39mnode_modules/[4m@vitest[24m/runner/dist/chunk-hooks.js:1863:10[90m)[39m
    at runTest [90m(file:///Users/benh/GitHub/Recipe-Manager-SPA/[39mnode_modules/[4m@vitest[24m/runner/dist/chunk-hooks.js:1574:12[90m)[39m
    at runSuite [90m(file:///Users/benh/GitHub/Recipe-Manager-SPA/[39mnode_modules/[4m@vitest[24m/runner/dist/chunk-hooks.js:1729:8[90m)[39m
    at runSuite [90m(file:///Users/benh/GitHub/Recipe-Manager-SPA/[39mnode_modules/[4m@vitest[24m/runner/dist/chunk-hooks.js:1729:8[90m)[39m
    at runSuite [90m(file:///Users/benh/GitHub/Recipe-Manager-SPA/[39mnode_modules/[4m@vitest[24m/runner/dist/chunk-hooks.js:1729:8[90m)[39m

            </system-err>
        </testcase>
        <testcase classname="packages/client/src/__tests__/hooks/useAuth.test.tsx" name="useAuth Hook &gt; Profile Update &gt; should update profile successfully" time="0.001971125">
        </testcase>
        <testcase classname="packages/client/src/__tests__/hooks/useAuth.test.tsx" name="useAuth Hook &gt; Profile Update &gt; should handle profile update errors" time="0.001167417">
        </testcase>
        <testcase classname="packages/client/src/__tests__/hooks/useAuth.test.tsx" name="useAuth Hook &gt; Password Change &gt; should change password successfully" time="0.001956">
        </testcase>
        <testcase classname="packages/client/src/__tests__/hooks/useAuth.test.tsx" name="useAuth Hook &gt; Password Change &gt; should handle password change errors" time="0.002025625">
        </testcase>
        <testcase classname="packages/client/src/__tests__/hooks/useAuth.test.tsx" name="useAuth Hook &gt; Refresh User &gt; should refresh user data successfully" time="0.0008635">
        </testcase>
        <testcase classname="packages/client/src/__tests__/hooks/useAuth.test.tsx" name="useAuth Hook &gt; Refresh User &gt; should handle refresh user errors" time="0.003771917">
            <system-err>
Failed to refresh user: Error: Refresh failed
    at [90m/Users/benh/GitHub/Recipe-Manager-SPA/[39mpackages/client/src/__tests__/hooks/useAuth.test.tsx:489:31
    at [90mfile:///Users/benh/GitHub/Recipe-Manager-SPA/[39mnode_modules/[4m@vitest[24m/runner/dist/chunk-hooks.js:155:11
    at [90mfile:///Users/benh/GitHub/Recipe-Manager-SPA/[39mnode_modules/[4m@vitest[24m/runner/dist/chunk-hooks.js:752:26
    at [90mfile:///Users/benh/GitHub/Recipe-Manager-SPA/[39mnode_modules/[4m@vitest[24m/runner/dist/chunk-hooks.js:1897:20
    at new Promise (&lt;anonymous&gt;)
    at runWithTimeout [90m(file:///Users/benh/GitHub/Recipe-Manager-SPA/[39mnode_modules/[4m@vitest[24m/runner/dist/chunk-hooks.js:1863:10[90m)[39m
    at runTest [90m(file:///Users/benh/GitHub/Recipe-Manager-SPA/[39mnode_modules/[4m@vitest[24m/runner/dist/chunk-hooks.js:1574:12[90m)[39m
    at runSuite [90m(file:///Users/benh/GitHub/Recipe-Manager-SPA/[39mnode_modules/[4m@vitest[24m/runner/dist/chunk-hooks.js:1729:8[90m)[39m
    at runSuite [90m(file:///Users/benh/GitHub/Recipe-Manager-SPA/[39mnode_modules/[4m@vitest[24m/runner/dist/chunk-hooks.js:1729:8[90m)[39m
    at runSuite [90m(file:///Users/benh/GitHub/Recipe-Manager-SPA/[39mnode_modules/[4m@vitest[24m/runner/dist/chunk-hooks.js:1729:8[90m)[39m

            </system-err>
        </testcase>
        <testcase classname="packages/client/src/__tests__/hooks/useAuth.test.tsx" name="useAuth Hook &gt; Error Handling &gt; should throw error when used outside AuthProvider" time="0.002588541">
        </testcase>
    </testsuite>
    <testsuite name="packages/client/src/__tests__/services/api.test.ts" timestamp="2025-07-11T00:47:21.437Z" hostname="MacBookPro.attlocal.net" tests="21" failures="0" errors="0" skipped="0" time="0.007323791">
        <testcase classname="packages/client/src/__tests__/services/api.test.ts" name="ApiClient &gt; Authentication &gt; should return true when authenticated" time="0.000737583">
        </testcase>
        <testcase classname="packages/client/src/__tests__/services/api.test.ts" name="ApiClient &gt; Authentication &gt; should return false when not authenticated" time="0.000100625">
        </testcase>
        <testcase classname="packages/client/src/__tests__/services/api.test.ts" name="ApiClient &gt; Authentication &gt; should get stored user from localStorage" time="0.000378125">
        </testcase>
        <testcase classname="packages/client/src/__tests__/services/api.test.ts" name="ApiClient &gt; Authentication &gt; should return null when no user is stored" time="0.000287833">
        </testcase>
        <testcase classname="packages/client/src/__tests__/services/api.test.ts" name="ApiClient &gt; Authentication &gt; should clear auth data" time="0.001196875">
        </testcase>
        <testcase classname="packages/client/src/__tests__/services/api.test.ts" name="ApiClient &gt; Recipe Methods &gt; should call getRecipes with correct parameters" time="0.000239333">
        </testcase>
        <testcase classname="packages/client/src/__tests__/services/api.test.ts" name="ApiClient &gt; Recipe Methods &gt; should call getRecipe with correct ID" time="0.000177208">
        </testcase>
        <testcase classname="packages/client/src/__tests__/services/api.test.ts" name="ApiClient &gt; Recipe Methods &gt; should call createRecipe with recipe data" time="0.0001055">
        </testcase>
        <testcase classname="packages/client/src/__tests__/services/api.test.ts" name="ApiClient &gt; Recipe Methods &gt; should call updateRecipe with ID and data" time="0.000302916">
        </testcase>
        <testcase classname="packages/client/src/__tests__/services/api.test.ts" name="ApiClient &gt; Recipe Methods &gt; should call deleteRecipe with ID" time="0.000302333">
        </testcase>
        <testcase classname="packages/client/src/__tests__/services/api.test.ts" name="ApiClient &gt; Auth Methods &gt; should call login with credentials" time="0.000164834">
        </testcase>
        <testcase classname="packages/client/src/__tests__/services/api.test.ts" name="ApiClient &gt; Auth Methods &gt; should call register with user data" time="0.000252416">
        </testcase>
        <testcase classname="packages/client/src/__tests__/services/api.test.ts" name="ApiClient &gt; Auth Methods &gt; should call logout" time="0.000077875">
        </testcase>
        <testcase classname="packages/client/src/__tests__/services/api.test.ts" name="ApiClient &gt; Auth Methods &gt; should call getCurrentUser" time="0.000067125">
        </testcase>
        <testcase classname="packages/client/src/__tests__/services/api.test.ts" name="ApiClient &gt; Auth Methods &gt; should call getUserStats" time="0.000067667">
        </testcase>
        <testcase classname="packages/client/src/__tests__/services/api.test.ts" name="ApiClient &gt; Utility Methods &gt; should call searchRecipes with parameters" time="0.000082875">
        </testcase>
        <testcase classname="packages/client/src/__tests__/services/api.test.ts" name="ApiClient &gt; Utility Methods &gt; should call getRecipeCategories" time="0.000057166">
        </testcase>
        <testcase classname="packages/client/src/__tests__/services/api.test.ts" name="ApiClient &gt; Utility Methods &gt; should call uploadImage with file" time="0.000187375">
        </testcase>
        <testcase classname="packages/client/src/__tests__/services/api.test.ts" name="ApiClient &gt; Utility Methods &gt; should call getUserRecipes" time="0.000067833">
        </testcase>
        <testcase classname="packages/client/src/__tests__/services/api.test.ts" name="ApiClient &gt; Utility Methods &gt; should call updateProfile" time="0.000063958">
        </testcase>
        <testcase classname="packages/client/src/__tests__/services/api.test.ts" name="ApiClient &gt; Utility Methods &gt; should call changePassword" time="0.000063042">
        </testcase>
    </testsuite>
    <testsuite name="packages/server/src/__tests__/unit/middleware/auth.test.ts" timestamp="2025-07-11T00:47:21.439Z" hostname="MacBookPro.attlocal.net" tests="11" failures="0" errors="0" skipped="0" time="0.008863834">
        <testcase classname="packages/server/src/__tests__/unit/middleware/auth.test.ts" name="Auth Middleware &gt; authenticate &gt; should authenticate valid token and add user to request" time="0.002026333">
        </testcase>
        <testcase classname="packages/server/src/__tests__/unit/middleware/auth.test.ts" name="Auth Middleware &gt; authenticate &gt; should throw ApiError for missing authorization header" time="0.001051583">
        </testcase>
        <testcase classname="packages/server/src/__tests__/unit/middleware/auth.test.ts" name="Auth Middleware &gt; authenticate &gt; should throw ApiError for invalid token format" time="0.000875917">
        </testcase>
        <testcase classname="packages/server/src/__tests__/unit/middleware/auth.test.ts" name="Auth Middleware &gt; authenticate &gt; should throw ApiError for expired token" time="0.000935583">
        </testcase>
        <testcase classname="packages/server/src/__tests__/unit/middleware/auth.test.ts" name="Auth Middleware &gt; authenticate &gt; should throw ApiError for invalid token" time="0.000311125">
        </testcase>
        <testcase classname="packages/server/src/__tests__/unit/middleware/auth.test.ts" name="Auth Middleware &gt; authenticate &gt; should handle ApiError from AuthUtils correctly" time="0.000295">
        </testcase>
        <testcase classname="packages/server/src/__tests__/unit/middleware/auth.test.ts" name="Auth Middleware &gt; optionalAuth &gt; should authenticate valid token and add user to request" time="0.000336542">
        </testcase>
        <testcase classname="packages/server/src/__tests__/unit/middleware/auth.test.ts" name="Auth Middleware &gt; optionalAuth &gt; should continue without user for missing authorization header" time="0.000151375">
        </testcase>
        <testcase classname="packages/server/src/__tests__/unit/middleware/auth.test.ts" name="Auth Middleware &gt; optionalAuth &gt; should continue without user for invalid token format" time="0.000238625">
        </testcase>
        <testcase classname="packages/server/src/__tests__/unit/middleware/auth.test.ts" name="Auth Middleware &gt; optionalAuth &gt; should continue without user for expired token" time="0.000129">
        </testcase>
        <testcase classname="packages/server/src/__tests__/unit/middleware/auth.test.ts" name="Auth Middleware &gt; optionalAuth &gt; should continue without user for invalid token" time="0.000096667">
        </testcase>
    </testsuite>
    <testsuite name="packages/server/src/__tests__/unit/utils/auth.test.ts" timestamp="2025-07-11T00:47:21.441Z" hostname="MacBookPro.attlocal.net" tests="27" failures="5" errors="0" skipped="0" time="3.253308083">
        <testcase classname="packages/server/src/__tests__/unit/utils/auth.test.ts" name="AuthUtils &gt; hashPassword &gt; should hash a password" time="0.360533041">
        </testcase>
        <testcase classname="packages/server/src/__tests__/unit/utils/auth.test.ts" name="AuthUtils &gt; hashPassword &gt; should create different hashes for the same password" time="0.637698292">
        </testcase>
        <testcase classname="packages/server/src/__tests__/unit/utils/auth.test.ts" name="AuthUtils &gt; hashPassword &gt; should handle empty password" time="0.306879084">
        </testcase>
        <testcase classname="packages/server/src/__tests__/unit/utils/auth.test.ts" name="AuthUtils &gt; comparePassword &gt; should return true for matching password and hash" time="0.625290958">
        </testcase>
        <testcase classname="packages/server/src/__tests__/unit/utils/auth.test.ts" name="AuthUtils &gt; comparePassword &gt; should return false for non-matching password and hash" time="0.562941125">
        </testcase>
        <testcase classname="packages/server/src/__tests__/unit/utils/auth.test.ts" name="AuthUtils &gt; comparePassword &gt; should return false for empty password" time="0.747881667">
        </testcase>
        <testcase classname="packages/server/src/__tests__/unit/utils/auth.test.ts" name="AuthUtils &gt; comparePassword &gt; should return false for invalid hash" time="0.000203166">
        </testcase>
        <testcase classname="packages/server/src/__tests__/unit/utils/auth.test.ts" name="AuthUtils &gt; generateTokens &gt; should generate access and refresh tokens" time="0.000586">
        </testcase>
        <testcase classname="packages/server/src/__tests__/unit/utils/auth.test.ts" name="AuthUtils &gt; generateAccessToken &gt; should generate an access token" time="0.001010375">
        </testcase>
        <testcase classname="packages/server/src/__tests__/unit/utils/auth.test.ts" name="AuthUtils &gt; generateRefreshToken &gt; should generate a refresh token" time="0.000285166">
        </testcase>
        <testcase classname="packages/server/src/__tests__/unit/utils/auth.test.ts" name="AuthUtils &gt; verifyToken &gt; should verify a valid token" time="0.000205208">
        </testcase>
        <testcase classname="packages/server/src/__tests__/unit/utils/auth.test.ts" name="AuthUtils &gt; verifyToken &gt; should throw error for invalid token" time="0.00057525">
        </testcase>
        <testcase classname="packages/server/src/__tests__/unit/utils/auth.test.ts" name="AuthUtils &gt; verifyToken &gt; should throw error for expired token" time="0.000115375">
        </testcase>
        <testcase classname="packages/server/src/__tests__/unit/utils/auth.test.ts" name="AuthUtils &gt; verifyToken &gt; should throw generic error for other verification failures" time="0.000101334">
        </testcase>
        <testcase classname="packages/server/src/__tests__/unit/utils/auth.test.ts" name="AuthUtils &gt; extractTokenFromHeader &gt; should extract token from Authorization header" time="0.000064542">
        </testcase>
        <testcase classname="packages/server/src/__tests__/unit/utils/auth.test.ts" name="AuthUtils &gt; extractTokenFromHeader &gt; should return null for missing Authorization header" time="0.000065667">
        </testcase>
        <testcase classname="packages/server/src/__tests__/unit/utils/auth.test.ts" name="AuthUtils &gt; extractTokenFromHeader &gt; should return null for invalid Authorization header format" time="0.000040084">
        </testcase>
        <testcase classname="packages/server/src/__tests__/unit/utils/auth.test.ts" name="AuthUtils &gt; extractTokenFromHeader &gt; should return null for missing Bearer prefix" time="0.000038792">
        </testcase>
        <testcase classname="packages/server/src/__tests__/unit/utils/auth.test.ts" name="AuthUtils &gt; extractTokenFromHeader &gt; should return null for empty token" time="0.000042084">
        </testcase>
        <testcase classname="packages/server/src/__tests__/unit/utils/auth.test.ts" name="AuthUtils &gt; validatePassword &gt; should validate a strong password" time="0.00031075">
        </testcase>
        <testcase classname="packages/server/src/__tests__/unit/utils/auth.test.ts" name="AuthUtils &gt; validatePassword &gt; should reject password that is too short" time="0.0039885">
            <failure message="expected [ &apos;minLength&apos; ] to include &apos;Password must be at least 8 character…&apos;" type="AssertionError">
AssertionError: expected [ &apos;minLength&apos; ] to include &apos;Password must be at least 8 character…&apos;
 ❯ packages/server/src/__tests__/unit/utils/auth.test.ts:234:29
            </failure>
        </testcase>
        <testcase classname="packages/server/src/__tests__/unit/utils/auth.test.ts" name="AuthUtils &gt; validatePassword &gt; should reject password without lowercase" time="0.000403334">
            <failure message="expected [ &apos;lowercase&apos; ] to include &apos;Password must contain at least one lo…&apos;" type="AssertionError">
AssertionError: expected [ &apos;lowercase&apos; ] to include &apos;Password must contain at least one lo…&apos;
 ❯ packages/server/src/__tests__/unit/utils/auth.test.ts:242:29
            </failure>
        </testcase>
        <testcase classname="packages/server/src/__tests__/unit/utils/auth.test.ts" name="AuthUtils &gt; validatePassword &gt; should reject password without uppercase" time="0.000263291">
            <failure message="expected [ &apos;uppercase&apos; ] to include &apos;Password must contain at least one up…&apos;" type="AssertionError">
AssertionError: expected [ &apos;uppercase&apos; ] to include &apos;Password must contain at least one up…&apos;
 ❯ packages/server/src/__tests__/unit/utils/auth.test.ts:250:29
            </failure>
        </testcase>
        <testcase classname="packages/server/src/__tests__/unit/utils/auth.test.ts" name="AuthUtils &gt; validatePassword &gt; should reject password without number" time="0.000188875">
            <failure message="expected [ &apos;number&apos; ] to include &apos;Password must contain at least one nu…&apos;" type="AssertionError">
AssertionError: expected [ &apos;number&apos; ] to include &apos;Password must contain at least one nu…&apos;
 ❯ packages/server/src/__tests__/unit/utils/auth.test.ts:258:29
            </failure>
        </testcase>
        <testcase classname="packages/server/src/__tests__/unit/utils/auth.test.ts" name="AuthUtils &gt; validatePassword &gt; should reject password without special character" time="0.000332875">
            <failure message="expected [ &apos;specialChar&apos; ] to include &apos;Password must contain at least one sp…&apos;" type="AssertionError">
AssertionError: expected [ &apos;specialChar&apos; ] to include &apos;Password must contain at least one sp…&apos;
 ❯ packages/server/src/__tests__/unit/utils/auth.test.ts:266:29
            </failure>
        </testcase>
        <testcase classname="packages/server/src/__tests__/unit/utils/auth.test.ts" name="AuthUtils &gt; validatePassword &gt; should return multiple errors for weak password" time="0.000056417">
        </testcase>
        <testcase classname="packages/server/src/__tests__/unit/utils/auth.test.ts" name="AuthUtils &gt; sanitizeUserResponse &gt; should remove password_hash from user object" time="0.000308833">
        </testcase>
    </testsuite>
    <testsuite name="packages/server/src/__tests__/unit/services/recipeService.test.ts" timestamp="2025-07-11T00:47:21.447Z" hostname="MacBookPro.attlocal.net" tests="20" failures="1" errors="0" skipped="0" time="0.017675541">
        <testcase classname="packages/server/src/__tests__/unit/services/recipeService.test.ts" name="RecipeService &gt; getAllRecipes &gt; should return paginated recipes with default pagination" time="0.003445584">
            <system-out>
[32minfo[39m: Retrieved 1 recipes (page 1/1) {&quot;timestamp&quot;:&quot;2025-07-11T00:47:18.127Z&quot;}

            </system-out>
        </testcase>
        <testcase classname="packages/server/src/__tests__/unit/services/recipeService.test.ts" name="RecipeService &gt; getAllRecipes &gt; should filter recipes by search term" time="0.00071325">
            <system-out>
[32minfo[39m: Retrieved 0 recipes (page 1/0) {&quot;timestamp&quot;:&quot;2025-07-11T00:47:18.130Z&quot;}

            </system-out>
        </testcase>
        <testcase classname="packages/server/src/__tests__/unit/services/recipeService.test.ts" name="RecipeService &gt; getAllRecipes &gt; should filter recipes by category" time="0.000292833">
            <system-out>
[32minfo[39m: Retrieved 0 recipes (page 1/0) {&quot;timestamp&quot;:&quot;2025-07-11T00:47:18.131Z&quot;}

            </system-out>
        </testcase>
        <testcase classname="packages/server/src/__tests__/unit/services/recipeService.test.ts" name="RecipeService &gt; getAllRecipes &gt; should filter recipes by difficulty and user" time="0.00028225">
            <system-out>
[32minfo[39m: Retrieved 0 recipes (page 1/0) {&quot;timestamp&quot;:&quot;2025-07-11T00:47:18.131Z&quot;}

            </system-out>
        </testcase>
        <testcase classname="packages/server/src/__tests__/unit/services/recipeService.test.ts" name="RecipeService &gt; getAllRecipes &gt; should handle custom pagination" time="0.000374">
            <system-out>
[32minfo[39m: Retrieved 0 recipes (page 2/3) {&quot;timestamp&quot;:&quot;2025-07-11T00:47:18.132Z&quot;}

            </system-out>
        </testcase>
        <testcase classname="packages/server/src/__tests__/unit/services/recipeService.test.ts" name="RecipeService &gt; getRecipeById &gt; should return recipe by ID" time="0.000436667">
            <system-out>
[32minfo[39m: Retrieved recipe: Test Recipe {&quot;timestamp&quot;:&quot;2025-07-11T00:47:18.132Z&quot;}

            </system-out>
        </testcase>
        <testcase classname="packages/server/src/__tests__/unit/services/recipeService.test.ts" name="RecipeService &gt; getRecipeById &gt; should return null if recipe not found" time="0.000085209">
        </testcase>
        <testcase classname="packages/server/src/__tests__/unit/services/recipeService.test.ts" name="RecipeService &gt; createRecipe &gt; should create a new recipe successfully" time="0.0049545">
            <system-out>
[32minfo[39m: Created recipe: New Recipe {&quot;timestamp&quot;:&quot;2025-07-11T00:47:18.133Z&quot;}

            </system-out>
            <failure message="expected &quot;spy&quot; to be called with arguments: [ { data: { …(9) }, …(1) } ][90m

Received: 

[1m  1st spy call:

[22m[33m@@ -2,10 +2,11 @@[90m
[2m    {[22m
[2m      &quot;data&quot;: {[22m
[2m        &quot;category&quot;: &quot;Main Course&quot;,[22m
[2m        &quot;cook_time&quot;: 45,[22m
[2m        &quot;difficulty&quot;: &quot;Medium&quot;,[22m
[31m+       &quot;image_url&quot;: null,[90m
[2m        &quot;ingredients&quot;: &quot;[\&quot;ingredient 1\&quot;,\&quot;ingredient 2\&quot;]&quot;,[22m
[2m        &quot;instructions&quot;: &quot;Mix and cook&quot;,[22m
[2m        &quot;servings&quot;: 6,[22m
[2m        &quot;tags&quot;: &quot;[\&quot;tag1\&quot;,\&quot;tag2\&quot;]&quot;,[22m
[2m        &quot;title&quot;: &quot;New Recipe&quot;,[22m
[39m[90m

Number of calls: [1m1[22m
[39m" type="AssertionError">
AssertionError: expected &quot;spy&quot; to be called with arguments: [ { data: { …(9) }, …(1) } ]

Received: 

  1st spy call:

@@ -2,10 +2,11 @@
    {
      &quot;data&quot;: {
        &quot;category&quot;: &quot;Main Course&quot;,
        &quot;cook_time&quot;: 45,
        &quot;difficulty&quot;: &quot;Medium&quot;,
+       &quot;image_url&quot;: null,
        &quot;ingredients&quot;: &quot;[\&quot;ingredient 1\&quot;,\&quot;ingredient 2\&quot;]&quot;,
        &quot;instructions&quot;: &quot;Mix and cook&quot;,
        &quot;servings&quot;: 6,
        &quot;tags&quot;: &quot;[\&quot;tag1\&quot;,\&quot;tag2\&quot;]&quot;,
        &quot;title&quot;: &quot;New Recipe&quot;,


Number of calls: 1

 ❯ packages/server/src/__tests__/unit/services/recipeService.test.ts:280:36
            </failure>
        </testcase>
        <testcase classname="packages/server/src/__tests__/unit/services/recipeService.test.ts" name="RecipeService &gt; createRecipe &gt; should handle database errors" time="0.001324333">
            <system-out>
[31merror[39m: Error creating recipe: Database error {&quot;stack&quot;:&quot;Error: Database error\n    at /Users/benh/GitHub/Recipe-Manager-SPA/packages/server/src/__tests__/unit/services/recipeService.test.ts:304:76\n    at file:///Users/benh/GitHub/Recipe-Manager-SPA/node_modules/@vitest/runner/dist/chunk-hooks.js:155:11\n    at file:///Users/benh/GitHub/Recipe-Manager-SPA/node_modules/@vitest/runner/dist/chunk-hooks.js:752:26\n    at file:///Users/benh/GitHub/Recipe-Manager-SPA/node_modules/@vitest/runner/dist/chunk-hooks.js:1897:20\n    at new Promise (&lt;anonymous&gt;)\n    at runWithTimeout (file:///Users/benh/GitHub/Recipe-Manager-SPA/node_modules/@vitest/runner/dist/chunk-hooks.js:1863:10)\n    at runTest (file:///Users/benh/GitHub/Recipe-Manager-SPA/node_modules/@vitest/runner/dist/chunk-hooks.js:1574:12)\n    at processTicksAndRejections (node:internal/process/task_queues:105:5)\n    at runSuite (file:///Users/benh/GitHub/Recipe-Manager-SPA/node_modules/@vitest/runner/dist/chunk-hooks.js:1729:8)\n    at runSuite (file:///Users/benh/GitHub/Recipe-Manager-SPA/node_modules/@vitest/runner/dist/chunk-hooks.js:1729:8)&quot;,&quot;timestamp&quot;:&quot;2025-07-11T00:47:18.138Z&quot;}

            </system-out>
        </testcase>
        <testcase classname="packages/server/src/__tests__/unit/services/recipeService.test.ts" name="RecipeService &gt; updateRecipe &gt; should update recipe successfully" time="0.000822584">
            <system-out>
[32minfo[39m: Updated recipe: Updated Recipe {&quot;timestamp&quot;:&quot;2025-07-11T00:47:18.139Z&quot;}

            </system-out>
        </testcase>
        <testcase classname="packages/server/src/__tests__/unit/services/recipeService.test.ts" name="RecipeService &gt; updateRecipe &gt; should handle database errors" time="0.000423125">
            <system-out>
[31merror[39m: Error updating recipe: Database error {&quot;stack&quot;:&quot;Error: Database error\n    at /Users/benh/GitHub/Recipe-Manager-SPA/packages/server/src/__tests__/unit/services/recipeService.test.ts:364:76\n    at file:///Users/benh/GitHub/Recipe-Manager-SPA/node_modules/@vitest/runner/dist/chunk-hooks.js:155:11\n    at file:///Users/benh/GitHub/Recipe-Manager-SPA/node_modules/@vitest/runner/dist/chunk-hooks.js:752:26\n    at file:///Users/benh/GitHub/Recipe-Manager-SPA/node_modules/@vitest/runner/dist/chunk-hooks.js:1897:20\n    at new Promise (&lt;anonymous&gt;)\n    at runWithTimeout (file:///Users/benh/GitHub/Recipe-Manager-SPA/node_modules/@vitest/runner/dist/chunk-hooks.js:1863:10)\n    at runTest (file:///Users/benh/GitHub/Recipe-Manager-SPA/node_modules/@vitest/runner/dist/chunk-hooks.js:1574:12)\n    at processTicksAndRejections (node:internal/process/task_queues:105:5)\n    at runSuite (file:///Users/benh/GitHub/Recipe-Manager-SPA/node_modules/@vitest/runner/dist/chunk-hooks.js:1729:8)\n    at runSuite (file:///Users/benh/GitHub/Recipe-Manager-SPA/node_modules/@vitest/runner/dist/chunk-hooks.js:1729:8)&quot;,&quot;timestamp&quot;:&quot;2025-07-11T00:47:18.140Z&quot;}

            </system-out>
        </testcase>
        <testcase classname="packages/server/src/__tests__/unit/services/recipeService.test.ts" name="RecipeService &gt; deleteRecipe &gt; should delete recipe successfully" time="0.000339667">
            <system-out>
[32minfo[39m: Deleted recipe: Recipe to Delete {&quot;timestamp&quot;:&quot;2025-07-11T00:47:18.140Z&quot;}

            </system-out>
        </testcase>
        <testcase classname="packages/server/src/__tests__/unit/services/recipeService.test.ts" name="RecipeService &gt; deleteRecipe &gt; should throw error if recipe not found" time="0.000580167">
            <system-out>
[31merror[39m: Error deleting recipe: Recipe not found {&quot;stack&quot;:&quot;Error: Recipe not found\n    at Function.deleteRecipe (/Users/benh/GitHub/Recipe-Manager-SPA/packages/server/src/services/recipeService.ts:205:15)\n    at processTicksAndRejections (node:internal/process/task_queues:105:5)&quot;,&quot;timestamp&quot;:&quot;2025-07-11T00:47:18.141Z&quot;}

            </system-out>
        </testcase>
        <testcase classname="packages/server/src/__tests__/unit/services/recipeService.test.ts" name="RecipeService &gt; getUserRecipes &gt; should return user recipes with pagination" time="0.000259416">
            <system-out>
[32minfo[39m: Retrieved 1 recipes for user user-1 {&quot;timestamp&quot;:&quot;2025-07-11T00:47:18.141Z&quot;}

            </system-out>
        </testcase>
        <testcase classname="packages/server/src/__tests__/unit/services/recipeService.test.ts" name="RecipeService &gt; searchRecipes &gt; should search recipes by query" time="0.000265875">
            <system-out>
[32minfo[39m: Search for &quot;pasta&quot; returned 0 recipes {&quot;timestamp&quot;:&quot;2025-07-11T00:47:18.142Z&quot;}

            </system-out>
        </testcase>
        <testcase classname="packages/server/src/__tests__/unit/services/recipeService.test.ts" name="RecipeService &gt; getRecipesByCategory &gt; should return recipes by category" time="0.000191333">
            <system-out>
[32minfo[39m: Retrieved 0 recipes for category &quot;Main Course&quot; {&quot;timestamp&quot;:&quot;2025-07-11T00:47:18.142Z&quot;}

            </system-out>
        </testcase>
        <testcase classname="packages/server/src/__tests__/unit/services/recipeService.test.ts" name="RecipeService &gt; getRecipeCategories &gt; should return unique recipe categories" time="0.000130709">
        </testcase>
        <testcase classname="packages/server/src/__tests__/unit/services/recipeService.test.ts" name="RecipeService &gt; verifyRecipeOwnership &gt; should return true if user owns the recipe" time="0.000148875">
        </testcase>
        <testcase classname="packages/server/src/__tests__/unit/services/recipeService.test.ts" name="RecipeService &gt; verifyRecipeOwnership &gt; should return false if user does not own the recipe" time="0.000058333">
        </testcase>
        <testcase classname="packages/server/src/__tests__/unit/services/recipeService.test.ts" name="RecipeService &gt; verifyRecipeOwnership &gt; should return false if recipe not found" time="0.00004975">
        </testcase>
    </testsuite>
    <testsuite name="packages/server/src/__tests__/unit/services/userService.test.ts" timestamp="2025-07-11T00:47:21.451Z" hostname="MacBookPro.attlocal.net" tests="21" failures="0" errors="0" skipped="0" time="0.017715917">
        <testcase classname="packages/server/src/__tests__/unit/services/userService.test.ts" name="UserService &gt; createUser &gt; should create a new user successfully" time="0.004217042">
            <system-out>
[32minfo[39m: Created user: test@example.com {&quot;timestamp&quot;:&quot;2025-07-11T00:47:18.105Z&quot;}

            </system-out>
        </testcase>
        <testcase classname="packages/server/src/__tests__/unit/services/userService.test.ts" name="UserService &gt; createUser &gt; should throw error if user already exists" time="0.001643542">
            <system-out>
[31merror[39m: Error creating user: User with this email already exists {&quot;stack&quot;:&quot;Error: User with this email already exists\n    at Function.createUser (/Users/benh/GitHub/Recipe-Manager-SPA/packages/server/src/services/userService.ts:38:15)\n    at processTicksAndRejections (node:internal/process/task_queues:105:5)&quot;,&quot;timestamp&quot;:&quot;2025-07-11T00:47:18.109Z&quot;}

            </system-out>
        </testcase>
        <testcase classname="packages/server/src/__tests__/unit/services/userService.test.ts" name="UserService &gt; createUser &gt; should handle database errors" time="0.001292958">
            <system-out>
[31merror[39m: Error creating user: Database error {&quot;stack&quot;:&quot;Error: Database error\n    at /Users/benh/GitHub/Recipe-Manager-SPA/packages/server/src/__tests__/unit/services/userService.test.ts:112:74\n    at file:///Users/benh/GitHub/Recipe-Manager-SPA/node_modules/@vitest/runner/dist/chunk-hooks.js:155:11\n    at file:///Users/benh/GitHub/Recipe-Manager-SPA/node_modules/@vitest/runner/dist/chunk-hooks.js:752:26\n    at file:///Users/benh/GitHub/Recipe-Manager-SPA/node_modules/@vitest/runner/dist/chunk-hooks.js:1897:20\n    at new Promise (&lt;anonymous&gt;)\n    at runWithTimeout (file:///Users/benh/GitHub/Recipe-Manager-SPA/node_modules/@vitest/runner/dist/chunk-hooks.js:1863:10)\n    at runTest (file:///Users/benh/GitHub/Recipe-Manager-SPA/node_modules/@vitest/runner/dist/chunk-hooks.js:1574:12)\n    at processTicksAndRejections (node:internal/process/task_queues:105:5)\n    at runSuite (file:///Users/benh/GitHub/Recipe-Manager-SPA/node_modules/@vitest/runner/dist/chunk-hooks.js:1729:8)\n    at runSuite (file:///Users/benh/GitHub/Recipe-Manager-SPA/node_modules/@vitest/runner/dist/chunk-hooks.js:1729:8)&quot;,&quot;timestamp&quot;:&quot;2025-07-11T00:47:18.111Z&quot;}

            </system-out>
        </testcase>
        <testcase classname="packages/server/src/__tests__/unit/services/userService.test.ts" name="UserService &gt; getUserById &gt; should return user by ID" time="0.000393875">
        </testcase>
        <testcase classname="packages/server/src/__tests__/unit/services/userService.test.ts" name="UserService &gt; getUserById &gt; should return null if user not found" time="0.000217291">
        </testcase>
        <testcase classname="packages/server/src/__tests__/unit/services/userService.test.ts" name="UserService &gt; getUserById &gt; should handle database errors" time="0.001351">
            <system-out>
[31merror[39m: Error fetching user by ID: Database error {&quot;stack&quot;:&quot;Error: Database error\n    at /Users/benh/GitHub/Recipe-Manager-SPA/packages/server/src/__tests__/unit/services/userService.test.ts:154:78\n    at file:///Users/benh/GitHub/Recipe-Manager-SPA/node_modules/@vitest/runner/dist/chunk-hooks.js:155:11\n    at file:///Users/benh/GitHub/Recipe-Manager-SPA/node_modules/@vitest/runner/dist/chunk-hooks.js:752:26\n    at file:///Users/benh/GitHub/Recipe-Manager-SPA/node_modules/@vitest/runner/dist/chunk-hooks.js:1897:20\n    at new Promise (&lt;anonymous&gt;)\n    at runWithTimeout (file:///Users/benh/GitHub/Recipe-Manager-SPA/node_modules/@vitest/runner/dist/chunk-hooks.js:1863:10)\n    at runTest (file:///Users/benh/GitHub/Recipe-Manager-SPA/node_modules/@vitest/runner/dist/chunk-hooks.js:1574:12)\n    at processTicksAndRejections (node:internal/process/task_queues:105:5)\n    at runSuite (file:///Users/benh/GitHub/Recipe-Manager-SPA/node_modules/@vitest/runner/dist/chunk-hooks.js:1729:8)\n    at runSuite (file:///Users/benh/GitHub/Recipe-Manager-SPA/node_modules/@vitest/runner/dist/chunk-hooks.js:1729:8)&quot;,&quot;timestamp&quot;:&quot;2025-07-11T00:47:18.113Z&quot;}

            </system-out>
        </testcase>
        <testcase classname="packages/server/src/__tests__/unit/services/userService.test.ts" name="UserService &gt; getUserByEmail &gt; should return user by email" time="0.000622708">
        </testcase>
        <testcase classname="packages/server/src/__tests__/unit/services/userService.test.ts" name="UserService &gt; getUserByEmail &gt; should return null if user not found" time="0.000297375">
        </testcase>
        <testcase classname="packages/server/src/__tests__/unit/services/userService.test.ts" name="UserService &gt; updateUser &gt; should update user successfully" time="0.000879708">
            <system-out>
[32minfo[39m: Updated user: updated@example.com {&quot;timestamp&quot;:&quot;2025-07-11T00:47:18.115Z&quot;}

            </system-out>
        </testcase>
        <testcase classname="packages/server/src/__tests__/unit/services/userService.test.ts" name="UserService &gt; updateUser &gt; should throw error if user not found" time="0.000358125">
            <system-out>
[31merror[39m: Error updating user: User not found {&quot;stack&quot;:&quot;Error: User not found\n    at Function.updateUser (/Users/benh/GitHub/Recipe-Manager-SPA/packages/server/src/services/userService.ts:96:15)\n    at processTicksAndRejections (node:internal/process/task_queues:105:5)&quot;,&quot;timestamp&quot;:&quot;2025-07-11T00:47:18.116Z&quot;}

            </system-out>
        </testcase>
        <testcase classname="packages/server/src/__tests__/unit/services/userService.test.ts" name="UserService &gt; updateUser &gt; should throw error if email already exists" time="0.00032025">
            <system-out>
[31merror[39m: Error updating user: Email already in use {&quot;stack&quot;:&quot;Error: Email already in use\n    at Function.updateUser (/Users/benh/GitHub/Recipe-Manager-SPA/packages/server/src/services/userService.ts:106:17)\n    at processTicksAndRejections (node:internal/process/task_queues:105:5)\n    at /Users/benh/GitHub/Recipe-Manager-SPA/packages/server/src/__tests__/unit/services/userService.test.ts:281:7\n    at file:///Users/benh/GitHub/Recipe-Manager-SPA/node_modules/@vitest/runner/dist/chunk-hooks.js:752:20&quot;,&quot;timestamp&quot;:&quot;2025-07-11T00:47:18.116Z&quot;}

            </system-out>
        </testcase>
        <testcase classname="packages/server/src/__tests__/unit/services/userService.test.ts" name="UserService &gt; deleteUser &gt; should delete user successfully" time="0.000315834">
            <system-out>
[32minfo[39m: Deleted user: test@example.com {&quot;timestamp&quot;:&quot;2025-07-11T00:47:18.116Z&quot;}

            </system-out>
        </testcase>
        <testcase classname="packages/server/src/__tests__/unit/services/userService.test.ts" name="UserService &gt; deleteUser &gt; should throw error if user not found" time="0.000711834">
            <system-out>
[31merror[39m: Error deleting user: User not found {&quot;stack&quot;:&quot;Error: User not found\n    at Function.deleteUser (/Users/benh/GitHub/Recipe-Manager-SPA/packages/server/src/services/userService.ts:137:15)\n    at processTicksAndRejections (node:internal/process/task_queues:105:5)&quot;,&quot;timestamp&quot;:&quot;2025-07-11T00:47:18.117Z&quot;}

            </system-out>
        </testcase>
        <testcase classname="packages/server/src/__tests__/unit/services/userService.test.ts" name="UserService &gt; authenticateUser &gt; should authenticate user successfully" time="0.000356125">
            <system-out>
[32minfo[39m: User authenticated: test@example.com {&quot;timestamp&quot;:&quot;2025-07-11T00:47:18.117Z&quot;}

            </system-out>
        </testcase>
        <testcase classname="packages/server/src/__tests__/unit/services/userService.test.ts" name="UserService &gt; authenticateUser &gt; should return null if user not found" time="0.000075584">
        </testcase>
        <testcase classname="packages/server/src/__tests__/unit/services/userService.test.ts" name="UserService &gt; authenticateUser &gt; should return null if password is invalid" time="0.000058209">
        </testcase>
        <testcase classname="packages/server/src/__tests__/unit/services/userService.test.ts" name="UserService &gt; changePassword &gt; should change password successfully" time="0.00074425">
            <system-out>
[32minfo[39m: Password changed for user: test@example.com {&quot;timestamp&quot;:&quot;2025-07-11T00:47:18.118Z&quot;}

            </system-out>
        </testcase>
        <testcase classname="packages/server/src/__tests__/unit/services/userService.test.ts" name="UserService &gt; changePassword &gt; should throw error if user not found" time="0.000255958">
            <system-out>
[31merror[39m: Error changing password: User not found {&quot;stack&quot;:&quot;Error: User not found\n    at Function.changePassword (/Users/benh/GitHub/Recipe-Manager-SPA/packages/server/src/services/userService.ts:194:15)\n    at processTicksAndRejections (node:internal/process/task_queues:105:5)&quot;,&quot;timestamp&quot;:&quot;2025-07-11T00:47:18.119Z&quot;}

            </system-out>
        </testcase>
        <testcase classname="packages/server/src/__tests__/unit/services/userService.test.ts" name="UserService &gt; changePassword &gt; should throw error if current password is invalid" time="0.000218875">
            <system-out>
[31merror[39m: Error changing password: Current password is incorrect {&quot;stack&quot;:&quot;Error: Current password is incorrect\n    at Function.changePassword (/Users/benh/GitHub/Recipe-Manager-SPA/packages/server/src/services/userService.ts:204:15)\n    at processTicksAndRejections (node:internal/process/task_queues:105:5)\n    at /Users/benh/GitHub/Recipe-Manager-SPA/packages/server/src/__tests__/unit/services/userService.test.ts:466:7\n    at file:///Users/benh/GitHub/Recipe-Manager-SPA/node_modules/@vitest/runner/dist/chunk-hooks.js:752:20&quot;,&quot;timestamp&quot;:&quot;2025-07-11T00:47:18.119Z&quot;}

            </system-out>
        </testcase>
        <testcase classname="packages/server/src/__tests__/unit/services/userService.test.ts" name="UserService &gt; getAllUsers &gt; should return all users" time="0.000542">
        </testcase>
        <testcase classname="packages/server/src/__tests__/unit/services/userService.test.ts" name="UserService &gt; getUserStats &gt; should return user statistics" time="0.000359958">
        </testcase>
    </testsuite>
</testsuites>
