<?xml version="1.0" encoding="UTF-8" ?>
<testsuites name="vitest tests" tests="430" failures="0" errors="0" time="15.204662252">
    <testsuite name="packages/shared/src/__tests__/types.test.ts" timestamp="2025-07-11T05:19:17.944Z" hostname="MacBookPro.attlocal.net" tests="24" failures="0" errors="0" skipped="0" time="0.021793208">
        <testcase classname="packages/shared/src/__tests__/types.test.ts" name="User Types &gt; UserSchema &gt; should validate a valid user object" time="0.002575125">
        </testcase>
        <testcase classname="packages/shared/src/__tests__/types.test.ts" name="User Types &gt; UserSchema &gt; should reject invalid user objects" time="0.00110575">
        </testcase>
        <testcase classname="packages/shared/src/__tests__/types.test.ts" name="User Types &gt; UserSchema &gt; should handle date parsing" time="0.000212625">
        </testcase>
        <testcase classname="packages/shared/src/__tests__/types.test.ts" name="User Types &gt; UserCredentialsSchema &gt; should validate valid login requests" time="0.000445167">
        </testcase>
        <testcase classname="packages/shared/src/__tests__/types.test.ts" name="User Types &gt; UserCredentialsSchema &gt; should reject invalid login requests" time="0.000364458">
        </testcase>
        <testcase classname="packages/shared/src/__tests__/types.test.ts" name="User Types &gt; UserRegistrationSchema &gt; should validate valid registration requests" time="0.0002435">
        </testcase>
        <testcase classname="packages/shared/src/__tests__/types.test.ts" name="User Types &gt; UserRegistrationSchema &gt; should reject invalid user registration" time="0.000195917">
        </testcase>
        <testcase classname="packages/shared/src/__tests__/types.test.ts" name="User Types &gt; UserRegistrationSchema &gt; should validate name length constraints" time="0.0001765">
        </testcase>
        <testcase classname="packages/shared/src/__tests__/types.test.ts" name="Recipe Types &gt; RecipeSchema &gt; should validate a valid recipe object" time="0.000725709">
        </testcase>
        <testcase classname="packages/shared/src/__tests__/types.test.ts" name="Recipe Types &gt; RecipeSchema &gt; should reject invalid recipe objects" time="0.005447792">
        </testcase>
        <testcase classname="packages/shared/src/__tests__/types.test.ts" name="Recipe Types &gt; RecipeSchema &gt; should handle optional fields" time="0.000220625">
        </testcase>
        <testcase classname="packages/shared/src/__tests__/types.test.ts" name="Recipe Types &gt; RecipeCreateSchema &gt; should validate valid create recipe requests" time="0.000392667">
        </testcase>
        <testcase classname="packages/shared/src/__tests__/types.test.ts" name="Recipe Types &gt; RecipeCreateSchema &gt; should reject invalid create recipe requests" time="0.000282541">
        </testcase>
        <testcase classname="packages/shared/src/__tests__/types.test.ts" name="Recipe Types &gt; RecipeUpdateSchema &gt; should validate valid update recipe requests" time="0.000395667">
        </testcase>
        <testcase classname="packages/shared/src/__tests__/types.test.ts" name="Recipe Types &gt; RecipeUpdateSchema &gt; should allow partial updates" time="0.000205917">
        </testcase>
        <testcase classname="packages/shared/src/__tests__/types.test.ts" name="Recipe Types &gt; RecipeUpdateSchema &gt; should reject invalid update recipe requests" time="0.000470792">
        </testcase>
        <testcase classname="packages/shared/src/__tests__/types.test.ts" name="API Types &gt; ApiResponseSchema &gt; should validate valid API responses" time="0.000746583">
        </testcase>
        <testcase classname="packages/shared/src/__tests__/types.test.ts" name="API Types &gt; ApiResponseSchema &gt; should reject invalid API responses" time="0.000164125">
        </testcase>
        <testcase classname="packages/shared/src/__tests__/types.test.ts" name="API Types &gt; ErrorResponseSchema &gt; should validate valid error responses" time="0.000372084">
        </testcase>
        <testcase classname="packages/shared/src/__tests__/types.test.ts" name="API Types &gt; ErrorResponseSchema &gt; should reject invalid error responses" time="0.00027225">
        </testcase>
        <testcase classname="packages/shared/src/__tests__/types.test.ts" name="Type Inference &gt; should infer correct types from schemas" time="0.0001705">
        </testcase>
        <testcase classname="packages/shared/src/__tests__/types.test.ts" name="Type Inference &gt; should handle complex nested types" time="0.000154125">
        </testcase>
        <testcase classname="packages/shared/src/__tests__/types.test.ts" name="Schema Composition &gt; should compose schemas correctly" time="0.000690667">
        </testcase>
        <testcase classname="packages/shared/src/__tests__/types.test.ts" name="Schema Composition &gt; should handle schema picking and omitting" time="0.000312625">
        </testcase>
    </testsuite>
    <testsuite name="packages/shared/src/__tests__/validation.test.ts" timestamp="2025-07-11T05:19:17.951Z" hostname="MacBookPro.attlocal.net" tests="25" failures="0" errors="0" skipped="0" time="0.023096834">
        <testcase classname="packages/shared/src/__tests__/validation.test.ts" name="Validation Functions &gt; validateEmail &gt; should return true for valid email addresses" time="0.005766333">
        </testcase>
        <testcase classname="packages/shared/src/__tests__/validation.test.ts" name="Validation Functions &gt; validateEmail &gt; should return false for invalid email addresses" time="0.002751208">
        </testcase>
        <testcase classname="packages/shared/src/__tests__/validation.test.ts" name="Validation Functions &gt; validateEmail &gt; should handle edge cases" time="0.00022425">
        </testcase>
        <testcase classname="packages/shared/src/__tests__/validation.test.ts" name="Validation Functions &gt; validatePassword &gt; should return valid result for strong passwords" time="0.001909667">
        </testcase>
        <testcase classname="packages/shared/src/__tests__/validation.test.ts" name="Validation Functions &gt; validatePassword &gt; should return invalid result for weak passwords" time="0.002228625">
        </testcase>
        <testcase classname="packages/shared/src/__tests__/validation.test.ts" name="Validation Functions &gt; validatePassword &gt; should handle edge cases" time="0.000104292">
        </testcase>
        <testcase classname="packages/shared/src/__tests__/validation.test.ts" name="Validation Functions &gt; validateRecipe &gt; should return valid result for complete recipe data" time="0.000290083">
        </testcase>
        <testcase classname="packages/shared/src/__tests__/validation.test.ts" name="Validation Functions &gt; validateRecipe &gt; should return invalid result for missing required fields" time="0.00028">
        </testcase>
        <testcase classname="packages/shared/src/__tests__/validation.test.ts" name="Validation Functions &gt; validateRecipe &gt; should validate title constraints" time="0.000306958">
        </testcase>
        <testcase classname="packages/shared/src/__tests__/validation.test.ts" name="Validation Functions &gt; validateRecipe &gt; should validate ingredients format" time="0.000351208">
        </testcase>
        <testcase classname="packages/shared/src/__tests__/validation.test.ts" name="Validation Functions &gt; validateRecipe &gt; should validate cook_time constraints" time="0.000094125">
        </testcase>
        <testcase classname="packages/shared/src/__tests__/validation.test.ts" name="Validation Functions &gt; validateRecipe &gt; should validate servings constraints" time="0.000080292">
        </testcase>
        <testcase classname="packages/shared/src/__tests__/validation.test.ts" name="Validation Functions &gt; validateRecipe &gt; should validate difficulty values" time="0.000108834">
        </testcase>
        <testcase classname="packages/shared/src/__tests__/validation.test.ts" name="Validation Functions &gt; validateRecipe &gt; should validate tags format" time="0.00008975">
        </testcase>
        <testcase classname="packages/shared/src/__tests__/validation.test.ts" name="Validation Functions &gt; validateRecipe &gt; should handle optional fields" time="0.000057708">
        </testcase>
        <testcase classname="packages/shared/src/__tests__/validation.test.ts" name="Validation Functions &gt; validateUser &gt; should return valid result for complete user data" time="0.000253459">
        </testcase>
        <testcase classname="packages/shared/src/__tests__/validation.test.ts" name="Validation Functions &gt; validateUser &gt; should return invalid result for missing required fields" time="0.0002">
        </testcase>
        <testcase classname="packages/shared/src/__tests__/validation.test.ts" name="Validation Functions &gt; validateUser &gt; should validate email format" time="0.000205167">
        </testcase>
        <testcase classname="packages/shared/src/__tests__/validation.test.ts" name="Validation Functions &gt; validateUser &gt; should validate name constraints" time="0.000121666">
        </testcase>
        <testcase classname="packages/shared/src/__tests__/validation.test.ts" name="Validation Functions &gt; validateUser &gt; should validate password strength" time="0.000094875">
        </testcase>
        <testcase classname="packages/shared/src/__tests__/validation.test.ts" name="ValidationError Class &gt; should create ValidationError with proper properties" time="0.000952459">
        </testcase>
        <testcase classname="packages/shared/src/__tests__/validation.test.ts" name="ValidationError Class &gt; should convert to API error format" time="0.000300041">
        </testcase>
        <testcase classname="packages/shared/src/__tests__/validation.test.ts" name="validate function &gt; should return parsed data when validation succeeds" time="0.000262583">
        </testcase>
        <testcase classname="packages/shared/src/__tests__/validation.test.ts" name="validate function &gt; should throw ValidationError when validation fails" time="0.00032225">
        </testcase>
        <testcase classname="packages/shared/src/__tests__/validation.test.ts" name="validate function &gt; should handle complex nested validation" time="0.000748959">
        </testcase>
    </testsuite>
    <testsuite name="packages/client/src/__tests__/components/LoginForm.test.tsx" timestamp="2025-07-11T05:19:17.955Z" hostname="MacBookPro.attlocal.net" tests="4" failures="0" errors="0" skipped="0" time="0.038629167">
        <testcase classname="packages/client/src/__tests__/components/LoginForm.test.tsx" name="LoginForm Component &gt; Authentication State &gt; should redirect to dashboard if already authenticated" time="0.021618167">
            <system-err>
⚠️ React Router Future Flag Warning: React Router will begin wrapping state updates in `React.startTransition` in v7. You can use the `v7_startTransition` future flag to opt-in early. For more information, see https://reactrouter.com/v6/upgrading/future#v7_starttransition.
⚠️ React Router Future Flag Warning: Relative route resolution within Splat routes is changing in v7. You can use the `v7_relativeSplatPath` future flag to opt-in early. For more information, see https://reactrouter.com/v6/upgrading/future#v7_relativesplatpath.

            </system-err>
        </testcase>
        <testcase classname="packages/client/src/__tests__/components/LoginForm.test.tsx" name="LoginForm Component &gt; Authentication State &gt; should render form if not authenticated" time="0.013394084">
        </testcase>
        <testcase classname="packages/client/src/__tests__/components/LoginForm.test.tsx" name="LoginForm Component &gt; Mock Verification &gt; should have properly mocked auth functions" time="0.000222583">
        </testcase>
        <testcase classname="packages/client/src/__tests__/components/LoginForm.test.tsx" name="LoginForm Component &gt; Mock Verification &gt; should call login when invoked" time="0.001445625">
        </testcase>
    </testsuite>
    <testsuite name="packages/client/src/__tests__/components/Navigation.test.tsx" timestamp="2025-07-11T05:19:17.957Z" hostname="MacBookPro.attlocal.net" tests="15" failures="0" errors="0" skipped="0" time="0.11477175">
        <testcase classname="packages/client/src/__tests__/components/Navigation.test.tsx" name="Navigation Component &gt; Unauthenticated State &gt; should render navigation items even when user is not authenticated" time="0.019460417">
            <system-err>
⚠️ React Router Future Flag Warning: React Router will begin wrapping state updates in `React.startTransition` in v7. You can use the `v7_startTransition` future flag to opt-in early. For more information, see https://reactrouter.com/v6/upgrading/future#v7_starttransition.
⚠️ React Router Future Flag Warning: Relative route resolution within Splat routes is changing in v7. You can use the `v7_relativeSplatPath` future flag to opt-in early. For more information, see https://reactrouter.com/v6/upgrading/future#v7_relativesplatpath.

            </system-err>
        </testcase>
        <testcase classname="packages/client/src/__tests__/components/Navigation.test.tsx" name="Navigation Component &gt; Authenticated State &gt; should render navigation items when authenticated" time="0.003952">
        </testcase>
        <testcase classname="packages/client/src/__tests__/components/Navigation.test.tsx" name="Navigation Component &gt; Authenticated State &gt; should render user menu button" time="0.009498">
        </testcase>
        <testcase classname="packages/client/src/__tests__/components/Navigation.test.tsx" name="Navigation Component &gt; Authenticated State &gt; should render navigation links with correct hrefs" time="0.007925">
        </testcase>
        <testcase classname="packages/client/src/__tests__/components/Navigation.test.tsx" name="Navigation Component &gt; Authenticated State &gt; should highlight active navigation item" time="0.004609416">
        </testcase>
        <testcase classname="packages/client/src/__tests__/components/Navigation.test.tsx" name="Navigation Component &gt; Authenticated State &gt; should render mobile menu button" time="0.003286334">
        </testcase>
        <testcase classname="packages/client/src/__tests__/components/Navigation.test.tsx" name="Navigation Component &gt; Authenticated State &gt; should render user menu button for interaction" time="0.003022542">
        </testcase>
        <testcase classname="packages/client/src/__tests__/components/Navigation.test.tsx" name="Navigation Component &gt; Loading State &gt; should handle loading state appropriately" time="0.002549916">
        </testcase>
        <testcase classname="packages/client/src/__tests__/components/Navigation.test.tsx" name="Navigation Component &gt; Accessibility &gt; should have proper ARIA labels for navigation" time="0.004909042">
        </testcase>
        <testcase classname="packages/client/src/__tests__/components/Navigation.test.tsx" name="Navigation Component &gt; Accessibility &gt; should have proper focus management" time="0.012386417">
        </testcase>
        <testcase classname="packages/client/src/__tests__/components/Navigation.test.tsx" name="Navigation Component &gt; Accessibility &gt; should support keyboard navigation" time="0.012774625">
        </testcase>
        <testcase classname="packages/client/src/__tests__/components/Navigation.test.tsx" name="Navigation Component &gt; Logo and Branding &gt; should display logo or brand name" time="0.010319708">
        </testcase>
        <testcase classname="packages/client/src/__tests__/components/Navigation.test.tsx" name="Navigation Component &gt; Logo and Branding &gt; should link logo to dashboard page" time="0.009295458">
        </testcase>
        <testcase classname="packages/client/src/__tests__/components/Navigation.test.tsx" name="Navigation Component &gt; Active Route Highlighting &gt; should highlight recipes page when on recipes route" time="0.00440125">
        </testcase>
        <testcase classname="packages/client/src/__tests__/components/Navigation.test.tsx" name="Navigation Component &gt; Active Route Highlighting &gt; should highlight add recipe page when on add recipe route" time="0.004127083">
        </testcase>
    </testsuite>
    <testsuite name="packages/client/src/__tests__/hooks/useAuth.test.tsx" timestamp="2025-07-11T05:19:17.962Z" hostname="MacBookPro.attlocal.net" tests="17" failures="0" errors="0" skipped="0" time="0.241451125">
        <testcase classname="packages/client/src/__tests__/hooks/useAuth.test.tsx" name="useAuth Hook &gt; Initial State &gt; should initialize with null user and loading state" time="0.01704225">
            <system-err>
⚠️ React Router Future Flag Warning: React Router will begin wrapping state updates in `React.startTransition` in v7. You can use the `v7_startTransition` future flag to opt-in early. For more information, see https://reactrouter.com/v6/upgrading/future#v7_starttransition.
⚠️ React Router Future Flag Warning: Relative route resolution within Splat routes is changing in v7. You can use the `v7_relativeSplatPath` future flag to opt-in early. For more information, see https://reactrouter.com/v6/upgrading/future#v7_relativesplatpath.

            </system-err>
        </testcase>
        <testcase classname="packages/client/src/__tests__/hooks/useAuth.test.tsx" name="useAuth Hook &gt; Initial State &gt; should restore user from storage if authenticated" time="0.054741084">
        </testcase>
        <testcase classname="packages/client/src/__tests__/hooks/useAuth.test.tsx" name="useAuth Hook &gt; Initial State &gt; should clear auth if token is invalid" time="0.0548">
        </testcase>
        <testcase classname="packages/client/src/__tests__/hooks/useAuth.test.tsx" name="useAuth Hook &gt; Login &gt; should login successfully and navigate to dashboard" time="0.003193792">
        </testcase>
        <testcase classname="packages/client/src/__tests__/hooks/useAuth.test.tsx" name="useAuth Hook &gt; Login &gt; should handle login errors" time="0.002962333">
        </testcase>
        <testcase classname="packages/client/src/__tests__/hooks/useAuth.test.tsx" name="useAuth Hook &gt; Login &gt; should set loading state during login" time="0.058987458">
        </testcase>
        <testcase classname="packages/client/src/__tests__/hooks/useAuth.test.tsx" name="useAuth Hook &gt; Register &gt; should register successfully and navigate to dashboard" time="0.005122166">
        </testcase>
        <testcase classname="packages/client/src/__tests__/hooks/useAuth.test.tsx" name="useAuth Hook &gt; Register &gt; should handle registration errors" time="0.002649792">
        </testcase>
        <testcase classname="packages/client/src/__tests__/hooks/useAuth.test.tsx" name="useAuth Hook &gt; Logout &gt; should logout successfully and navigate to login" time="0.004008542">
        </testcase>
        <testcase classname="packages/client/src/__tests__/hooks/useAuth.test.tsx" name="useAuth Hook &gt; Logout &gt; should handle logout errors gracefully" time="0.005794333">
            <system-err>
Logout failed: Error: Logout failed
    at [90m/Users/benh/GitHub/Recipe-Manager-SPA/[39mpackages/client/src/__tests__/hooks/useAuth.test.tsx:330:52
    at [90mfile:///Users/benh/GitHub/Recipe-Manager-SPA/[39mnode_modules/[4m@vitest[24m/runner/dist/chunk-hooks.js:155:11
    at [90mfile:///Users/benh/GitHub/Recipe-Manager-SPA/[39mnode_modules/[4m@vitest[24m/runner/dist/chunk-hooks.js:752:26
    at [90mfile:///Users/benh/GitHub/Recipe-Manager-SPA/[39mnode_modules/[4m@vitest[24m/runner/dist/chunk-hooks.js:1897:20
    at new Promise (&lt;anonymous&gt;)
    at runWithTimeout [90m(file:///Users/benh/GitHub/Recipe-Manager-SPA/[39mnode_modules/[4m@vitest[24m/runner/dist/chunk-hooks.js:1863:10[90m)[39m
    at runTest [90m(file:///Users/benh/GitHub/Recipe-Manager-SPA/[39mnode_modules/[4m@vitest[24m/runner/dist/chunk-hooks.js:1574:12[90m)[39m
    at runSuite [90m(file:///Users/benh/GitHub/Recipe-Manager-SPA/[39mnode_modules/[4m@vitest[24m/runner/dist/chunk-hooks.js:1729:8[90m)[39m
    at runSuite [90m(file:///Users/benh/GitHub/Recipe-Manager-SPA/[39mnode_modules/[4m@vitest[24m/runner/dist/chunk-hooks.js:1729:8[90m)[39m
    at runSuite [90m(file:///Users/benh/GitHub/Recipe-Manager-SPA/[39mnode_modules/[4m@vitest[24m/runner/dist/chunk-hooks.js:1729:8[90m)[39m

            </system-err>
        </testcase>
        <testcase classname="packages/client/src/__tests__/hooks/useAuth.test.tsx" name="useAuth Hook &gt; Profile Update &gt; should update profile successfully" time="0.010355583">
        </testcase>
        <testcase classname="packages/client/src/__tests__/hooks/useAuth.test.tsx" name="useAuth Hook &gt; Profile Update &gt; should handle profile update errors" time="0.004299666">
        </testcase>
        <testcase classname="packages/client/src/__tests__/hooks/useAuth.test.tsx" name="useAuth Hook &gt; Password Change &gt; should change password successfully" time="0.001987458">
        </testcase>
        <testcase classname="packages/client/src/__tests__/hooks/useAuth.test.tsx" name="useAuth Hook &gt; Password Change &gt; should handle password change errors" time="0.002642333">
        </testcase>
        <testcase classname="packages/client/src/__tests__/hooks/useAuth.test.tsx" name="useAuth Hook &gt; Refresh User &gt; should refresh user data successfully" time="0.002309625">
        </testcase>
        <testcase classname="packages/client/src/__tests__/hooks/useAuth.test.tsx" name="useAuth Hook &gt; Refresh User &gt; should handle refresh user errors" time="0.003575625">
            <system-err>
Failed to refresh user: Error: Refresh failed
    at [90m/Users/benh/GitHub/Recipe-Manager-SPA/[39mpackages/client/src/__tests__/hooks/useAuth.test.tsx:489:31
    at [90mfile:///Users/benh/GitHub/Recipe-Manager-SPA/[39mnode_modules/[4m@vitest[24m/runner/dist/chunk-hooks.js:155:11
    at [90mfile:///Users/benh/GitHub/Recipe-Manager-SPA/[39mnode_modules/[4m@vitest[24m/runner/dist/chunk-hooks.js:752:26
    at [90mfile:///Users/benh/GitHub/Recipe-Manager-SPA/[39mnode_modules/[4m@vitest[24m/runner/dist/chunk-hooks.js:1897:20
    at new Promise (&lt;anonymous&gt;)
    at runWithTimeout [90m(file:///Users/benh/GitHub/Recipe-Manager-SPA/[39mnode_modules/[4m@vitest[24m/runner/dist/chunk-hooks.js:1863:10[90m)[39m
    at runTest [90m(file:///Users/benh/GitHub/Recipe-Manager-SPA/[39mnode_modules/[4m@vitest[24m/runner/dist/chunk-hooks.js:1574:12[90m)[39m
    at runSuite [90m(file:///Users/benh/GitHub/Recipe-Manager-SPA/[39mnode_modules/[4m@vitest[24m/runner/dist/chunk-hooks.js:1729:8[90m)[39m
    at runSuite [90m(file:///Users/benh/GitHub/Recipe-Manager-SPA/[39mnode_modules/[4m@vitest[24m/runner/dist/chunk-hooks.js:1729:8[90m)[39m
    at runSuite [90m(file:///Users/benh/GitHub/Recipe-Manager-SPA/[39mnode_modules/[4m@vitest[24m/runner/dist/chunk-hooks.js:1729:8[90m)[39m

            </system-err>
        </testcase>
        <testcase classname="packages/client/src/__tests__/hooks/useAuth.test.tsx" name="useAuth Hook &gt; Error Handling &gt; should throw error when used outside AuthProvider" time="0.004297125">
        </testcase>
    </testsuite>
    <testsuite name="packages/client/src/__tests__/hooks/useDebounce.test.tsx" timestamp="2025-07-11T05:19:17.966Z" hostname="MacBookPro.attlocal.net" tests="17" failures="0" errors="0" skipped="0" time="0.022918083">
        <testcase classname="packages/client/src/__tests__/hooks/useDebounce.test.tsx" name="useDebounce Hook &gt; Basic Functionality &gt; should return initial value immediately" time="0.006879459">
        </testcase>
        <testcase classname="packages/client/src/__tests__/hooks/useDebounce.test.tsx" name="useDebounce Hook &gt; Basic Functionality &gt; should debounce value changes" time="0.002684916">
        </testcase>
        <testcase classname="packages/client/src/__tests__/hooks/useDebounce.test.tsx" name="useDebounce Hook &gt; Basic Functionality &gt; should reset debounce timer on rapid changes" time="0.00218125">
        </testcase>
        <testcase classname="packages/client/src/__tests__/hooks/useDebounce.test.tsx" name="useDebounce Hook &gt; Different Data Types &gt; should work with strings" time="0.000877167">
        </testcase>
        <testcase classname="packages/client/src/__tests__/hooks/useDebounce.test.tsx" name="useDebounce Hook &gt; Different Data Types &gt; should work with numbers" time="0.000748875">
        </testcase>
        <testcase classname="packages/client/src/__tests__/hooks/useDebounce.test.tsx" name="useDebounce Hook &gt; Different Data Types &gt; should work with objects" time="0.000908459">
        </testcase>
        <testcase classname="packages/client/src/__tests__/hooks/useDebounce.test.tsx" name="useDebounce Hook &gt; Different Data Types &gt; should work with arrays" time="0.000602459">
        </testcase>
        <testcase classname="packages/client/src/__tests__/hooks/useDebounce.test.tsx" name="useDebounce Hook &gt; Different Data Types &gt; should work with boolean values" time="0.00043325">
        </testcase>
        <testcase classname="packages/client/src/__tests__/hooks/useDebounce.test.tsx" name="useDebounce Hook &gt; Different Data Types &gt; should work with null and undefined" time="0.001341791">
        </testcase>
        <testcase classname="packages/client/src/__tests__/hooks/useDebounce.test.tsx" name="useDebounce Hook &gt; Delay Variations &gt; should work with different delay values" time="0.000732208">
        </testcase>
        <testcase classname="packages/client/src/__tests__/hooks/useDebounce.test.tsx" name="useDebounce Hook &gt; Delay Variations &gt; should work with zero delay" time="0.000487792">
        </testcase>
        <testcase classname="packages/client/src/__tests__/hooks/useDebounce.test.tsx" name="useDebounce Hook &gt; Delay Variations &gt; should update delay dynamically" time="0.000415416">
        </testcase>
        <testcase classname="packages/client/src/__tests__/hooks/useDebounce.test.tsx" name="useDebounce Hook &gt; Cleanup &gt; should cleanup timer on unmount" time="0.000370458">
        </testcase>
        <testcase classname="packages/client/src/__tests__/hooks/useDebounce.test.tsx" name="useDebounce Hook &gt; Cleanup &gt; should handle multiple value changes before cleanup" time="0.000416667">
        </testcase>
        <testcase classname="packages/client/src/__tests__/hooks/useDebounce.test.tsx" name="useDebounce Hook &gt; Edge Cases &gt; should handle same value changes" time="0.00034">
        </testcase>
        <testcase classname="packages/client/src/__tests__/hooks/useDebounce.test.tsx" name="useDebounce Hook &gt; Edge Cases &gt; should handle rapid same value changes" time="0.0004555">
        </testcase>
        <testcase classname="packages/client/src/__tests__/hooks/useDebounce.test.tsx" name="useDebounce Hook &gt; Edge Cases &gt; should handle different types correctly" time="0.000605625">
        </testcase>
    </testsuite>
    <testsuite name="packages/client/src/__tests__/hooks/useLocalStorage.test.tsx" timestamp="2025-07-11T05:19:17.970Z" hostname="MacBookPro.attlocal.net" tests="20" failures="0" errors="0" skipped="0" time="0.031455417">
        <testcase classname="packages/client/src/__tests__/hooks/useLocalStorage.test.tsx" name="useLocalStorage Hook &gt; Basic Functionality &gt; should return initial value when no stored value exists" time="0.007556708">
        </testcase>
        <testcase classname="packages/client/src/__tests__/hooks/useLocalStorage.test.tsx" name="useLocalStorage Hook &gt; Basic Functionality &gt; should return stored value when it exists" time="0.001327583">
        </testcase>
        <testcase classname="packages/client/src/__tests__/hooks/useLocalStorage.test.tsx" name="useLocalStorage Hook &gt; Basic Functionality &gt; should store value in localStorage when setValue is called" time="0.001597125">
        </testcase>
        <testcase classname="packages/client/src/__tests__/hooks/useLocalStorage.test.tsx" name="useLocalStorage Hook &gt; Basic Functionality &gt; should update localStorage when value changes" time="0.001367042">
        </testcase>
        <testcase classname="packages/client/src/__tests__/hooks/useLocalStorage.test.tsx" name="useLocalStorage Hook &gt; Data Types &gt; should work with strings" time="0.000975083">
        </testcase>
        <testcase classname="packages/client/src/__tests__/hooks/useLocalStorage.test.tsx" name="useLocalStorage Hook &gt; Data Types &gt; should work with numbers" time="0.000784916">
        </testcase>
        <testcase classname="packages/client/src/__tests__/hooks/useLocalStorage.test.tsx" name="useLocalStorage Hook &gt; Data Types &gt; should work with objects" time="0.000599834">
        </testcase>
        <testcase classname="packages/client/src/__tests__/hooks/useLocalStorage.test.tsx" name="useLocalStorage Hook &gt; Data Types &gt; should work with arrays" time="0.000425791">
        </testcase>
        <testcase classname="packages/client/src/__tests__/hooks/useLocalStorage.test.tsx" name="useLocalStorage Hook &gt; Data Types &gt; should work with boolean values" time="0.001213">
        </testcase>
        <testcase classname="packages/client/src/__tests__/hooks/useLocalStorage.test.tsx" name="useLocalStorage Hook &gt; Data Types &gt; should work with null values" time="0.000512375">
        </testcase>
        <testcase classname="packages/client/src/__tests__/hooks/useLocalStorage.test.tsx" name="useLocalStorage Hook &gt; Function Updates &gt; should support function updates" time="0.000376875">
        </testcase>
        <testcase classname="packages/client/src/__tests__/hooks/useLocalStorage.test.tsx" name="useLocalStorage Hook &gt; Function Updates &gt; should handle complex function updates" time="0.000462666">
        </testcase>
        <testcase classname="packages/client/src/__tests__/hooks/useLocalStorage.test.tsx" name="useLocalStorage Hook &gt; Error Handling &gt; should handle localStorage.getItem errors" time="0.006266708">
            <system-err>
Error reading localStorage key &quot;key&quot;: Error: localStorage error
    at Object.&lt;anonymous&gt; [90m(/Users/benh/GitHub/Recipe-Manager-SPA/[39mpackages/client/src/__tests__/hooks/useLocalStorage.test.tsx:204:23[90m)[39m
    at Object.mockCall [90m(file:///Users/benh/GitHub/Recipe-Manager-SPA/[39mnode_modules/[4m@vitest[24m/spy/dist/index.js:96:15[90m)[39m
    at Object.spy [as getItem] [90m(file:///Users/benh/GitHub/Recipe-Manager-SPA/[39mnode_modules/[4mtinyspy[24m/dist/index.js:47:103[90m)[39m
    at [90m/Users/benh/GitHub/Recipe-Manager-SPA/[39mpackages/client/src/hooks/ui/useLocalStorage.ts:32:40
    at mountState [90m(/Users/benh/GitHub/Recipe-Manager-SPA/[39mnode_modules/[4mreact-dom[24m/cjs/react-dom.development.js:16167:20[90m)[39m
    at Object.useState [90m(/Users/benh/GitHub/Recipe-Manager-SPA/[39mnode_modules/[4mreact-dom[24m/cjs/react-dom.development.js:16880:16[90m)[39m
    at useState [90m(/Users/benh/GitHub/Recipe-Manager-SPA/[39mnode_modules/[4mreact[24m/cjs/react.development.js:1622:21[90m)[39m
    at useLocalStorage [90m(/Users/benh/GitHub/Recipe-Manager-SPA/[39mpackages/client/src/hooks/ui/useLocalStorage.ts:30:41[90m)[39m
    at [90m/Users/benh/GitHub/Recipe-Manager-SPA/[39mpackages/client/src/__tests__/hooks/useLocalStorage.test.tsx:207:49
    at TestComponent [90m(/Users/benh/GitHub/Recipe-Manager-SPA/[39mpackages/client/node_modules/[4m@testing-library[24m/react/dist/pure.js:331:27[90m)[39m

            </system-err>
        </testcase>
        <testcase classname="packages/client/src/__tests__/hooks/useLocalStorage.test.tsx" name="useLocalStorage Hook &gt; Error Handling &gt; should handle localStorage.setItem errors" time="0.002096458">
            <system-err>
Error setting localStorage key &quot;key&quot;: Error: localStorage error
    at Object.&lt;anonymous&gt; [90m(/Users/benh/GitHub/Recipe-Manager-SPA/[39mpackages/client/src/__tests__/hooks/useLocalStorage.test.tsx:215:23[90m)[39m
    at Object.mockCall [90m(file:///Users/benh/GitHub/Recipe-Manager-SPA/[39mnode_modules/[4m@vitest[24m/spy/dist/index.js:96:15[90m)[39m
    at Object.spy [as setItem] [90m(file:///Users/benh/GitHub/Recipe-Manager-SPA/[39mnode_modules/[4mtinyspy[24m/dist/index.js:47:103[90m)[39m
    at Array.setValue [90m(/Users/benh/GitHub/Recipe-Manager-SPA/[39mpackages/client/src/hooks/ui/useLocalStorage.ts:78:27[90m)[39m
    at [90m/Users/benh/GitHub/Recipe-Manager-SPA/[39mpackages/client/src/__tests__/hooks/useLocalStorage.test.tsx:221:33
    at [90m/Users/benh/GitHub/Recipe-Manager-SPA/[39mpackages/client/node_modules/[4m@testing-library[24m/react/dist/act-compat.js:48:24
    at act [90m(/Users/benh/GitHub/Recipe-Manager-SPA/[39mnode_modules/[4mreact[24m/cjs/react.development.js:2512:16[90m)[39m
    at [90m/Users/benh/GitHub/Recipe-Manager-SPA/[39mpackages/client/node_modules/[4m@testing-library[24m/react/dist/act-compat.js:47:25
    at [90m/Users/benh/GitHub/Recipe-Manager-SPA/[39mpackages/client/src/__tests__/hooks/useLocalStorage.test.tsx:220:13
    at [90mfile:///Users/benh/GitHub/Recipe-Manager-SPA/[39mnode_modules/[4m@vitest[24m/runner/dist/chunk-hooks.js:155:11

            </system-err>
        </testcase>
        <testcase classname="packages/client/src/__tests__/hooks/useLocalStorage.test.tsx" name="useLocalStorage Hook &gt; Error Handling &gt; should handle JSON parsing errors" time="0.000980291">
            <system-err>
Error reading localStorage key &quot;key&quot;: SyntaxError: Unexpected token &apos;i&apos;, &quot;invalid json&quot; is not valid JSON
    at JSON.parse (&lt;anonymous&gt;)
    at [90m/Users/benh/GitHub/Recipe-Manager-SPA/[39mpackages/client/src/hooks/ui/useLocalStorage.ts:34:21
    at mountState [90m(/Users/benh/GitHub/Recipe-Manager-SPA/[39mnode_modules/[4mreact-dom[24m/cjs/react-dom.development.js:16167:20[90m)[39m
    at Object.useState [90m(/Users/benh/GitHub/Recipe-Manager-SPA/[39mnode_modules/[4mreact-dom[24m/cjs/react-dom.development.js:16880:16[90m)[39m
    at useState [90m(/Users/benh/GitHub/Recipe-Manager-SPA/[39mnode_modules/[4mreact[24m/cjs/react.development.js:1622:21[90m)[39m
    at useLocalStorage [90m(/Users/benh/GitHub/Recipe-Manager-SPA/[39mpackages/client/src/hooks/ui/useLocalStorage.ts:30:41[90m)[39m
    at [90m/Users/benh/GitHub/Recipe-Manager-SPA/[39mpackages/client/src/__tests__/hooks/useLocalStorage.test.tsx:231:49
    at TestComponent [90m(/Users/benh/GitHub/Recipe-Manager-SPA/[39mpackages/client/node_modules/[4m@testing-library[24m/react/dist/pure.js:331:27[90m)[39m
    at renderWithHooks [90m(/Users/benh/GitHub/Recipe-Manager-SPA/[39mnode_modules/[4mreact-dom[24m/cjs/react-dom.development.js:15486:18[90m)[39m
    at mountIndeterminateComponent [90m(/Users/benh/GitHub/Recipe-Manager-SPA/[39mnode_modules/[4mreact-dom[24m/cjs/react-dom.development.js:20103:13[90m)[39m

            </system-err>
        </testcase>
        <testcase classname="packages/client/src/__tests__/hooks/useLocalStorage.test.tsx" name="useLocalStorage Hook &gt; Error Handling &gt; should handle localStorage being unavailable" time="0.00094125">
            <system-err>
Error reading localStorage key &quot;key&quot;: TypeError: Cannot read properties of undefined (reading &apos;getItem&apos;)
    at [90m/Users/benh/GitHub/Recipe-Manager-SPA/[39mpackages/client/src/hooks/ui/useLocalStorage.ts:32:40
    at mountState [90m(/Users/benh/GitHub/Recipe-Manager-SPA/[39mnode_modules/[4mreact-dom[24m/cjs/react-dom.development.js:16167:20[90m)[39m
    at Object.useState [90m(/Users/benh/GitHub/Recipe-Manager-SPA/[39mnode_modules/[4mreact-dom[24m/cjs/react-dom.development.js:16880:16[90m)[39m
    at useState [90m(/Users/benh/GitHub/Recipe-Manager-SPA/[39mnode_modules/[4mreact[24m/cjs/react.development.js:1622:21[90m)[39m
    at useLocalStorage [90m(/Users/benh/GitHub/Recipe-Manager-SPA/[39mpackages/client/src/hooks/ui/useLocalStorage.ts:30:41[90m)[39m
    at [90m/Users/benh/GitHub/Recipe-Manager-SPA/[39mpackages/client/src/__tests__/hooks/useLocalStorage.test.tsx:242:49
    at TestComponent [90m(/Users/benh/GitHub/Recipe-Manager-SPA/[39mpackages/client/node_modules/[4m@testing-library[24m/react/dist/pure.js:331:27[90m)[39m
    at renderWithHooks [90m(/Users/benh/GitHub/Recipe-Manager-SPA/[39mnode_modules/[4mreact-dom[24m/cjs/react-dom.development.js:15486:18[90m)[39m
    at mountIndeterminateComponent [90m(/Users/benh/GitHub/Recipe-Manager-SPA/[39mnode_modules/[4mreact-dom[24m/cjs/react-dom.development.js:20103:13[90m)[39m
    at beginWork [90m(/Users/benh/GitHub/Recipe-Manager-SPA/[39mnode_modules/[4mreact-dom[24m/cjs/react-dom.development.js:21626:16[90m)[39m
Error setting localStorage key &quot;key&quot;: TypeError: Cannot read properties of undefined (reading &apos;setItem&apos;)
    at Array.setValue [90m(/Users/benh/GitHub/Recipe-Manager-SPA/[39mpackages/client/src/hooks/ui/useLocalStorage.ts:78:27[90m)[39m
    at [90m/Users/benh/GitHub/Recipe-Manager-SPA/[39mpackages/client/src/__tests__/hooks/useLocalStorage.test.tsx:247:33
    at [90m/Users/benh/GitHub/Recipe-Manager-SPA/[39mpackages/client/node_modules/[4m@testing-library[24m/react/dist/act-compat.js:48:24
    at act [90m(/Users/benh/GitHub/Recipe-Manager-SPA/[39mnode_modules/[4mreact[24m/cjs/react.development.js:2512:16[90m)[39m
    at [90m/Users/benh/GitHub/Recipe-Manager-SPA/[39mpackages/client/node_modules/[4m@testing-library[24m/react/dist/act-compat.js:47:25
    at [90m/Users/benh/GitHub/Recipe-Manager-SPA/[39mpackages/client/src/__tests__/hooks/useLocalStorage.test.tsx:246:13
    at [90mfile:///Users/benh/GitHub/Recipe-Manager-SPA/[39mnode_modules/[4m@vitest[24m/runner/dist/chunk-hooks.js:155:11
    at [90mfile:///Users/benh/GitHub/Recipe-Manager-SPA/[39mnode_modules/[4m@vitest[24m/runner/dist/chunk-hooks.js:752:26
    at [90mfile:///Users/benh/GitHub/Recipe-Manager-SPA/[39mnode_modules/[4m@vitest[24m/runner/dist/chunk-hooks.js:1897:20
    at new Promise (&lt;anonymous&gt;)

            </system-err>
        </testcase>
        <testcase classname="packages/client/src/__tests__/hooks/useLocalStorage.test.tsx" name="useLocalStorage Hook &gt; Key Changes &gt; should handle key changes" time="0.000429458">
        </testcase>
        <testcase classname="packages/client/src/__tests__/hooks/useLocalStorage.test.tsx" name="useLocalStorage Hook &gt; Key Changes &gt; should use default value when key changes to non-existent key" time="0.000355333">
        </testcase>
        <testcase classname="packages/client/src/__tests__/hooks/useLocalStorage.test.tsx" name="useLocalStorage Hook &gt; Initial Value Function &gt; should call initial value function when no stored value exists" time="0.0005525">
        </testcase>
        <testcase classname="packages/client/src/__tests__/hooks/useLocalStorage.test.tsx" name="useLocalStorage Hook &gt; Initial Value Function &gt; should not call initial value function when stored value exists" time="0.000413875">
        </testcase>
    </testsuite>
    <testsuite name="packages/client/src/__tests__/services/api.test.ts" timestamp="2025-07-11T05:19:17.975Z" hostname="MacBookPro.attlocal.net" tests="21" failures="0" errors="0" skipped="0" time="0.007844959">
        <testcase classname="packages/client/src/__tests__/services/api.test.ts" name="ApiClient &gt; Authentication &gt; should return true when authenticated" time="0.001231833">
        </testcase>
        <testcase classname="packages/client/src/__tests__/services/api.test.ts" name="ApiClient &gt; Authentication &gt; should return false when not authenticated" time="0.000145542">
        </testcase>
        <testcase classname="packages/client/src/__tests__/services/api.test.ts" name="ApiClient &gt; Authentication &gt; should get stored user from localStorage" time="0.000410792">
        </testcase>
        <testcase classname="packages/client/src/__tests__/services/api.test.ts" name="ApiClient &gt; Authentication &gt; should return null when no user is stored" time="0.000129208">
        </testcase>
        <testcase classname="packages/client/src/__tests__/services/api.test.ts" name="ApiClient &gt; Authentication &gt; should clear auth data" time="0.000600667">
        </testcase>
        <testcase classname="packages/client/src/__tests__/services/api.test.ts" name="ApiClient &gt; Recipe Methods &gt; should call getRecipes with correct parameters" time="0.000171334">
        </testcase>
        <testcase classname="packages/client/src/__tests__/services/api.test.ts" name="ApiClient &gt; Recipe Methods &gt; should call getRecipe with correct ID" time="0.000343375">
        </testcase>
        <testcase classname="packages/client/src/__tests__/services/api.test.ts" name="ApiClient &gt; Recipe Methods &gt; should call createRecipe with recipe data" time="0.000262334">
        </testcase>
        <testcase classname="packages/client/src/__tests__/services/api.test.ts" name="ApiClient &gt; Recipe Methods &gt; should call updateRecipe with ID and data" time="0.000843583">
        </testcase>
        <testcase classname="packages/client/src/__tests__/services/api.test.ts" name="ApiClient &gt; Recipe Methods &gt; should call deleteRecipe with ID" time="0.000201792">
        </testcase>
        <testcase classname="packages/client/src/__tests__/services/api.test.ts" name="ApiClient &gt; Auth Methods &gt; should call login with credentials" time="0.000172375">
        </testcase>
        <testcase classname="packages/client/src/__tests__/services/api.test.ts" name="ApiClient &gt; Auth Methods &gt; should call register with user data" time="0.0001425">
        </testcase>
        <testcase classname="packages/client/src/__tests__/services/api.test.ts" name="ApiClient &gt; Auth Methods &gt; should call logout" time="0.0000755">
        </testcase>
        <testcase classname="packages/client/src/__tests__/services/api.test.ts" name="ApiClient &gt; Auth Methods &gt; should call getCurrentUser" time="0.000070083">
        </testcase>
        <testcase classname="packages/client/src/__tests__/services/api.test.ts" name="ApiClient &gt; Auth Methods &gt; should call getUserStats" time="0.000069208">
        </testcase>
        <testcase classname="packages/client/src/__tests__/services/api.test.ts" name="ApiClient &gt; Utility Methods &gt; should call searchRecipes with parameters" time="0.000083125">
        </testcase>
        <testcase classname="packages/client/src/__tests__/services/api.test.ts" name="ApiClient &gt; Utility Methods &gt; should call getRecipeCategories" time="0.0000715">
        </testcase>
        <testcase classname="packages/client/src/__tests__/services/api.test.ts" name="ApiClient &gt; Utility Methods &gt; should call uploadImage with file" time="0.000196583">
        </testcase>
        <testcase classname="packages/client/src/__tests__/services/api.test.ts" name="ApiClient &gt; Utility Methods &gt; should call getUserRecipes" time="0.000074125">
        </testcase>
        <testcase classname="packages/client/src/__tests__/services/api.test.ts" name="ApiClient &gt; Utility Methods &gt; should call updateProfile" time="0.000070208">
        </testcase>
        <testcase classname="packages/client/src/__tests__/services/api.test.ts" name="ApiClient &gt; Utility Methods &gt; should call changePassword" time="0.000066542">
        </testcase>
    </testsuite>
    <testsuite name="packages/shared/src/__tests__/utils/array.test.ts" timestamp="2025-07-11T05:19:17.979Z" hostname="MacBookPro.attlocal.net" tests="54" failures="0" errors="0" skipped="0" time="0.182418625">
        <testcase classname="packages/shared/src/__tests__/utils/array.test.ts" name="Array Utilities &gt; removeDuplicates &gt; should remove duplicate values" time="0.002113208">
        </testcase>
        <testcase classname="packages/shared/src/__tests__/utils/array.test.ts" name="Array Utilities &gt; removeDuplicates &gt; should handle empty array" time="0.0001205">
        </testcase>
        <testcase classname="packages/shared/src/__tests__/utils/array.test.ts" name="Array Utilities &gt; removeDuplicates &gt; should handle array with no duplicates" time="0.000136917">
        </testcase>
        <testcase classname="packages/shared/src/__tests__/utils/array.test.ts" name="Array Utilities &gt; removeDuplicates &gt; should handle array with all duplicates" time="0.001135792">
        </testcase>
        <testcase classname="packages/shared/src/__tests__/utils/array.test.ts" name="Array Utilities &gt; removeDuplicates &gt; should handle mixed data types" time="0.000790209">
        </testcase>
        <testcase classname="packages/shared/src/__tests__/utils/array.test.ts" name="Array Utilities &gt; groupBy &gt; should group objects by key" time="0.000505541">
        </testcase>
        <testcase classname="packages/shared/src/__tests__/utils/array.test.ts" name="Array Utilities &gt; groupBy &gt; should handle empty array" time="0.000149959">
        </testcase>
        <testcase classname="packages/shared/src/__tests__/utils/array.test.ts" name="Array Utilities &gt; groupBy &gt; should handle single item" time="0.000750125">
        </testcase>
        <testcase classname="packages/shared/src/__tests__/utils/array.test.ts" name="Array Utilities &gt; groupBy &gt; should handle numeric keys" time="0.000365375">
        </testcase>
        <testcase classname="packages/shared/src/__tests__/utils/array.test.ts" name="Array Utilities &gt; sortBy &gt; should sort by key in ascending order" time="0.000636125">
        </testcase>
        <testcase classname="packages/shared/src/__tests__/utils/array.test.ts" name="Array Utilities &gt; sortBy &gt; should sort by key in descending order" time="0.00020425">
        </testcase>
        <testcase classname="packages/shared/src/__tests__/utils/array.test.ts" name="Array Utilities &gt; sortBy &gt; should handle empty array" time="0.000057958">
        </testcase>
        <testcase classname="packages/shared/src/__tests__/utils/array.test.ts" name="Array Utilities &gt; sortBy &gt; should not mutate original array" time="0.00007825">
        </testcase>
        <testcase classname="packages/shared/src/__tests__/utils/array.test.ts" name="Array Utilities &gt; shuffle &gt; should return array with same elements" time="0.000547375">
        </testcase>
        <testcase classname="packages/shared/src/__tests__/utils/array.test.ts" name="Array Utilities &gt; shuffle &gt; should not mutate original array" time="0.000162583">
        </testcase>
        <testcase classname="packages/shared/src/__tests__/utils/array.test.ts" name="Array Utilities &gt; shuffle &gt; should handle empty array" time="0.000042583">
        </testcase>
        <testcase classname="packages/shared/src/__tests__/utils/array.test.ts" name="Array Utilities &gt; shuffle &gt; should handle single item" time="0.000048">
        </testcase>
        <testcase classname="packages/shared/src/__tests__/utils/array.test.ts" name="Array Utilities &gt; chunk &gt; should split array into chunks" time="0.000097916">
        </testcase>
        <testcase classname="packages/shared/src/__tests__/utils/array.test.ts" name="Array Utilities &gt; chunk &gt; should handle chunk size larger than array" time="0.000047417">
        </testcase>
        <testcase classname="packages/shared/src/__tests__/utils/array.test.ts" name="Array Utilities &gt; chunk &gt; should handle empty array" time="0.000044333">
        </testcase>
        <testcase classname="packages/shared/src/__tests__/utils/array.test.ts" name="Array Utilities &gt; chunk &gt; should handle chunk size of 1" time="0.0000545">
        </testcase>
        <testcase classname="packages/shared/src/__tests__/utils/array.test.ts" name="Array Utilities &gt; union &gt; should return unique values from multiple arrays" time="0.000057292">
        </testcase>
        <testcase classname="packages/shared/src/__tests__/utils/array.test.ts" name="Array Utilities &gt; union &gt; should handle empty arrays" time="0.000039042">
        </testcase>
        <testcase classname="packages/shared/src/__tests__/utils/array.test.ts" name="Array Utilities &gt; union &gt; should handle single array" time="0.000043084">
        </testcase>
        <testcase classname="packages/shared/src/__tests__/utils/array.test.ts" name="Array Utilities &gt; union &gt; should handle no arrays" time="0.000041583">
        </testcase>
        <testcase classname="packages/shared/src/__tests__/utils/array.test.ts" name="Array Utilities &gt; intersection &gt; should return common elements" time="0.000679792">
        </testcase>
        <testcase classname="packages/shared/src/__tests__/utils/array.test.ts" name="Array Utilities &gt; intersection &gt; should handle no common elements" time="0.000281667">
        </testcase>
        <testcase classname="packages/shared/src/__tests__/utils/array.test.ts" name="Array Utilities &gt; intersection &gt; should handle empty arrays" time="0.000082542">
        </testcase>
        <testcase classname="packages/shared/src/__tests__/utils/array.test.ts" name="Array Utilities &gt; intersection &gt; should handle single array" time="0.000188959">
        </testcase>
        <testcase classname="packages/shared/src/__tests__/utils/array.test.ts" name="Array Utilities &gt; difference &gt; should return elements in first array but not second" time="0.000281459">
        </testcase>
        <testcase classname="packages/shared/src/__tests__/utils/array.test.ts" name="Array Utilities &gt; difference &gt; should handle no differences" time="0.000136541">
        </testcase>
        <testcase classname="packages/shared/src/__tests__/utils/array.test.ts" name="Array Utilities &gt; difference &gt; should handle empty arrays" time="0.000719541">
        </testcase>
        <testcase classname="packages/shared/src/__tests__/utils/array.test.ts" name="Array Utilities &gt; findLast &gt; should find last matching element" time="0.000176875">
        </testcase>
        <testcase classname="packages/shared/src/__tests__/utils/array.test.ts" name="Array Utilities &gt; findLast &gt; should return undefined if no match" time="0.000062667">
        </testcase>
        <testcase classname="packages/shared/src/__tests__/utils/array.test.ts" name="Array Utilities &gt; findLast &gt; should handle empty array" time="0.000047417">
        </testcase>
        <testcase classname="packages/shared/src/__tests__/utils/array.test.ts" name="Array Utilities &gt; findLast &gt; should work with complex objects" time="0.000113792">
        </testcase>
        <testcase classname="packages/shared/src/__tests__/utils/array.test.ts" name="Array Utilities &gt; isEmpty &gt; should identify empty arrays" time="0.000072292">
        </testcase>
        <testcase classname="packages/shared/src/__tests__/utils/array.test.ts" name="Array Utilities &gt; isEmpty &gt; should identify non-empty arrays" time="0.000078375">
        </testcase>
        <testcase classname="packages/shared/src/__tests__/utils/array.test.ts" name="Array Utilities &gt; getRandomItem &gt; should return item from array" time="0.000233541">
        </testcase>
        <testcase classname="packages/shared/src/__tests__/utils/array.test.ts" name="Array Utilities &gt; getRandomItem &gt; should return undefined for empty array" time="0.00003975">
        </testcase>
        <testcase classname="packages/shared/src/__tests__/utils/array.test.ts" name="Array Utilities &gt; getRandomItem &gt; should return single item from single-item array" time="0.000048625">
        </testcase>
        <testcase classname="packages/shared/src/__tests__/utils/array.test.ts" name="Array Utilities &gt; moveItem &gt; should move item to new position" time="0.000090291">
        </testcase>
        <testcase classname="packages/shared/src/__tests__/utils/array.test.ts" name="Array Utilities &gt; moveItem &gt; should handle invalid indices" time="0.000088125">
        </testcase>
        <testcase classname="packages/shared/src/__tests__/utils/array.test.ts" name="Array Utilities &gt; moveItem &gt; should not mutate original array" time="0.000070292">
        </testcase>
        <testcase classname="packages/shared/src/__tests__/utils/array.test.ts" name="Array Utilities &gt; moveItem &gt; should handle empty array" time="0.000045708">
        </testcase>
        <testcase classname="packages/shared/src/__tests__/utils/array.test.ts" name="Array Utilities &gt; flatten &gt; should flatten nested arrays" time="0.000089958">
        </testcase>
        <testcase classname="packages/shared/src/__tests__/utils/array.test.ts" name="Array Utilities &gt; flatten &gt; should handle already flat arrays" time="0.000046625">
        </testcase>
        <testcase classname="packages/shared/src/__tests__/utils/array.test.ts" name="Array Utilities &gt; flatten &gt; should handle empty arrays" time="0.000057208">
        </testcase>
        <testcase classname="packages/shared/src/__tests__/utils/array.test.ts" name="Array Utilities &gt; flatten &gt; should handle deeply nested arrays" time="0.000046375">
        </testcase>
        <testcase classname="packages/shared/src/__tests__/utils/array.test.ts" name="Array Utilities &gt; countOccurrences &gt; should count occurrences of each item" time="0.00007625">
        </testcase>
        <testcase classname="packages/shared/src/__tests__/utils/array.test.ts" name="Array Utilities &gt; countOccurrences &gt; should handle strings" time="0.000058583">
        </testcase>
        <testcase classname="packages/shared/src/__tests__/utils/array.test.ts" name="Array Utilities &gt; countOccurrences &gt; should handle empty array" time="0.000050333">
        </testcase>
        <testcase classname="packages/shared/src/__tests__/utils/array.test.ts" name="Array Utilities &gt; countOccurrences &gt; should handle single item" time="0.00004425">
        </testcase>
        <testcase classname="packages/shared/src/__tests__/utils/array.test.ts" name="Array Utilities &gt; countOccurrences &gt; should handle mixed types" time="0.000047292">
        </testcase>
    </testsuite>
    <testsuite name="packages/shared/src/__tests__/utils/date.test.ts" timestamp="2025-07-11T05:19:17.986Z" hostname="MacBookPro.attlocal.net" tests="24" failures="0" errors="0" skipped="0" time="0.028811042">
        <testcase classname="packages/shared/src/__tests__/utils/date.test.ts" name="Date Utilities &gt; formatDate &gt; should format date without time" time="0.019859334">
        </testcase>
        <testcase classname="packages/shared/src/__tests__/utils/date.test.ts" name="Date Utilities &gt; formatDate &gt; should format date with time" time="0.000221916">
        </testcase>
        <testcase classname="packages/shared/src/__tests__/utils/date.test.ts" name="Date Utilities &gt; formatDate &gt; should format date with different formats" time="0.000303958">
        </testcase>
        <testcase classname="packages/shared/src/__tests__/utils/date.test.ts" name="Date Utilities &gt; formatDate &gt; should handle invalid dates" time="0.000116833">
        </testcase>
        <testcase classname="packages/shared/src/__tests__/utils/date.test.ts" name="Date Utilities &gt; formatDateShort &gt; should format date as MM/DD/YYYY" time="0.000108459">
        </testcase>
        <testcase classname="packages/shared/src/__tests__/utils/date.test.ts" name="Date Utilities &gt; formatDateShort &gt; should handle string dates" time="0.000778375">
        </testcase>
        <testcase classname="packages/shared/src/__tests__/utils/date.test.ts" name="Date Utilities &gt; formatDateShort &gt; should handle invalid dates" time="0.000168875">
        </testcase>
        <testcase classname="packages/shared/src/__tests__/utils/date.test.ts" name="Date Utilities &gt; formatDateRelative &gt; should format recent dates" time="0.000915792">
        </testcase>
        <testcase classname="packages/shared/src/__tests__/utils/date.test.ts" name="Date Utilities &gt; formatDateRelative &gt; should handle &quot;just now&quot; for very recent dates" time="0.000564875">
        </testcase>
        <testcase classname="packages/shared/src/__tests__/utils/date.test.ts" name="Date Utilities &gt; formatDateRelative &gt; should handle singular forms correctly" time="0.000259334">
        </testcase>
        <testcase classname="packages/shared/src/__tests__/utils/date.test.ts" name="Date Utilities &gt; formatDateRelative &gt; should handle hours correctly" time="0.000278041">
        </testcase>
        <testcase classname="packages/shared/src/__tests__/utils/date.test.ts" name="Date Utilities &gt; formatDateRelative &gt; should handle days correctly" time="0.000132791">
        </testcase>
        <testcase classname="packages/shared/src/__tests__/utils/date.test.ts" name="Date Utilities &gt; formatDateRelative &gt; should handle invalid dates" time="0.000118708">
        </testcase>
        <testcase classname="packages/shared/src/__tests__/utils/date.test.ts" name="Date Utilities &gt; formatDuration &gt; should format duration in minutes" time="0.000196208">
        </testcase>
        <testcase classname="packages/shared/src/__tests__/utils/date.test.ts" name="Date Utilities &gt; formatDuration &gt; should format duration in hours" time="0.000134917">
        </testcase>
        <testcase classname="packages/shared/src/__tests__/utils/date.test.ts" name="Date Utilities &gt; formatDuration &gt; should format duration in hours and minutes" time="0.000136459">
        </testcase>
        <testcase classname="packages/shared/src/__tests__/utils/date.test.ts" name="Date Utilities &gt; formatDuration &gt; should handle zero duration" time="0.000240834">
        </testcase>
        <testcase classname="packages/shared/src/__tests__/utils/date.test.ts" name="Date Utilities &gt; isToday &gt; should return true for today" time="0.000460792">
        </testcase>
        <testcase classname="packages/shared/src/__tests__/utils/date.test.ts" name="Date Utilities &gt; isToday &gt; should return false for yesterday" time="0.000222375">
        </testcase>
        <testcase classname="packages/shared/src/__tests__/utils/date.test.ts" name="Date Utilities &gt; isToday &gt; should return false for tomorrow" time="0.000129583">
        </testcase>
        <testcase classname="packages/shared/src/__tests__/utils/date.test.ts" name="Date Utilities &gt; isToday &gt; should handle string dates" time="0.000217792">
        </testcase>
        <testcase classname="packages/shared/src/__tests__/utils/date.test.ts" name="Date Utilities &gt; isThisWeek &gt; should return true for dates in current week" time="0.000090833">
        </testcase>
        <testcase classname="packages/shared/src/__tests__/utils/date.test.ts" name="Date Utilities &gt; isThisWeek &gt; should return false for dates outside current week" time="0.000046167">
        </testcase>
        <testcase classname="packages/shared/src/__tests__/utils/date.test.ts" name="Date Utilities &gt; isThisWeek &gt; should handle string dates" time="0.000042917">
        </testcase>
    </testsuite>
    <testsuite name="packages/shared/src/__tests__/utils/string.test.ts" timestamp="2025-07-11T05:19:17.991Z" hostname="MacBookPro.attlocal.net" tests="67" failures="0" errors="0" skipped="0" time="0.028771833">
        <testcase classname="packages/shared/src/__tests__/utils/string.test.ts" name="String Utilities &gt; capitalize &gt; should capitalize first letter" time="0.000718292">
        </testcase>
        <testcase classname="packages/shared/src/__tests__/utils/string.test.ts" name="String Utilities &gt; capitalize &gt; should handle empty string" time="0.000091333">
        </testcase>
        <testcase classname="packages/shared/src/__tests__/utils/string.test.ts" name="String Utilities &gt; capitalize &gt; should handle single character" time="0.000143917">
        </testcase>
        <testcase classname="packages/shared/src/__tests__/utils/string.test.ts" name="String Utilities &gt; capitalize &gt; should only capitalize first letter" time="0.000130459">
        </testcase>
        <testcase classname="packages/shared/src/__tests__/utils/string.test.ts" name="String Utilities &gt; capitalize &gt; should handle special characters" time="0.000129667">
        </testcase>
        <testcase classname="packages/shared/src/__tests__/utils/string.test.ts" name="String Utilities &gt; toTitleCase &gt; should convert to title case" time="0.000202584">
        </testcase>
        <testcase classname="packages/shared/src/__tests__/utils/string.test.ts" name="String Utilities &gt; toTitleCase &gt; should handle single word" time="0.000055834">
        </testcase>
        <testcase classname="packages/shared/src/__tests__/utils/string.test.ts" name="String Utilities &gt; toTitleCase &gt; should handle empty string" time="0.000079375">
        </testcase>
        <testcase classname="packages/shared/src/__tests__/utils/string.test.ts" name="String Utilities &gt; toTitleCase &gt; should handle mixed case" time="0.00015675">
        </testcase>
        <testcase classname="packages/shared/src/__tests__/utils/string.test.ts" name="String Utilities &gt; toTitleCase &gt; should handle special characters" time="0.000080792">
        </testcase>
        <testcase classname="packages/shared/src/__tests__/utils/string.test.ts" name="String Utilities &gt; toKebabCase &gt; should convert to kebab case" time="0.000157">
        </testcase>
        <testcase classname="packages/shared/src/__tests__/utils/string.test.ts" name="String Utilities &gt; toKebabCase &gt; should handle camelCase" time="0.000054542">
        </testcase>
        <testcase classname="packages/shared/src/__tests__/utils/string.test.ts" name="String Utilities &gt; toKebabCase &gt; should handle underscores" time="0.000042292">
        </testcase>
        <testcase classname="packages/shared/src/__tests__/utils/string.test.ts" name="String Utilities &gt; toKebabCase &gt; should handle multiple spaces" time="0.000038166">
        </testcase>
        <testcase classname="packages/shared/src/__tests__/utils/string.test.ts" name="String Utilities &gt; toKebabCase &gt; should handle empty string" time="0.000033917">
        </testcase>
        <testcase classname="packages/shared/src/__tests__/utils/string.test.ts" name="String Utilities &gt; toCamelCase &gt; should convert to camel case" time="0.000107958">
        </testcase>
        <testcase classname="packages/shared/src/__tests__/utils/string.test.ts" name="String Utilities &gt; toCamelCase &gt; should handle kebab case" time="0.000050041">
        </testcase>
        <testcase classname="packages/shared/src/__tests__/utils/string.test.ts" name="String Utilities &gt; toCamelCase &gt; should handle underscores" time="0.000036334">
        </testcase>
        <testcase classname="packages/shared/src/__tests__/utils/string.test.ts" name="String Utilities &gt; toCamelCase &gt; should handle mixed separators" time="0.000038666">
        </testcase>
        <testcase classname="packages/shared/src/__tests__/utils/string.test.ts" name="String Utilities &gt; toCamelCase &gt; should handle empty string" time="0.000034708">
        </testcase>
        <testcase classname="packages/shared/src/__tests__/utils/string.test.ts" name="String Utilities &gt; truncate &gt; should truncate long strings" time="0.000065334">
        </testcase>
        <testcase classname="packages/shared/src/__tests__/utils/string.test.ts" name="String Utilities &gt; truncate &gt; should handle custom suffix" time="0.000036208">
        </testcase>
        <testcase classname="packages/shared/src/__tests__/utils/string.test.ts" name="String Utilities &gt; truncate &gt; should handle empty string" time="0.000033042">
        </testcase>
        <testcase classname="packages/shared/src/__tests__/utils/string.test.ts" name="String Utilities &gt; truncate &gt; should handle zero length" time="0.00003525">
        </testcase>
        <testcase classname="packages/shared/src/__tests__/utils/string.test.ts" name="String Utilities &gt; truncate &gt; should handle negative length" time="0.000035167">
        </testcase>
        <testcase classname="packages/shared/src/__tests__/utils/string.test.ts" name="String Utilities &gt; stripHtml &gt; should remove HTML tags" time="0.000301625">
        </testcase>
        <testcase classname="packages/shared/src/__tests__/utils/string.test.ts" name="String Utilities &gt; stripHtml &gt; should handle self-closing tags" time="0.00007375">
        </testcase>
        <testcase classname="packages/shared/src/__tests__/utils/string.test.ts" name="String Utilities &gt; stripHtml &gt; should handle nested tags" time="0.000042166">
        </testcase>
        <testcase classname="packages/shared/src/__tests__/utils/string.test.ts" name="String Utilities &gt; stripHtml &gt; should handle empty string" time="0.000040709">
        </testcase>
        <testcase classname="packages/shared/src/__tests__/utils/string.test.ts" name="String Utilities &gt; stripHtml &gt; should handle text without HTML" time="0.000037042">
        </testcase>
        <testcase classname="packages/shared/src/__tests__/utils/string.test.ts" name="String Utilities &gt; slugify &gt; should create valid slugs" time="0.000185542">
        </testcase>
        <testcase classname="packages/shared/src/__tests__/utils/string.test.ts" name="String Utilities &gt; slugify &gt; should handle special characters" time="0.000055209">
        </testcase>
        <testcase classname="packages/shared/src/__tests__/utils/string.test.ts" name="String Utilities &gt; slugify &gt; should handle accented characters" time="0.000477958">
        </testcase>
        <testcase classname="packages/shared/src/__tests__/utils/string.test.ts" name="String Utilities &gt; slugify &gt; should handle numbers" time="0.000044625">
        </testcase>
        <testcase classname="packages/shared/src/__tests__/utils/string.test.ts" name="String Utilities &gt; slugify &gt; should handle empty string" time="0.000037292">
        </testcase>
        <testcase classname="packages/shared/src/__tests__/utils/string.test.ts" name="String Utilities &gt; slugify &gt; should handle multiple spaces and dashes" time="0.000041292">
        </testcase>
        <testcase classname="packages/shared/src/__tests__/utils/string.test.ts" name="String Utilities &gt; getInitials &gt; should get initials from name" time="0.00010375">
        </testcase>
        <testcase classname="packages/shared/src/__tests__/utils/string.test.ts" name="String Utilities &gt; getInitials &gt; should handle single name" time="0.000038375">
        </testcase>
        <testcase classname="packages/shared/src/__tests__/utils/string.test.ts" name="String Utilities &gt; getInitials &gt; should handle empty string" time="0.000035542">
        </testcase>
        <testcase classname="packages/shared/src/__tests__/utils/string.test.ts" name="String Utilities &gt; getInitials &gt; should handle extra spaces" time="0.000036667">
        </testcase>
        <testcase classname="packages/shared/src/__tests__/utils/string.test.ts" name="String Utilities &gt; getInitials &gt; should handle lowercase names" time="0.000054667">
        </testcase>
        <testcase classname="packages/shared/src/__tests__/utils/string.test.ts" name="String Utilities &gt; getInitials &gt; should limit to 3 initials maximum" time="0.000712875">
        </testcase>
        <testcase classname="packages/shared/src/__tests__/utils/string.test.ts" name="String Utilities &gt; isValidEmail &gt; should validate correct emails" time="0.000205">
        </testcase>
        <testcase classname="packages/shared/src/__tests__/utils/string.test.ts" name="String Utilities &gt; isValidEmail &gt; should reject invalid emails" time="0.000085375">
        </testcase>
        <testcase classname="packages/shared/src/__tests__/utils/string.test.ts" name="String Utilities &gt; isValidEmail &gt; should handle empty string" time="0.000046708">
        </testcase>
        <testcase classname="packages/shared/src/__tests__/utils/string.test.ts" name="String Utilities &gt; isValidEmail &gt; should handle whitespace" time="0.000053792">
        </testcase>
        <testcase classname="packages/shared/src/__tests__/utils/string.test.ts" name="String Utilities &gt; formatNumber &gt; should format numbers with commas" time="0.01836375">
        </testcase>
        <testcase classname="packages/shared/src/__tests__/utils/string.test.ts" name="String Utilities &gt; formatNumber &gt; should handle decimal numbers" time="0.000092084">
        </testcase>
        <testcase classname="packages/shared/src/__tests__/utils/string.test.ts" name="String Utilities &gt; formatNumber &gt; should handle negative numbers" time="0.000065333">
        </testcase>
        <testcase classname="packages/shared/src/__tests__/utils/string.test.ts" name="String Utilities &gt; formatNumber &gt; should handle zero" time="0.000060125">
        </testcase>
        <testcase classname="packages/shared/src/__tests__/utils/string.test.ts" name="String Utilities &gt; formatNumber &gt; should handle small numbers" time="0.000057042">
        </testcase>
        <testcase classname="packages/shared/src/__tests__/utils/string.test.ts" name="String Utilities &gt; generateRandomString &gt; should generate string of specified length" time="0.000722292">
        </testcase>
        <testcase classname="packages/shared/src/__tests__/utils/string.test.ts" name="String Utilities &gt; generateRandomString &gt; should generate different strings" time="0.000327625">
        </testcase>
        <testcase classname="packages/shared/src/__tests__/utils/string.test.ts" name="String Utilities &gt; generateRandomString &gt; should handle zero length" time="0.000046833">
        </testcase>
        <testcase classname="packages/shared/src/__tests__/utils/string.test.ts" name="String Utilities &gt; generateRandomString &gt; should only contain valid characters" time="0.000085333">
        </testcase>
        <testcase classname="packages/shared/src/__tests__/utils/string.test.ts" name="String Utilities &gt; isWhitespace &gt; should identify whitespace strings" time="0.000073125">
        </testcase>
        <testcase classname="packages/shared/src/__tests__/utils/string.test.ts" name="String Utilities &gt; isWhitespace &gt; should identify non-whitespace strings" time="0.000060916">
        </testcase>
        <testcase classname="packages/shared/src/__tests__/utils/string.test.ts" name="String Utilities &gt; countWords &gt; should count words correctly" time="0.000112125">
        </testcase>
        <testcase classname="packages/shared/src/__tests__/utils/string.test.ts" name="String Utilities &gt; countWords &gt; should handle single word" time="0.000039708">
        </testcase>
        <testcase classname="packages/shared/src/__tests__/utils/string.test.ts" name="String Utilities &gt; countWords &gt; should handle empty string" time="0.000036375">
        </testcase>
        <testcase classname="packages/shared/src/__tests__/utils/string.test.ts" name="String Utilities &gt; countWords &gt; should handle multiple spaces" time="0.000036583">
        </testcase>
        <testcase classname="packages/shared/src/__tests__/utils/string.test.ts" name="String Utilities &gt; countWords &gt; should handle leading/trailing spaces" time="0.000034">
        </testcase>
        <testcase classname="packages/shared/src/__tests__/utils/string.test.ts" name="String Utilities &gt; escapeHtml &gt; should escape HTML entities" time="0.00009025">
        </testcase>
        <testcase classname="packages/shared/src/__tests__/utils/string.test.ts" name="String Utilities &gt; escapeHtml &gt; should handle quotes" time="0.000158917">
        </testcase>
        <testcase classname="packages/shared/src/__tests__/utils/string.test.ts" name="String Utilities &gt; escapeHtml &gt; should handle empty string" time="0.0001335">
        </testcase>
        <testcase classname="packages/shared/src/__tests__/utils/string.test.ts" name="String Utilities &gt; escapeHtml &gt; should handle text without HTML" time="0.000065542">
        </testcase>
        <testcase classname="packages/shared/src/__tests__/utils/string.test.ts" name="String Utilities &gt; escapeHtml &gt; should handle multiple entities" time="0.000043833">
        </testcase>
    </testsuite>
    <testsuite name="packages/client/src/__tests__/components/ui/Button.test.tsx" timestamp="2025-07-11T05:19:18.003Z" hostname="MacBookPro.attlocal.net" tests="23" failures="0" errors="0" skipped="0" time="0.041657292">
        <testcase classname="packages/client/src/__tests__/components/ui/Button.test.tsx" name="Button Component &gt; Basic Rendering &gt; should render button with text" time="0.01397425">
        </testcase>
        <testcase classname="packages/client/src/__tests__/components/ui/Button.test.tsx" name="Button Component &gt; Basic Rendering &gt; should render button with custom type" time="0.002127208">
        </testcase>
        <testcase classname="packages/client/src/__tests__/components/ui/Button.test.tsx" name="Button Component &gt; Basic Rendering &gt; should render disabled button" time="0.001660584">
        </testcase>
        <testcase classname="packages/client/src/__tests__/components/ui/Button.test.tsx" name="Button Component &gt; Variants &gt; should render primary variant" time="0.001265333">
        </testcase>
        <testcase classname="packages/client/src/__tests__/components/ui/Button.test.tsx" name="Button Component &gt; Variants &gt; should render secondary variant" time="0.001795792">
        </testcase>
        <testcase classname="packages/client/src/__tests__/components/ui/Button.test.tsx" name="Button Component &gt; Variants &gt; should render danger variant" time="0.000812125">
        </testcase>
        <testcase classname="packages/client/src/__tests__/components/ui/Button.test.tsx" name="Button Component &gt; Variants &gt; should render ghost variant" time="0.000891792">
        </testcase>
        <testcase classname="packages/client/src/__tests__/components/ui/Button.test.tsx" name="Button Component &gt; Sizes &gt; should render small size" time="0.000904166">
        </testcase>
        <testcase classname="packages/client/src/__tests__/components/ui/Button.test.tsx" name="Button Component &gt; Sizes &gt; should render medium size (default)" time="0.001845875">
        </testcase>
        <testcase classname="packages/client/src/__tests__/components/ui/Button.test.tsx" name="Button Component &gt; Sizes &gt; should render large size" time="0.000779125">
        </testcase>
        <testcase classname="packages/client/src/__tests__/components/ui/Button.test.tsx" name="Button Component &gt; States &gt; should render loading state" time="0.001729458">
        </testcase>
        <testcase classname="packages/client/src/__tests__/components/ui/Button.test.tsx" name="Button Component &gt; States &gt; should show loading spinner when loading" time="0.000933625">
        </testcase>
        <testcase classname="packages/client/src/__tests__/components/ui/Button.test.tsx" name="Button Component &gt; States &gt; should not be clickable when loading" time="0.001310917">
        </testcase>
        <testcase classname="packages/client/src/__tests__/components/ui/Button.test.tsx" name="Button Component &gt; Icons &gt; should render with left icon" time="0.000657208">
        </testcase>
        <testcase classname="packages/client/src/__tests__/components/ui/Button.test.tsx" name="Button Component &gt; Icons &gt; should render with right icon" time="0.000419">
        </testcase>
        <testcase classname="packages/client/src/__tests__/components/ui/Button.test.tsx" name="Button Component &gt; Event Handling &gt; should handle click events" time="0.001719167">
        </testcase>
        <testcase classname="packages/client/src/__tests__/components/ui/Button.test.tsx" name="Button Component &gt; Event Handling &gt; should not handle click events when disabled" time="0.000642834">
        </testcase>
        <testcase classname="packages/client/src/__tests__/components/ui/Button.test.tsx" name="Button Component &gt; Custom Props &gt; should accept custom className" time="0.000570541">
        </testcase>
        <testcase classname="packages/client/src/__tests__/components/ui/Button.test.tsx" name="Button Component &gt; Custom Props &gt; should accept custom data attributes" time="0.000332875">
        </testcase>
        <testcase classname="packages/client/src/__tests__/components/ui/Button.test.tsx" name="Button Component &gt; Custom Props &gt; should accept ARIA attributes" time="0.000530292">
        </testcase>
        <testcase classname="packages/client/src/__tests__/components/ui/Button.test.tsx" name="Button Component &gt; Accessibility &gt; should have proper role" time="0.000496917">
        </testcase>
        <testcase classname="packages/client/src/__tests__/components/ui/Button.test.tsx" name="Button Component &gt; Accessibility &gt; should be focusable" time="0.000929125">
        </testcase>
        <testcase classname="packages/client/src/__tests__/components/ui/Button.test.tsx" name="Button Component &gt; Accessibility &gt; should not be focusable when disabled" time="0.000565333">
        </testcase>
    </testsuite>
    <testsuite name="packages/client/src/__tests__/components/ui/Card.test.tsx" timestamp="2025-07-11T05:19:18.007Z" hostname="MacBookPro.attlocal.net" tests="23" failures="0" errors="0" skipped="0" time="0.036404208">
        <testcase classname="packages/client/src/__tests__/components/ui/Card.test.tsx" name="Card Component &gt; Basic Rendering &gt; should render card with content" time="0.011297333">
        </testcase>
        <testcase classname="packages/client/src/__tests__/components/ui/Card.test.tsx" name="Card Component &gt; Basic Rendering &gt; should render card with header" time="0.002886458">
        </testcase>
        <testcase classname="packages/client/src/__tests__/components/ui/Card.test.tsx" name="Card Component &gt; Basic Rendering &gt; should render card with footer" time="0.001538458">
        </testcase>
        <testcase classname="packages/client/src/__tests__/components/ui/Card.test.tsx" name="Card Component &gt; Basic Rendering &gt; should render card with header and footer" time="0.001477667">
        </testcase>
        <testcase classname="packages/client/src/__tests__/components/ui/Card.test.tsx" name="Card Component &gt; Variants &gt; should render default variant" time="0.0017305">
        </testcase>
        <testcase classname="packages/client/src/__tests__/components/ui/Card.test.tsx" name="Card Component &gt; Variants &gt; should render outlined variant" time="0.000529083">
        </testcase>
        <testcase classname="packages/client/src/__tests__/components/ui/Card.test.tsx" name="Card Component &gt; Variants &gt; should render elevated variant" time="0.001253625">
        </testcase>
        <testcase classname="packages/client/src/__tests__/components/ui/Card.test.tsx" name="Card Component &gt; Padding &gt; should render with no padding" time="0.000894583">
        </testcase>
        <testcase classname="packages/client/src/__tests__/components/ui/Card.test.tsx" name="Card Component &gt; Padding &gt; should render with small padding" time="0.001911083">
        </testcase>
        <testcase classname="packages/client/src/__tests__/components/ui/Card.test.tsx" name="Card Component &gt; Padding &gt; should render with medium padding (default)" time="0.000548583">
        </testcase>
[...]

            </system-out>
        </testcase>
        <testcase classname="packages/server/src/__tests__/unit/services/recipeService.test.ts" name="RecipeService &gt; deleteRecipe &gt; should delete recipe successfully" time="0.000648583">
            <system-out>
[32minfo[39m: Deleted recipe: Recipe to Delete {&quot;timestamp&quot;:&quot;2025-07-11T05:19:04.115Z&quot;}

            </system-out>
        </testcase>
        <testcase classname="packages/server/src/__tests__/unit/services/recipeService.test.ts" name="RecipeService &gt; deleteRecipe &gt; should throw error if recipe not found" time="0.000816667">
            <system-out>
[31merror[39m: Error deleting recipe: Recipe not found {&quot;stack&quot;:&quot;Error: Recipe not found\n    at Function.deleteRecipe (/Users/benh/GitHub/Recipe-Manager-SPA/packages/server/src/services/recipes/crud.ts:117:15)\n    at processTicksAndRejections (node:internal/process/task_queues:105:5)&quot;,&quot;timestamp&quot;:&quot;2025-07-11T05:19:04.116Z&quot;}

            </system-out>
        </testcase>
        <testcase classname="packages/server/src/__tests__/unit/services/recipeService.test.ts" name="RecipeService &gt; getUserRecipes &gt; should return user recipes with pagination" time="0.00095175">
            <system-out>
[32minfo[39m: Retrieved 1 user recipes (page 1/1) {&quot;timestamp&quot;:&quot;2025-07-11T05:19:04.116Z&quot;}

            </system-out>
        </testcase>
        <testcase classname="packages/server/src/__tests__/unit/services/recipeService.test.ts" name="RecipeService &gt; searchRecipes &gt; should search recipes by query" time="0.003063667">
            <system-out>
[32minfo[39m: Search &quot;pasta&quot; returned 0 recipes (page 1/0) {&quot;timestamp&quot;:&quot;2025-07-11T05:19:04.118Z&quot;}

            </system-out>
        </testcase>
        <testcase classname="packages/server/src/__tests__/unit/services/recipeService.test.ts" name="RecipeService &gt; getRecipesByCategory &gt; should return recipes by category" time="0.000945375">
            <system-out>
[32minfo[39m: Retrieved 0 recipes in category &quot;Main Course&quot; (page 1/0) {&quot;timestamp&quot;:&quot;2025-07-11T05:19:04.121Z&quot;}

            </system-out>
        </testcase>
        <testcase classname="packages/server/src/__tests__/unit/services/recipeService.test.ts" name="RecipeService &gt; getRecipeCategories &gt; should return unique recipe categories" time="0.000540625">
        </testcase>
        <testcase classname="packages/server/src/__tests__/unit/services/recipeService.test.ts" name="RecipeService &gt; verifyRecipeOwnership &gt; should return true if user owns the recipe" time="0.000199875">
        </testcase>
        <testcase classname="packages/server/src/__tests__/unit/services/recipeService.test.ts" name="RecipeService &gt; verifyRecipeOwnership &gt; should return false if user does not own the recipe" time="0.000319041">
        </testcase>
        <testcase classname="packages/server/src/__tests__/unit/services/recipeService.test.ts" name="RecipeService &gt; verifyRecipeOwnership &gt; should return false if recipe not found" time="0.000090333">
        </testcase>
    </testsuite>
    <testsuite name="packages/server/src/__tests__/unit/services/userService.test.ts" timestamp="2025-07-11T05:19:18.025Z" hostname="MacBookPro.attlocal.net" tests="21" failures="0" errors="0" skipped="0" time="0.041756167">
        <testcase classname="packages/server/src/__tests__/unit/services/userService.test.ts" name="UserService &gt; createUser &gt; should create a new user successfully" time="0.004077917">
            <system-out>
[32minfo[39m: Created user: test@example.com {&quot;timestamp&quot;:&quot;2025-07-11T05:19:04.097Z&quot;}

            </system-out>
        </testcase>
        <testcase classname="packages/server/src/__tests__/unit/services/userService.test.ts" name="UserService &gt; createUser &gt; should throw error if user already exists" time="0.006056625">
            <system-out>
[31merror[39m: Error creating user: User with this email already exists {&quot;stack&quot;:&quot;Error: User with this email already exists\n    at Function.createUser (/Users/benh/GitHub/Recipe-Manager-SPA/packages/server/src/services/users/crud.ts:15:15)\n    at processTicksAndRejections (node:internal/process/task_queues:105:5)&quot;,&quot;timestamp&quot;:&quot;2025-07-11T05:19:04.101Z&quot;}

            </system-out>
        </testcase>
        <testcase classname="packages/server/src/__tests__/unit/services/userService.test.ts" name="UserService &gt; createUser &gt; should handle database errors" time="0.002284291">
            <system-out>
[31merror[39m: Error creating user: Database error {&quot;stack&quot;:&quot;Error: Database error\n    at /Users/benh/GitHub/Recipe-Manager-SPA/packages/server/src/__tests__/unit/services/userService.test.ts:112:74\n    at file:///Users/benh/GitHub/Recipe-Manager-SPA/node_modules/@vitest/runner/dist/chunk-hooks.js:155:11\n    at file:///Users/benh/GitHub/Recipe-Manager-SPA/node_modules/@vitest/runner/dist/chunk-hooks.js:752:26\n    at file:///Users/benh/GitHub/Recipe-Manager-SPA/node_modules/@vitest/runner/dist/chunk-hooks.js:1897:20\n    at new Promise (&lt;anonymous&gt;)\n    at runWithTimeout (file:///Users/benh/GitHub/Recipe-Manager-SPA/node_modules/@vitest/runner/dist/chunk-hooks.js:1863:10)\n    at runTest (file:///Users/benh/GitHub/Recipe-Manager-SPA/node_modules/@vitest/runner/dist/chunk-hooks.js:1574:12)\n    at processTicksAndRejections (node:internal/process/task_queues:105:5)\n    at runSuite (file:///Users/benh/GitHub/Recipe-Manager-SPA/node_modules/@vitest/runner/dist/chunk-hooks.js:1729:8)\n    at runSuite (file:///Users/benh/GitHub/Recipe-Manager-SPA/node_modules/@vitest/runner/dist/chunk-hooks.js:1729:8)&quot;,&quot;timestamp&quot;:&quot;2025-07-11T05:19:04.107Z&quot;}

            </system-out>
        </testcase>
        <testcase classname="packages/server/src/__tests__/unit/services/userService.test.ts" name="UserService &gt; getUserById &gt; should return user by ID" time="0.003245584">
        </testcase>
        <testcase classname="packages/server/src/__tests__/unit/services/userService.test.ts" name="UserService &gt; getUserById &gt; should return null if user not found" time="0.00032175">
        </testcase>
        <testcase classname="packages/server/src/__tests__/unit/services/userService.test.ts" name="UserService &gt; getUserById &gt; should handle database errors" time="0.005433584">
            <system-out>
[31merror[39m: Error fetching user by ID: Database error {&quot;stack&quot;:&quot;Error: Database error\n    at /Users/benh/GitHub/Recipe-Manager-SPA/packages/server/src/__tests__/unit/services/userService.test.ts:154:78\n    at file:///Users/benh/GitHub/Recipe-Manager-SPA/node_modules/@vitest/runner/dist/chunk-hooks.js:155:11\n    at file:///Users/benh/GitHub/Recipe-Manager-SPA/node_modules/@vitest/runner/dist/chunk-hooks.js:752:26\n    at file:///Users/benh/GitHub/Recipe-Manager-SPA/node_modules/@vitest/runner/dist/chunk-hooks.js:1897:20\n    at new Promise (&lt;anonymous&gt;)\n    at runWithTimeout (file:///Users/benh/GitHub/Recipe-Manager-SPA/node_modules/@vitest/runner/dist/chunk-hooks.js:1863:10)\n    at runTest (file:///Users/benh/GitHub/Recipe-Manager-SPA/node_modules/@vitest/runner/dist/chunk-hooks.js:1574:12)\n    at processTicksAndRejections (node:internal/process/task_queues:105:5)\n    at runSuite (file:///Users/benh/GitHub/Recipe-Manager-SPA/node_modules/@vitest/runner/dist/chunk-hooks.js:1729:8)\n    at runSuite (file:///Users/benh/GitHub/Recipe-Manager-SPA/node_modules/@vitest/runner/dist/chunk-hooks.js:1729:8)&quot;,&quot;timestamp&quot;:&quot;2025-07-11T05:19:04.114Z&quot;}

            </system-out>
        </testcase>
        <testcase classname="packages/server/src/__tests__/unit/services/userService.test.ts" name="UserService &gt; getUserByEmail &gt; should return user by email" time="0.001852625">
        </testcase>
        <testcase classname="packages/server/src/__tests__/unit/services/userService.test.ts" name="UserService &gt; getUserByEmail &gt; should return null if user not found" time="0.000121084">
        </testcase>
        <testcase classname="packages/server/src/__tests__/unit/services/userService.test.ts" name="UserService &gt; updateUser &gt; should update user successfully" time="0.00086975">
            <system-out>
[32minfo[39m: Updated user: updated@example.com {&quot;timestamp&quot;:&quot;2025-07-11T05:19:04.121Z&quot;}

            </system-out>
        </testcase>
        <testcase classname="packages/server/src/__tests__/unit/services/userService.test.ts" name="UserService &gt; updateUser &gt; should throw error if user not found" time="0.00038">
            <system-out>
[31merror[39m: Error updating user: User not found {&quot;stack&quot;:&quot;Error: User not found\n    at Function.updateUser (/Users/benh/GitHub/Recipe-Manager-SPA/packages/server/src/services/users/crud.ts:73:15)\n    at processTicksAndRejections (node:internal/process/task_queues:105:5)&quot;,&quot;timestamp&quot;:&quot;2025-07-11T05:19:04.122Z&quot;}

            </system-out>
        </testcase>
        <testcase classname="packages/server/src/__tests__/unit/services/userService.test.ts" name="UserService &gt; updateUser &gt; should throw error if email already exists" time="0.00030875">
            <system-out>
[31merror[39m: Error updating user: Email already in use {&quot;stack&quot;:&quot;Error: Email already in use\n    at Function.updateUser (/Users/benh/GitHub/Recipe-Manager-SPA/packages/server/src/services/users/crud.ts:83:17)\n    at processTicksAndRejections (node:internal/process/task_queues:105:5)\n    at /Users/benh/GitHub/Recipe-Manager-SPA/packages/server/src/__tests__/unit/services/userService.test.ts:281:7\n    at file:///Users/benh/GitHub/Recipe-Manager-SPA/node_modules/@vitest/runner/dist/chunk-hooks.js:752:20&quot;,&quot;timestamp&quot;:&quot;2025-07-11T05:19:04.122Z&quot;}

            </system-out>
        </testcase>
        <testcase classname="packages/server/src/__tests__/unit/services/userService.test.ts" name="UserService &gt; deleteUser &gt; should delete user successfully" time="0.000365333">
            <system-out>
[32minfo[39m: Deleted user: test@example.com {&quot;timestamp&quot;:&quot;2025-07-11T05:19:04.123Z&quot;}

            </system-out>
        </testcase>
        <testcase classname="packages/server/src/__tests__/unit/services/userService.test.ts" name="UserService &gt; deleteUser &gt; should throw error if user not found" time="0.000708083">
            <system-out>
[31merror[39m: Error deleting user: User not found {&quot;stack&quot;:&quot;Error: User not found\n    at Function.deleteUser (/Users/benh/GitHub/Recipe-Manager-SPA/packages/server/src/services/users/crud.ts:114:15)\n    at processTicksAndRejections (node:internal/process/task_queues:105:5)&quot;,&quot;timestamp&quot;:&quot;2025-07-11T05:19:04.123Z&quot;}

            </system-out>
        </testcase>
        <testcase classname="packages/server/src/__tests__/unit/services/userService.test.ts" name="UserService &gt; authenticateUser &gt; should authenticate user successfully" time="0.000362459">
            <system-out>
[32minfo[39m: User authenticated: test@example.com {&quot;timestamp&quot;:&quot;2025-07-11T05:19:04.124Z&quot;}

            </system-out>
        </testcase>
        <testcase classname="packages/server/src/__tests__/unit/services/userService.test.ts" name="UserService &gt; authenticateUser &gt; should return null if user not found" time="0.000257542">
        </testcase>
        <testcase classname="packages/server/src/__tests__/unit/services/userService.test.ts" name="UserService &gt; authenticateUser &gt; should return null if password is invalid" time="0.000064375">
        </testcase>
        <testcase classname="packages/server/src/__tests__/unit/services/userService.test.ts" name="UserService &gt; changePassword &gt; should change password successfully" time="0.001104708">
            <system-out>
[32minfo[39m: Password changed for user: test@example.com {&quot;timestamp&quot;:&quot;2025-07-11T05:19:04.124Z&quot;}

            </system-out>
        </testcase>
        <testcase classname="packages/server/src/__tests__/unit/services/userService.test.ts" name="UserService &gt; changePassword &gt; should throw error if user not found" time="0.000494917">
            <system-out>
[31merror[39m: Error changing password: User not found {&quot;stack&quot;:&quot;Error: User not found\n    at Function.changePassword (/Users/benh/GitHub/Recipe-Manager-SPA/packages/server/src/services/users/auth.ts:49:15)\n    at processTicksAndRejections (node:internal/process/task_queues:105:5)&quot;,&quot;timestamp&quot;:&quot;2025-07-11T05:19:04.126Z&quot;}

            </system-out>
        </testcase>
        <testcase classname="packages/server/src/__tests__/unit/services/userService.test.ts" name="UserService &gt; changePassword &gt; should throw error if current password is invalid" time="0.000444667">
            <system-out>
[31merror[39m: Error changing password: Current password is incorrect {&quot;stack&quot;:&quot;Error: Current password is incorrect\n    at Function.changePassword (/Users/benh/GitHub/Recipe-Manager-SPA/packages/server/src/services/users/auth.ts:59:15)\n    at processTicksAndRejections (node:internal/process/task_queues:105:5)\n    at /Users/benh/GitHub/Recipe-Manager-SPA/packages/server/src/__tests__/unit/services/userService.test.ts:466:7\n    at file:///Users/benh/GitHub/Recipe-Manager-SPA/node_modules/@vitest/runner/dist/chunk-hooks.js:752:20&quot;,&quot;timestamp&quot;:&quot;2025-07-11T05:19:04.126Z&quot;}

            </system-out>
        </testcase>
        <testcase classname="packages/server/src/__tests__/unit/services/userService.test.ts" name="UserService &gt; getAllUsers &gt; should return all users" time="0.003373583">
        </testcase>
        <testcase classname="packages/server/src/__tests__/unit/services/userService.test.ts" name="UserService &gt; getUserStats &gt; should return user statistics" time="0.004815125">
            <system-out>
[32minfo[39m: Retrieved stats for user user-id: 5 recipes {&quot;timestamp&quot;:&quot;2025-07-11T05:19:04.131Z&quot;}

            </system-out>
        </testcase>
    </testsuite>
    <testsuite name="packages/client/src/__tests__/components/features/recipes/RecipeForm.test.tsx" timestamp="2025-07-11T05:19:18.030Z" hostname="MacBookPro.attlocal.net" tests="17" failures="0" errors="0" skipped="0" time="0.974691042">
        <testcase classname="packages/client/src/__tests__/components/features/recipes/RecipeForm.test.tsx" name="RecipeForm Component &gt; Form Rendering &gt; should render form with all required fields" time="0.028267291">
            <system-err>
⚠️ React Router Future Flag Warning: React Router will begin wrapping state updates in `React.startTransition` in v7. You can use the `v7_startTransition` future flag to opt-in early. For more information, see https://reactrouter.com/v6/upgrading/future#v7_starttransition.
⚠️ React Router Future Flag Warning: Relative route resolution within Splat routes is changing in v7. You can use the `v7_relativeSplatPath` future flag to opt-in early. For more information, see https://reactrouter.com/v6/upgrading/future#v7_relativesplatpath.

            </system-err>
        </testcase>
        <testcase classname="packages/client/src/__tests__/components/features/recipes/RecipeForm.test.tsx" name="RecipeForm Component &gt; Form Rendering &gt; should render create mode by default" time="0.016000458">
        </testcase>
        <testcase classname="packages/client/src/__tests__/components/features/recipes/RecipeForm.test.tsx" name="RecipeForm Component &gt; Form Rendering &gt; should render back button" time="0.007281292">
        </testcase>
        <testcase classname="packages/client/src/__tests__/components/features/recipes/RecipeForm.test.tsx" name="RecipeForm Component &gt; Form Rendering &gt; should render cancel button" time="0.010659">
        </testcase>
        <testcase classname="packages/client/src/__tests__/components/features/recipes/RecipeForm.test.tsx" name="RecipeForm Component &gt; Form Interaction &gt; should update form fields when user types" time="0.075510584">
        </testcase>
        <testcase classname="packages/client/src/__tests__/components/features/recipes/RecipeForm.test.tsx" name="RecipeForm Component &gt; Form Interaction &gt; should update ingredients field" time="0.077431333">
        </testcase>
        <testcase classname="packages/client/src/__tests__/components/features/recipes/RecipeForm.test.tsx" name="RecipeForm Component &gt; Form Interaction &gt; should update instructions field" time="0.087126417">
        </testcase>
        <testcase classname="packages/client/src/__tests__/components/features/recipes/RecipeForm.test.tsx" name="RecipeForm Component &gt; Form Interaction &gt; should update numeric fields" time="0.047375042">
        </testcase>
        <testcase classname="packages/client/src/__tests__/components/features/recipes/RecipeForm.test.tsx" name="RecipeForm Component &gt; Form Submission &gt; should submit form with valid data" time="0.206381709">
        </testcase>
        <testcase classname="packages/client/src/__tests__/components/features/recipes/RecipeForm.test.tsx" name="RecipeForm Component &gt; Form Submission &gt; should show loading state during submission" time="0.138282708">
        </testcase>
        <testcase classname="packages/client/src/__tests__/components/features/recipes/RecipeForm.test.tsx" name="RecipeForm Component &gt; Form Submission &gt; should handle submission error" time="0.126338584">
        </testcase>
        <testcase classname="packages/client/src/__tests__/components/features/recipes/RecipeForm.test.tsx" name="RecipeForm Component &gt; Navigation &gt; should navigate back when back button is clicked" time="0.010508084">
        </testcase>
        <testcase classname="packages/client/src/__tests__/components/features/recipes/RecipeForm.test.tsx" name="RecipeForm Component &gt; Navigation &gt; should navigate to recipes list when cancel button is clicked" time="0.010508625">
        </testcase>
        <testcase classname="packages/client/src/__tests__/components/features/recipes/RecipeForm.test.tsx" name="RecipeForm Component &gt; Navigation &gt; should navigate to recipe detail after successful creation" time="0.112499708">
        </testcase>
        <testcase classname="packages/client/src/__tests__/components/features/recipes/RecipeForm.test.tsx" name="RecipeForm Component &gt; Image Upload &gt; should render image upload section" time="0.004170042">
        </testcase>
        <testcase classname="packages/client/src/__tests__/components/features/recipes/RecipeForm.test.tsx" name="RecipeForm Component &gt; Accessibility &gt; should have proper form elements" time="0.007561625">
        </testcase>
        <testcase classname="packages/client/src/__tests__/components/features/recipes/RecipeForm.test.tsx" name="RecipeForm Component &gt; Accessibility &gt; should have proper button roles" time="0.004475666">
        </testcase>
    </testsuite>
</testsuites>
